# JRE version: Java(TM) SE Runtime Environment (8.0_131-b11) (build 1.8.0_131-b11)
# Java VM: Java HotSpot(TM) 64-Bit Server VM (25.131-b11 mixed mode windows-amd64 compressed oops)
Heap:
 PSYoungGen      total 211968K, used 76454K [0x000000076b500000, 0x000000077a280000, 0x00000007c0000000)
  eden space 199168K, 38% used [0x000000076b500000,0x000000076ffa9a48,0x0000000777780000)
  from space 12800K, 0% used [0x0000000778380000,0x0000000778380000,0x0000000779000000)
  to   space 12288K, 0% used [0x0000000777780000,0x0000000777780000,0x0000000778380000)
 ParOldGen       total 129024K, used 15401K [0x00000006c1e00000, 0x00000006c9c00000, 0x000000076b500000)
  object space 129024K, 11% used [0x00000006c1e00000,0x00000006c2d0a668,0x00000006c9c00000)
 Metaspace       used 40273K, capacity 42766K, committed 42920K, reserved 1085440K
  class space    used 5550K, capacity 6016K, committed 6064K, reserved 1048576K
GC Heap History (10 events):
Event: 2.390 GC heap before
{Heap before GC invocations=4 (full 1):
 PSYoungGen      total 76288K, used 7584K [0x000000076b500000, 0x0000000774a00000, 0x00000007c0000000)
  eden space 65536K, 0% used [0x000000076b500000,0x000000076b500000,0x000000076f500000)
  from space 10752K, 70% used [0x000000076f500000,0x000000076fc68028,0x000000076ff80000)
  to   space 10752K, 0% used [0x0000000773f80000,0x0000000773f80000,0x0000000774a00000)
 ParOldGen       total 175104K, used 1246K [0x00000006c1e00000, 0x00000006cc900000, 0x000000076b500000)
  object space 175104K, 0% used [0x00000006c1e00000,0x00000006c1f379b0,0x00000006cc900000)
 Metaspace       used 20351K, capacity 21256K, committed 21296K, reserved 1067008K
  class space    used 2640K, capacity 2842K, committed 2864K, reserved 1048576K
Event: 2.417 GC heap after
Heap after GC invocations=4 (full 1):
 PSYoungGen      total 76288K, used 0K [0x000000076b500000, 0x0000000774a00000, 0x00000007c0000000)
  eden space 65536K, 0% used [0x000000076b500000,0x000000076b500000,0x000000076f500000)
  from space 10752K, 0% used [0x000000076f500000,0x000000076f500000,0x000000076ff80000)
  to   space 10752K, 0% used [0x0000000773f80000,0x0000000773f80000,0x0000000774a00000)
 ParOldGen       total 88064K, used 7406K [0x00000006c1e00000, 0x00000006c7400000, 0x000000076b500000)
  object space 88064K, 8% used [0x00000006c1e00000,0x00000006c253b990,0x00000006c7400000)
 Metaspace       used 20351K, capacity 21256K, committed 21296K, reserved 1067008K
  class space    used 2640K, capacity 2842K, committed 2864K, reserved 1048576K
}
Event: 3.146 GC heap before
{Heap before GC invocations=5 (full 1):
 PSYoungGen      total 76288K, used 65536K [0x000000076b500000, 0x0000000774a00000, 0x00000007c0000000)
  eden space 65536K, 100% used [0x000000076b500000,0x000000076f500000,0x000000076f500000)
  from space 10752K, 0% used [0x000000076f500000,0x000000076f500000,0x000000076ff80000)
  to   space 10752K, 0% used [0x0000000773f80000,0x0000000773f80000,0x0000000774a00000)
 ParOldGen       total 88064K, used 7406K [0x00000006c1e00000, 0x00000006c7400000, 0x000000076b500000)
  object space 88064K, 8% used [0x00000006c1e00000,0x00000006c253b990,0x00000006c7400000)
 Metaspace       used 24335K, capacity 25686K, committed 25904K, reserved 1071104K
  class space    used 3257K, capacity 3531K, committed 3632K, reserved 1048576K
Event: 3.151 GC heap after
Heap after GC invocations=5 (full 1):
 PSYoungGen      total 122880K, used 7099K [0x000000076b500000, 0x0000000774680000, 0x00000007c0000000)
  eden space 115712K, 0% used [0x000000076b500000,0x000000076b500000,0x0000000772600000)
  from space 7168K, 99% used [0x0000000773f80000,0x000000077466ec38,0x0000000774680000)
  to   space 10752K, 0% used [0x0000000773180000,0x0000000773180000,0x0000000773c00000)
 ParOldGen       total 88064K, used 7414K [0x00000006c1e00000, 0x00000006c7400000, 0x000000076b500000)
  object space 88064K, 8% used [0x00000006c1e00000,0x00000006c253d990,0x00000006c7400000)
 Metaspace       used 24335K, capacity 25686K, committed 25904K, reserved 1071104K
  class space    used 3257K, capacity 3531K, committed 3632K, reserved 1048576K
}
Event: 4.701 GC heap before
{Heap before GC invocations=6 (full 1):
 PSYoungGen      total 122880K, used 122811K [0x000000076b500000, 0x0000000774680000, 0x00000007c0000000)
  eden space 115712K, 100% used [0x000000076b500000,0x0000000772600000,0x0000000772600000)
  from space 7168K, 99% used [0x0000000773f80000,0x000000077466ec38,0x0000000774680000)
  to   space 10752K, 0% used [0x0000000773180000,0x0000000773180000,0x0000000773c00000)
 ParOldGen       total 88064K, used 7414K [0x00000006c1e00000, 0x00000006c7400000, 0x000000076b500000)
  object space 88064K, 8% used [0x00000006c1e00000,0x00000006c253d990,0x00000006c7400000)
 Metaspace       used 31556K, capacity 33540K, committed 33840K, reserved 1079296K
  class space    used 4189K, capacity 4550K, committed 4656K, reserved 1048576K
Event: 4.708 GC heap after
Heap after GC invocations=6 (full 1):
 PSYoungGen      total 138240K, used 10159K [0x000000076b500000, 0x0000000779000000, 0x00000007c0000000)
  eden space 127488K, 0% used [0x000000076b500000,0x000000076b500000,0x0000000773180000)
  from space 10752K, 94% used [0x0000000773180000,0x0000000773b6bd88,0x0000000773c00000)
  to   space 12800K, 0% used [0x0000000778380000,0x0000000778380000,0x0000000779000000)
 ParOldGen       total 88064K, used 7486K [0x00000006c1e00000, 0x00000006c7400000, 0x000000076b500000)
  object space 88064K, 8% used [0x00000006c1e00000,0x00000006c254f9a0,0x00000006c7400000)
 Metaspace       used 31556K, capacity 33540K, committed 33840K, reserved 1079296K
  class space    used 4189K, capacity 4550K, committed 4656K, reserved 1048576K
}
Event: 4.978 GC heap before
{Heap before GC invocations=7 (full 1):
 PSYoungGen      total 138240K, used 56813K [0x000000076b500000, 0x0000000779000000, 0x00000007c0000000)
  eden space 127488K, 36% used [0x000000076b500000,0x000000076e28f8f0,0x0000000773180000)
  from space 10752K, 94% used [0x0000000773180000,0x0000000773b6bd88,0x0000000773c00000)
  to   space 12800K, 0% used [0x0000000778380000,0x0000000778380000,0x0000000779000000)
 ParOldGen       total 88064K, used 7486K [0x00000006c1e00000, 0x00000006c7400000, 0x000000076b500000)
  object space 88064K, 8% used [0x00000006c1e00000,0x00000006c254f9a0,0x00000006c7400000)
 Metaspace       used 33261K, capacity 35446K, committed 35496K, reserved 1079296K
  class space    used 4397K, capacity 4775K, committed 4784K, reserved 1048576K
Event: 4.985 GC heap after
Heap after GC invocations=7 (full 1):
 PSYoungGen      total 211968K, used 9119K [0x000000076b500000, 0x000000077a280000, 0x00000007c0000000)
  eden space 199168K, 0% used [0x000000076b500000,0x000000076b500000,0x0000000777780000)
  from space 12800K, 71% used [0x0000000778380000,0x0000000778c67e68,0x0000000779000000)
  to   space 12288K, 0% used [0x0000000777780000,0x0000000777780000,0x0000000778380000)
 ParOldGen       total 88064K, used 7494K [0x00000006c1e00000, 0x00000006c7400000, 0x000000076b500000)
  object space 88064K, 8% used [0x00000006c1e00000,0x00000006c25519a0,0x00000006c7400000)
 Metaspace       used 33261K, capacity 35446K, committed 35496K, reserved 1079296K
  class space    used 4397K, capacity 4775K, committed 4784K, reserved 1048576K
}
Event: 4.985 GC heap before
{Heap before GC invocations=8 (full 2):
 PSYoungGen      total 211968K, used 9119K [0x000000076b500000, 0x000000077a280000, 0x00000007c0000000)
  eden space 199168K, 0% used [0x000000076b500000,0x000000076b500000,0x0000000777780000)
  from space 12800K, 71% used [0x0000000778380000,0x0000000778c67e68,0x0000000779000000)
  to   space 12288K, 0% used [0x0000000777780000,0x0000000777780000,0x0000000778380000)
 ParOldGen       total 88064K, used 7494K [0x00000006c1e00000, 0x00000006c7400000, 0x000000076b500000)
  object space 88064K, 8% used [0x00000006c1e00000,0x00000006c25519a0,0x00000006c7400000)
 Metaspace       used 33261K, capacity 35446K, committed 35496K, reserved 1079296K
  class space    used 4397K, capacity 4775K, committed 4784K, reserved 1048576K
Event: 5.054 GC heap after
Heap after GC invocations=8 (full 2):
 PSYoungGen      total 211968K, used 0K [0x000000076b500000, 0x000000077a280000, 0x00000007c0000000)
  eden space 199168K, 0% used [0x000000076b500000,0x000000076b500000,0x0000000777780000)
  from space 12800K, 0% used [0x0000000778380000,0x0000000778380000,0x0000000779000000)
  to   space 12288K, 0% used [0x0000000777780000,0x0000000777780000,0x0000000778380000)
 ParOldGen       total 129024K, used 15401K [0x00000006c1e00000, 0x00000006c9c00000, 0x000000076b500000)
  object space 129024K, 11% used [0x00000006c1e00000,0x00000006c2d0a668,0x00000006c9c00000)
 Metaspace       used 33261K, capacity 35446K, committed 35496K, reserved 1079296K
  class space    used 4397K, capacity 4775K, committed 4784K, reserved 1048576K
}

