# JRE version: Java(TM) SE Runtime Environment (8.0_131-b11) (build 1.8.0_131-b11)
# Java VM: Java HotSpot(TM) 64-Bit Server VM (25.131-b11 mixed mode windows-amd64 compressed oops)
Heap:
 PSYoungGen      total 343040K, used 92860K [0x000000076b500000, 0x0000000783800000, 0x00000007c0000000)
  eden space 329728K, 26% used [0x000000076b500000,0x0000000770a40298,0x000000077f700000)
  from space 13312K, 41% used [0x000000077f700000,0x000000077fc6f040,0x0000000780400000)
  to   space 12800K, 0% used [0x0000000782b80000,0x0000000782b80000,0x0000000783800000)
 ParOldGen       total 133120K, used 15435K [0x00000006c1e00000, 0x00000006ca000000, 0x000000076b500000)
  object space 133120K, 11% used [0x00000006c1e00000,0x00000006c2d12e40,0x00000006ca000000)
 Metaspace       used 40308K, capacity 42810K, committed 42920K, reserved 1085440K
  class space    used 5553K, capacity 6024K, committed 6064K, reserved 1048576K
GC Heap History (10 events):
Event: 14.606 GC heap before
{Heap before GC invocations=9 (full 2):
 PSYoungGen      total 216064K, used 203264K [0x000000076b500000, 0x000000077a500000, 0x00000007c0000000)
  eden space 203264K, 100% used [0x000000076b500000,0x0000000777b80000,0x0000000777b80000)
  from space 12800K, 0% used [0x0000000778780000,0x0000000778780000,0x0000000779400000)
  to   space 12288K, 0% used [0x0000000777b80000,0x0000000777b80000,0x0000000778780000)
 ParOldGen       total 133120K, used 15395K [0x00000006c1e00000, 0x00000006ca000000, 0x000000076b500000)
  object space 133120K, 11% used [0x00000006c1e00000,0x00000006c2d08e40,0x00000006ca000000)
 Metaspace       used 40268K, capacity 42762K, committed 42920K, reserved 1085440K
  class space    used 5548K, capacity 6016K, committed 6064K, reserved 1048576K
Event: 14.616 GC heap after
Heap after GC invocations=9 (full 2):
 PSYoungGen      total 215552K, used 8283K [0x000000076b500000, 0x000000077ec00000, 0x00000007c0000000)
  eden space 203264K, 0% used [0x000000076b500000,0x000000076b500000,0x0000000777b80000)
  from space 12288K, 67% used [0x0000000777b80000,0x0000000778396d80,0x0000000778780000)
  to   space 12288K, 0% used [0x000000077e000000,0x000000077e000000,0x000000077ec00000)
 ParOldGen       total 133120K, used 15403K [0x00000006c1e00000, 0x00000006ca000000, 0x000000076b500000)
  object space 133120K, 11% used [0x00000006c1e00000,0x00000006c2d0ae40,0x00000006ca000000)
 Metaspace       used 40268K, capacity 42762K, committed 42920K, reserved 1085440K
  class space    used 5548K, capacity 6016K, committed 6064K, reserved 1048576K
}
Event: 32.699 GC heap before
{Heap before GC invocations=10 (full 2):
 PSYoungGen      total 215552K, used 211547K [0x000000076b500000, 0x000000077ec00000, 0x00000007c0000000)
  eden space 203264K, 100% used [0x000000076b500000,0x0000000777b80000,0x0000000777b80000)
  from space 12288K, 67% used [0x0000000777b80000,0x0000000778396d80,0x0000000778780000)
  to   space 12288K, 0% used [0x000000077e000000,0x000000077e000000,0x000000077ec00000)
 ParOldGen       total 133120K, used 15403K [0x00000006c1e00000, 0x00000006ca000000, 0x000000076b500000)
  object space 133120K, 11% used [0x00000006c1e00000,0x00000006c2d0ae40,0x00000006ca000000)
 Metaspace       used 40272K, capacity 42762K, committed 42920K, reserved 1085440K
  class space    used 5549K, capacity 6016K, committed 6064K, reserved 1048576K
Event: 32.704 GC heap after
Heap after GC invocations=10 (full 2):
 PSYoungGen      total 284672K, used 4390K [0x000000076b500000, 0x000000077e480000, 0x00000007c0000000)
  eden space 280064K, 0% used [0x000000076b500000,0x000000076b500000,0x000000077c680000)
  from space 4608K, 95% used [0x000000077e000000,0x000000077e449980,0x000000077e480000)
  to   space 12800K, 0% used [0x000000077cb80000,0x000000077cb80000,0x000000077d800000)
 ParOldGen       total 133120K, used 15411K [0x00000006c1e00000, 0x00000006ca000000, 0x000000076b500000)
  object space 133120K, 11% used [0x00000006c1e00000,0x00000006c2d0ce40,0x00000006ca000000)
 Metaspace       used 40272K, capacity 42762K, committed 42920K, reserved 1085440K
  class space    used 5549K, capacity 6016K, committed 6064K, reserved 1048576K
}
Event: 41.480 GC heap before
{Heap before GC invocations=11 (full 2):
 PSYoungGen      total 284672K, used 284454K [0x000000076b500000, 0x000000077e480000, 0x00000007c0000000)
  eden space 280064K, 100% used [0x000000076b500000,0x000000077c680000,0x000000077c680000)
  from space 4608K, 95% used [0x000000077e000000,0x000000077e449980,0x000000077e480000)
  to   space 12800K, 0% used [0x000000077cb80000,0x000000077cb80000,0x000000077d800000)
 ParOldGen       total 133120K, used 15411K [0x00000006c1e00000, 0x00000006ca000000, 0x000000076b500000)
  object space 133120K, 11% used [0x00000006c1e00000,0x00000006c2d0ce40,0x00000006ca000000)
 Metaspace       used 40289K, capacity 42774K, committed 42920K, reserved 1085440K
  class space    used 5550K, capacity 6018K, committed 6064K, reserved 1048576K
Event: 41.488 GC heap after
Heap after GC invocations=11 (full 2):
 PSYoungGen      total 297984K, used 4520K [0x000000076b500000, 0x0000000781380000, 0x00000007c0000000)
  eden space 285184K, 0% used [0x000000076b500000,0x000000076b500000,0x000000077cb80000)
  from space 12800K, 35% used [0x000000077cb80000,0x000000077cfea130,0x000000077d800000)
  to   space 12800K, 0% used [0x0000000780700000,0x0000000780700000,0x0000000781380000)
 ParOldGen       total 133120K, used 15419K [0x00000006c1e00000, 0x00000006ca000000, 0x000000076b500000)
  object space 133120K, 11% used [0x00000006c1e00000,0x00000006c2d0ee40,0x00000006ca000000)
 Metaspace       used 40289K, capacity 42774K, committed 42920K, reserved 1085440K
  class space    used 5550K, capacity 6018K, committed 6064K, reserved 1048576K
}
Event: 57.425 GC heap before
{Heap before GC invocations=12 (full 2):
 PSYoungGen      total 297984K, used 289704K [0x000000076b500000, 0x0000000781380000, 0x00000007c0000000)
  eden space 285184K, 100% used [0x000000076b500000,0x000000077cb80000,0x000000077cb80000)
  from space 12800K, 35% used [0x000000077cb80000,0x000000077cfea130,0x000000077d800000)
  to   space 12800K, 0% used [0x0000000780700000,0x0000000780700000,0x0000000781380000)
 ParOldGen       total 133120K, used 15419K [0x00000006c1e00000, 0x00000006ca000000, 0x000000076b500000)
  object space 133120K, 11% used [0x00000006c1e00000,0x00000006c2d0ee40,0x00000006ca000000)
 Metaspace       used 40295K, capacity 42786K, committed 42920K, reserved 1085440K
  class space    used 5551K, capacity 6020K, committed 6064K, reserved 1048576K
Event: 57.429 GC heap after
Heap after GC invocations=12 (full 2):
 PSYoungGen      total 339968K, used 4529K [0x000000076b500000, 0x0000000781100000, 0x00000007c0000000)
  eden space 329728K, 0% used [0x000000076b500000,0x000000076b500000,0x000000077f700000)
  from space 10240K, 44% used [0x0000000780700000,0x0000000780b6c420,0x0000000781100000)
  to   space 13312K, 0% used [0x000000077f700000,0x000000077f700000,0x0000000780400000)
 ParOldGen       total 133120K, used 15427K [0x00000006c1e00000, 0x00000006ca000000, 0x000000076b500000)
  object space 133120K, 11% used [0x00000006c1e00000,0x00000006c2d10e40,0x00000006ca000000)
 Metaspace       used 40295K, capacity 42786K, committed 42920K, reserved 1085440K
  class space    used 5551K, capacity 6020K, committed 6064K, reserved 1048576K
}
Event: 97.160 GC heap before
{Heap before GC invocations=13 (full 2):
 PSYoungGen      total 339968K, used 334257K [0x000000076b500000, 0x0000000781100000, 0x00000007c0000000)
  eden space 329728K, 100% used [0x000000076b500000,0x000000077f700000,0x000000077f700000)
  from space 10240K, 44% used [0x0000000780700000,0x0000000780b6c420,0x0000000781100000)
  to   space 13312K, 0% used [0x000000077f700000,0x000000077f700000,0x0000000780400000)
 ParOldGen       total 133120K, used 15427K [0x00000006c1e00000, 0x00000006ca000000, 0x000000076b500000)
  object space 133120K, 11% used [0x00000006c1e00000,0x00000006c2d10e40,0x00000006ca000000)
 Metaspace       used 40301K, capacity 42798K, committed 42920K, reserved 1085440K
  class space    used 5552K, capacity 6022K, committed 6064K, reserved 1048576K
Event: 97.164 GC heap after
Heap after GC invocations=13 (full 2):
 PSYoungGen      total 343040K, used 5564K [0x000000076b500000, 0x0000000783800000, 0x00000007c0000000)
  eden space 329728K, 0% used [0x000000076b500000,0x000000076b500000,0x000000077f700000)
  from space 13312K, 41% used [0x000000077f700000,0x000000077fc6f040,0x0000000780400000)
  to   space 12800K, 0% used [0x0000000782b80000,0x0000000782b80000,0x0000000783800000)
 ParOldGen       total 133120K, used 15435K [0x00000006c1e00000, 0x00000006ca000000, 0x000000076b500000)
  object space 133120K, 11% used [0x00000006c1e00000,0x00000006c2d12e40,0x00000006ca000000)
 Metaspace       used 40301K, capacity 42798K, committed 42920K, reserved 1085440K
  class space    used 5552K, capacity 6022K, committed 6064K, reserved 1048576K
}

