# JRE version: Java(TM) SE Runtime Environment (8.0_131-b11) (build 1.8.0_131-b11)
# Java VM: Java HotSpot(TM) 64-Bit Server VM (25.131-b11 mixed mode windows-amd64 compressed oops)
Heap:
 PSYoungGen      total 250368K, used 88074K [0x000000076b500000, 0x000000077b600000, 0x00000007c0000000)
  eden space 237056K, 37% used [0x000000076b500000,0x0000000770b029d0,0x0000000779c80000)
  from space 13312K, 0% used [0x000000077a900000,0x000000077a900000,0x000000077b600000)
  to   space 12800K, 0% used [0x0000000779c80000,0x0000000779c80000,0x000000077a900000)
 ParOldGen       total 103936K, used 15264K [0x00000006c1e00000, 0x00000006c8380000, 0x000000076b500000)
  object space 103936K, 14% used [0x00000006c1e00000,0x00000006c2ce8308,0x00000006c8380000)
 Metaspace       used 40408K, capacity 42942K, committed 43176K, reserved 1087488K
  class space    used 5571K, capacity 6038K, committed 6064K, reserved 1048576K
GC Heap History (10 events):
Event: 2.283 GC heap before
{Heap before GC invocations=4 (full 1):
 PSYoungGen      total 76288K, used 7357K [0x000000076b500000, 0x0000000774a00000, 0x00000007c0000000)
  eden space 65536K, 0% used [0x000000076b500000,0x000000076b500000,0x000000076f500000)
  from space 10752K, 68% used [0x000000076f500000,0x000000076fc2f6f8,0x000000076ff80000)
  to   space 10752K, 0% used [0x0000000773f80000,0x0000000773f80000,0x0000000774a00000)
 ParOldGen       total 175104K, used 1050K [0x00000006c1e00000, 0x00000006cc900000, 0x000000076b500000)
  object space 175104K, 0% used [0x00000006c1e00000,0x00000006c1f06a38,0x00000006cc900000)
 Metaspace       used 20354K, capacity 21248K, committed 21296K, reserved 1067008K
  class space    used 2634K, capacity 2842K, committed 2864K, reserved 1048576K
Event: 2.311 GC heap after
Heap after GC invocations=4 (full 1):
 PSYoungGen      total 76288K, used 0K [0x000000076b500000, 0x0000000774a00000, 0x00000007c0000000)
  eden space 65536K, 0% used [0x000000076b500000,0x000000076b500000,0x000000076f500000)
  from space 10752K, 0% used [0x000000076f500000,0x000000076f500000,0x000000076ff80000)
  to   space 10752K, 0% used [0x0000000773f80000,0x0000000773f80000,0x0000000774a00000)
 ParOldGen       total 79360K, used 7236K [0x00000006c1e00000, 0x00000006c6b80000, 0x000000076b500000)
  object space 79360K, 9% used [0x00000006c1e00000,0x00000006c25113e0,0x00000006c6b80000)
 Metaspace       used 20354K, capacity 21248K, committed 21296K, reserved 1067008K
  class space    used 2634K, capacity 2842K, committed 2864K, reserved 1048576K
}
Event: 3.098 GC heap before
{Heap before GC invocations=5 (full 1):
 PSYoungGen      total 76288K, used 65536K [0x000000076b500000, 0x0000000774a00000, 0x00000007c0000000)
  eden space 65536K, 100% used [0x000000076b500000,0x000000076f500000,0x000000076f500000)
  from space 10752K, 0% used [0x000000076f500000,0x000000076f500000,0x000000076ff80000)
  to   space 10752K, 0% used [0x0000000773f80000,0x0000000773f80000,0x0000000774a00000)
 ParOldGen       total 79360K, used 7236K [0x00000006c1e00000, 0x00000006c6b80000, 0x000000076b500000)
  object space 79360K, 9% used [0x00000006c1e00000,0x00000006c25113e0,0x00000006c6b80000)
 Metaspace       used 24339K, capacity 25682K, committed 25904K, reserved 1071104K
  class space    used 3248K, capacity 3531K, committed 3632K, reserved 1048576K
Event: 3.104 GC heap after
Heap after GC invocations=5 (full 1):
 PSYoungGen      total 132608K, used 7018K [0x000000076b500000, 0x0000000774680000, 0x00000007c0000000)
  eden space 125440K, 0% used [0x000000076b500000,0x000000076b500000,0x0000000772f80000)
  from space 7168K, 97% used [0x0000000773f80000,0x000000077465ab48,0x0000000774680000)
  to   space 10752K, 0% used [0x0000000773180000,0x0000000773180000,0x0000000773c00000)
 ParOldGen       total 79360K, used 7244K [0x00000006c1e00000, 0x00000006c6b80000, 0x000000076b500000)
  object space 79360K, 9% used [0x00000006c1e00000,0x00000006c25133e0,0x00000006c6b80000)
 Metaspace       used 24339K, capacity 25682K, committed 25904K, reserved 1071104K
  class space    used 3248K, capacity 3531K, committed 3632K, reserved 1048576K
}
Event: 4.600 GC heap before
{Heap before GC invocations=6 (full 1):
 PSYoungGen      total 132608K, used 132458K [0x000000076b500000, 0x0000000774680000, 0x00000007c0000000)
  eden space 125440K, 100% used [0x000000076b500000,0x0000000772f80000,0x0000000772f80000)
  from space 7168K, 97% used [0x0000000773f80000,0x000000077465ab48,0x0000000774680000)
  to   space 10752K, 0% used [0x0000000773180000,0x0000000773180000,0x0000000773c00000)
 ParOldGen       total 79360K, used 7244K [0x00000006c1e00000, 0x00000006c6b80000, 0x000000076b500000)
  object space 79360K, 9% used [0x00000006c1e00000,0x00000006c25133e0,0x00000006c6b80000)
 Metaspace       used 31775K, capacity 33802K, committed 34096K, reserved 1079296K
  class space    used 4207K, capacity 4589K, committed 4656K, reserved 1048576K
Event: 4.608 GC heap after
Heap after GC invocations=6 (full 1):
 PSYoungGen      total 138240K, used 10690K [0x000000076b500000, 0x000000077b600000, 0x00000007c0000000)
  eden space 127488K, 0% used [0x000000076b500000,0x000000076b500000,0x0000000773180000)
  from space 10752K, 99% used [0x0000000773180000,0x0000000773bf0b18,0x0000000773c00000)
  to   space 13312K, 0% used [0x000000077a900000,0x000000077a900000,0x000000077b600000)
 ParOldGen       total 79360K, used 7316K [0x00000006c1e00000, 0x00000006c6b80000, 0x000000076b500000)
  object space 79360K, 9% used [0x00000006c1e00000,0x00000006c25253f0,0x00000006c6b80000)
 Metaspace       used 31775K, capacity 33802K, committed 34096K, reserved 1079296K
  class space    used 4207K, capacity 4589K, committed 4656K, reserved 1048576K
}
Event: 4.816 GC heap before
{Heap before GC invocations=7 (full 1):
 PSYoungGen      total 138240K, used 47972K [0x000000076b500000, 0x000000077b600000, 0x00000007c0000000)
  eden space 127488K, 29% used [0x000000076b500000,0x000000076d9686a8,0x0000000773180000)
  from space 10752K, 99% used [0x0000000773180000,0x0000000773bf0b18,0x0000000773c00000)
  to   space 13312K, 0% used [0x000000077a900000,0x000000077a900000,0x000000077b600000)
 ParOldGen       total 79360K, used 7316K [0x00000006c1e00000, 0x00000006c6b80000, 0x000000076b500000)
  object space 79360K, 9% used [0x00000006c1e00000,0x00000006c25253f0,0x00000006c6b80000)
 Metaspace       used 33272K, capacity 35442K, committed 35496K, reserved 1079296K
  class space    used 4389K, capacity 4775K, committed 4784K, reserved 1048576K
Event: 4.822 GC heap after
Heap after GC invocations=7 (full 1):
 PSYoungGen      total 250368K, used 9125K [0x000000076b500000, 0x000000077b600000, 0x00000007c0000000)
  eden space 237056K, 0% used [0x000000076b500000,0x000000076b500000,0x0000000779c80000)
  from space 13312K, 68% used [0x000000077a900000,0x000000077b1e9558,0x000000077b600000)
  to   space 12800K, 0% used [0x0000000779c80000,0x0000000779c80000,0x000000077a900000)
 ParOldGen       total 79360K, used 7324K [0x00000006c1e00000, 0x00000006c6b80000, 0x000000076b500000)
  object space 79360K, 9% used [0x00000006c1e00000,0x00000006c25273f0,0x00000006c6b80000)
 Metaspace       used 33272K, capacity 35442K, committed 35496K, reserved 1079296K
  class space    used 4389K, capacity 4775K, committed 4784K, reserved 1048576K
}
Event: 4.822 GC heap before
{Heap before GC invocations=8 (full 2):
 PSYoungGen      total 250368K, used 9125K [0x000000076b500000, 0x000000077b600000, 0x00000007c0000000)
  eden space 237056K, 0% used [0x000000076b500000,0x000000076b500000,0x0000000779c80000)
  from space 13312K, 68% used [0x000000077a900000,0x000000077b1e9558,0x000000077b600000)
  to   space 12800K, 0% used [0x0000000779c80000,0x0000000779c80000,0x000000077a900000)
 ParOldGen       total 79360K, used 7324K [0x00000006c1e00000, 0x00000006c6b80000, 0x000000076b500000)
  object space 79360K, 9% used [0x00000006c1e00000,0x00000006c25273f0,0x00000006c6b80000)
 Metaspace       used 33272K, capacity 35442K, committed 35496K, reserved 1079296K
  class space    used 4389K, capacity 4775K, committed 4784K, reserved 1048576K
Event: 4.909 GC heap after
Heap after GC invocations=8 (full 2):
 PSYoungGen      total 250368K, used 0K [0x000000076b500000, 0x000000077b600000, 0x00000007c0000000)
  eden space 237056K, 0% used [0x000000076b500000,0x000000076b500000,0x0000000779c80000)
  from space 13312K, 0% used [0x000000077a900000,0x000000077a900000,0x000000077b600000)
  to   space 12800K, 0% used [0x0000000779c80000,0x0000000779c80000,0x000000077a900000)
 ParOldGen       total 103936K, used 15264K [0x00000006c1e00000, 0x00000006c8380000, 0x000000076b500000)
  object space 103936K, 14% used [0x00000006c1e00000,0x00000006c2ce8308,0x00000006c8380000)
 Metaspace       used 33272K, capacity 35442K, committed 35496K, reserved 1079296K
  class space    used 4389K, capacity 4775K, committed 4784K, reserved 1048576K
}

