# JRE version: Java(TM) SE Runtime Environment (8.0_131-b11) (build 1.8.0_131-b11)
# Java VM: Java HotSpot(TM) 64-Bit Server VM (25.131-b11 mixed mode windows-amd64 compressed oops)
Heap:
 PSYoungGen      total 211968K, used 75632K [0x000000076b500000, 0x000000077ec00000, 0x00000007c0000000)
  eden space 199680K, 33% used [0x000000076b500000,0x000000076f58ac78,0x0000000777800000)
  from space 12288K, 77% used [0x0000000777800000,0x0000000778151598,0x0000000778400000)
  to   space 12288K, 0% used [0x000000077e000000,0x000000077e000000,0x000000077ec00000)
 ParOldGen       total 132608K, used 15317K [0x00000006c1e00000, 0x00000006c9f80000, 0x000000076b500000)
  object space 132608K, 11% used [0x00000006c1e00000,0x00000006c2cf5430,0x00000006c9f80000)
 Metaspace       used 40307K, capacity 42854K, committed 42920K, reserved 1085440K
  class space    used 5556K, capacity 6020K, committed 6064K, reserved 1048576K
GC Heap History (10 events):
Event: 3.028 GC heap before
{Heap before GC invocations=5 (full 1):
 PSYoungGen      total 76288K, used 65536K [0x000000076b500000, 0x0000000774a00000, 0x00000007c0000000)
  eden space 65536K, 100% used [0x000000076b500000,0x000000076f500000,0x000000076f500000)
  from space 10752K, 0% used [0x000000076f500000,0x000000076f500000,0x000000076ff80000)
  to   space 10752K, 0% used [0x0000000773f80000,0x0000000773f80000,0x0000000774a00000)
 ParOldGen       total 88064K, used 7402K [0x00000006c1e00000, 0x00000006c7400000, 0x000000076b500000)
  object space 88064K, 8% used [0x00000006c1e00000,0x00000006c253a880,0x00000006c7400000)
 Metaspace       used 24305K, capacity 25618K, committed 25904K, reserved 1071104K
  class space    used 3255K, capacity 3531K, committed 3632K, reserved 1048576K
Event: 3.034 GC heap after
Heap after GC invocations=5 (full 1):
 PSYoungGen      total 122880K, used 7035K [0x000000076b500000, 0x0000000774680000, 0x00000007c0000000)
  eden space 115712K, 0% used [0x000000076b500000,0x000000076b500000,0x0000000772600000)
  from space 7168K, 98% used [0x0000000773f80000,0x000000077465ed28,0x0000000774680000)
  to   space 10752K, 0% used [0x0000000773180000,0x0000000773180000,0x0000000773c00000)
 ParOldGen       total 88064K, used 7410K [0x00000006c1e00000, 0x00000006c7400000, 0x000000076b500000)
  object space 88064K, 8% used [0x00000006c1e00000,0x00000006c253c880,0x00000006c7400000)
 Metaspace       used 24305K, capacity 25618K, committed 25904K, reserved 1071104K
  class space    used 3255K, capacity 3531K, committed 3632K, reserved 1048576K
}
Event: 4.390 GC heap before
{Heap before GC invocations=6 (full 1):
 PSYoungGen      total 122880K, used 122747K [0x000000076b500000, 0x0000000774680000, 0x00000007c0000000)
  eden space 115712K, 100% used [0x000000076b500000,0x0000000772600000,0x0000000772600000)
  from space 7168K, 98% used [0x0000000773f80000,0x000000077465ed28,0x0000000774680000)
  to   space 10752K, 0% used [0x0000000773180000,0x0000000773180000,0x0000000773c00000)
 ParOldGen       total 88064K, used 7410K [0x00000006c1e00000, 0x00000006c7400000, 0x000000076b500000)
  object space 88064K, 8% used [0x00000006c1e00000,0x00000006c253c880,0x00000006c7400000)
 Metaspace       used 31384K, capacity 33344K, committed 33584K, reserved 1079296K
  class space    used 4180K, capacity 4550K, committed 4656K, reserved 1048576K
Event: 4.398 GC heap after
Heap after GC invocations=6 (full 1):
 PSYoungGen      total 138240K, used 10086K [0x000000076b500000, 0x0000000779080000, 0x00000007c0000000)
  eden space 127488K, 0% used [0x000000076b500000,0x000000076b500000,0x0000000773180000)
  from space 10752K, 93% used [0x0000000773180000,0x0000000773b59918,0x0000000773c00000)
  to   space 12800K, 0% used [0x0000000778400000,0x0000000778400000,0x0000000779080000)
 ParOldGen       total 88064K, used 7482K [0x00000006c1e00000, 0x00000006c7400000, 0x000000076b500000)
  object space 88064K, 8% used [0x00000006c1e00000,0x00000006c254e890,0x00000006c7400000)
 Metaspace       used 31384K, capacity 33344K, committed 33584K, reserved 1079296K
  class space    used 4180K, capacity 4550K, committed 4656K, reserved 1048576K
}
Event: 4.636 GC heap before
{Heap before GC invocations=7 (full 1):
 PSYoungGen      total 138240K, used 54565K [0x000000076b500000, 0x0000000779080000, 0x00000007c0000000)
  eden space 127488K, 34% used [0x000000076b500000,0x000000076e06fd08,0x0000000773180000)
  from space 10752K, 93% used [0x0000000773180000,0x0000000773b59918,0x0000000773c00000)
  to   space 12800K, 0% used [0x0000000778400000,0x0000000778400000,0x0000000779080000)
 ParOldGen       total 88064K, used 7482K [0x00000006c1e00000, 0x00000006c7400000, 0x000000076b500000)
  object space 88064K, 8% used [0x00000006c1e00000,0x00000006c254e890,0x00000006c7400000)
 Metaspace       used 33077K, capacity 35244K, committed 35496K, reserved 1079296K
  class space    used 4388K, capacity 4774K, committed 4784K, reserved 1048576K
Event: 4.642 GC heap after
Heap after GC invocations=7 (full 1):
 PSYoungGen      total 212480K, used 9122K [0x000000076b500000, 0x000000077a300000, 0x00000007c0000000)
  eden space 199680K, 0% used [0x000000076b500000,0x000000076b500000,0x0000000777800000)
  from space 12800K, 71% used [0x0000000778400000,0x0000000778ce89f8,0x0000000779080000)
  to   space 12288K, 0% used [0x0000000777800000,0x0000000777800000,0x0000000778400000)
 ParOldGen       total 88064K, used 7490K [0x00000006c1e00000, 0x00000006c7400000, 0x000000076b500000)
  object space 88064K, 8% used [0x00000006c1e00000,0x00000006c2550890,0x00000006c7400000)
 Metaspace       used 33077K, capacity 35244K, committed 35496K, reserved 1079296K
  class space    used 4388K, capacity 4774K, committed 4784K, reserved 1048576K
}
Event: 4.642 GC heap before
{Heap before GC invocations=8 (full 2):
 PSYoungGen      total 212480K, used 9122K [0x000000076b500000, 0x000000077a300000, 0x00000007c0000000)
  eden space 199680K, 0% used [0x000000076b500000,0x000000076b500000,0x0000000777800000)
  from space 12800K, 71% used [0x0000000778400000,0x0000000778ce89f8,0x0000000779080000)
  to   space 12288K, 0% used [0x0000000777800000,0x0000000777800000,0x0000000778400000)
 ParOldGen       total 88064K, used 7490K [0x00000006c1e00000, 0x00000006c7400000, 0x000000076b500000)
  object space 88064K, 8% used [0x00000006c1e00000,0x00000006c2550890,0x00000006c7400000)
 Metaspace       used 33077K, capacity 35244K, committed 35496K, reserved 1079296K
  class space    used 4388K, capacity 4774K, committed 4784K, reserved 1048576K
Event: 4.726 GC heap after
Heap after GC invocations=8 (full 2):
 PSYoungGen      total 212480K, used 0K [0x000000076b500000, 0x000000077a300000, 0x00000007c0000000)
  eden space 199680K, 0% used [0x000000076b500000,0x000000076b500000,0x0000000777800000)
  from space 12800K, 0% used [0x0000000778400000,0x0000000778400000,0x0000000779080000)
  to   space 12288K, 0% used [0x0000000777800000,0x0000000777800000,0x0000000778400000)
 ParOldGen       total 132608K, used 15309K [0x00000006c1e00000, 0x00000006c9f80000, 0x000000076b500000)
  object space 132608K, 11% used [0x00000006c1e00000,0x00000006c2cf3430,0x00000006c9f80000)
 Metaspace       used 33077K, capacity 35244K, committed 35496K, reserved 1079296K
  class space    used 4388K, capacity 4774K, committed 4784K, reserved 1048576K
}
Event: 11.100 GC heap before
{Heap before GC invocations=9 (full 2):
 PSYoungGen      total 212480K, used 199680K [0x000000076b500000, 0x000000077a300000, 0x00000007c0000000)
  eden space 199680K, 100% used [0x000000076b500000,0x0000000777800000,0x0000000777800000)
  from space 12800K, 0% used [0x0000000778400000,0x0000000778400000,0x0000000779080000)
  to   space 12288K, 0% used [0x0000000777800000,0x0000000777800000,0x0000000778400000)
 ParOldGen       total 132608K, used 15309K [0x00000006c1e00000, 0x00000006c9f80000, 0x000000076b500000)
  object space 132608K, 11% used [0x00000006c1e00000,0x00000006c2cf3430,0x00000006c9f80000)
 Metaspace       used 40306K, capacity 42854K, committed 42920K, reserved 1085440K
  class space    used 5556K, capacity 6020K, committed 6064K, reserved 1048576K
Event: 11.108 GC heap after
Heap after GC invocations=9 (full 2):
 PSYoungGen      total 211968K, used 9541K [0x000000076b500000, 0x000000077ec00000, 0x00000007c0000000)
  eden space 199680K, 0% used [0x000000076b500000,0x000000076b500000,0x0000000777800000)
  from space 12288K, 77% used [0x0000000777800000,0x0000000778151598,0x0000000778400000)
  to   space 12288K, 0% used [0x000000077e000000,0x000000077e000000,0x000000077ec00000)
 ParOldGen       total 132608K, used 15317K [0x00000006c1e00000, 0x00000006c9f80000, 0x000000076b500000)
  object space 132608K, 11% used [0x00000006c1e00000,0x00000006c2cf5430,0x00000006c9f80000)
 Metaspace       used 40306K, capacity 42854K, committed 42920K, reserved 1085440K
  class space    used 5556K, capacity 6020K, committed 6064K, reserved 1048576K
}

