# JRE version: Java(TM) SE Runtime Environment (8.0_131-b11) (build 1.8.0_131-b11)
# Java VM: Java HotSpot(TM) 64-Bit Server VM (25.131-b11 mixed mode windows-amd64 compressed oops)
Heap:
 PSYoungGen      total 102400K, used 64495K [0x000000076b500000, 0x0000000774f80000, 0x00000007c0000000)
  eden space 91648K, 70% used [0x000000076b500000,0x000000076f3fbf58,0x0000000770e80000)
  from space 10752K, 0% used [0x0000000770e80000,0x0000000770e80000,0x0000000771900000)
  to   space 12288K, 0% used [0x0000000774380000,0x0000000774380000,0x0000000774f80000)
 ParOldGen       total 186880K, used 16177K [0x00000006c1e00000, 0x00000006cd480000, 0x000000076b500000)
  object space 186880K, 8% used [0x00000006c1e00000,0x00000006c2dcc580,0x00000006cd480000)
 Metaspace       used 39601K, capacity 42026K, committed 42112K, reserved 1085440K
  class space    used 5533K, capacity 5988K, committed 6016K, reserved 1048576K
GC Heap History (10 events):
Event: 2.103 GC heap before
{Heap before GC invocations=3 (full 1):
 PSYoungGen      total 76288K, used 10730K [0x000000076b500000, 0x0000000774a00000, 0x00000007c0000000)
  eden space 65536K, 0% used [0x000000076b500000,0x000000076b500000,0x000000076f500000)
  from space 10752K, 99% used [0x000000076ff80000,0x00000007709fa860,0x0000000770a00000)
  to   space 10752K, 0% used [0x000000076f500000,0x000000076f500000,0x000000076ff80000)
 ParOldGen       total 175104K, used 901K [0x00000006c1e00000, 0x00000006cc900000, 0x000000076b500000)
  object space 175104K, 0% used [0x00000006c1e00000,0x00000006c1ee16c8,0x00000006cc900000)
 Metaspace       used 20187K, capacity 21204K, committed 21296K, reserved 1067008K
  class space    used 2681K, capacity 2908K, committed 2944K, reserved 1048576K
Event: 2.129 GC heap after
Heap after GC invocations=3 (full 1):
 PSYoungGen      total 76288K, used 0K [0x000000076b500000, 0x0000000774a00000, 0x00000007c0000000)
  eden space 65536K, 0% used [0x000000076b500000,0x000000076b500000,0x000000076f500000)
  from space 10752K, 0% used [0x000000076ff80000,0x000000076ff80000,0x0000000770a00000)
  to   space 10752K, 0% used [0x000000076f500000,0x000000076f500000,0x000000076ff80000)
 ParOldGen       total 113664K, used 11261K [0x00000006c1e00000, 0x00000006c8d00000, 0x000000076b500000)
  object space 113664K, 9% used [0x00000006c1e00000,0x00000006c28ff660,0x00000006c8d00000)
 Metaspace       used 20187K, capacity 21204K, committed 21296K, reserved 1067008K
  class space    used 2681K, capacity 2908K, committed 2944K, reserved 1048576K
}
Event: 2.760 GC heap before
{Heap before GC invocations=4 (full 1):
 PSYoungGen      total 76288K, used 65536K [0x000000076b500000, 0x0000000774a00000, 0x00000007c0000000)
  eden space 65536K, 100% used [0x000000076b500000,0x000000076f500000,0x000000076f500000)
  from space 10752K, 0% used [0x000000076ff80000,0x000000076ff80000,0x0000000770a00000)
  to   space 10752K, 0% used [0x000000076f500000,0x000000076f500000,0x000000076ff80000)
 ParOldGen       total 113664K, used 11261K [0x00000006c1e00000, 0x00000006c8d00000, 0x000000076b500000)
  object space 113664K, 9% used [0x00000006c1e00000,0x00000006c28ff660,0x00000006c8d00000)
 Metaspace       used 24311K, capacity 26002K, committed 26240K, reserved 1071104K
  class space    used 3343K, capacity 3641K, committed 3712K, reserved 1048576K
Event: 2.764 GC heap after
Heap after GC invocations=4 (full 1):
 PSYoungGen      total 76288K, used 7032K [0x000000076b500000, 0x0000000772500000, 0x00000007c0000000)
  eden space 65536K, 0% used [0x000000076b500000,0x000000076b500000,0x000000076f500000)
  from space 10752K, 65% used [0x000000076f500000,0x000000076fbde278,0x000000076ff80000)
  to   space 10752K, 0% used [0x0000000771a80000,0x0000000771a80000,0x0000000772500000)
 ParOldGen       total 113664K, used 11269K [0x00000006c1e00000, 0x00000006c8d00000, 0x000000076b500000)
  object space 113664K, 9% used [0x00000006c1e00000,0x00000006c2901660,0x00000006c8d00000)
 Metaspace       used 24311K, capacity 26002K, committed 26240K, reserved 1071104K
  class space    used 3343K, capacity 3641K, committed 3712K, reserved 1048576K
}
Event: 3.848 GC heap before
{Heap before GC invocations=5 (full 1):
 PSYoungGen      total 76288K, used 72568K [0x000000076b500000, 0x0000000772500000, 0x00000007c0000000)
  eden space 65536K, 100% used [0x000000076b500000,0x000000076f500000,0x000000076f500000)
  from space 10752K, 65% used [0x000000076f500000,0x000000076fbde278,0x000000076ff80000)
  to   space 10752K, 0% used [0x0000000771a80000,0x0000000771a80000,0x0000000772500000)
 ParOldGen       total 113664K, used 11269K [0x00000006c1e00000, 0x00000006c8d00000, 0x000000076b500000)
  object space 113664K, 9% used [0x00000006c1e00000,0x00000006c2901660,0x00000006c8d00000)
 Metaspace       used 30445K, capacity 32408K, committed 32768K, reserved 1077248K
  class space    used 4129K, capacity 4482K, committed 4608K, reserved 1048576K
Event: 3.854 GC heap after
Heap after GC invocations=5 (full 1):
 PSYoungGen      total 100864K, used 8815K [0x000000076b500000, 0x0000000772380000, 0x00000007c0000000)
  eden space 91648K, 0% used [0x000000076b500000,0x000000076b500000,0x0000000770e80000)
  from space 9216K, 95% used [0x0000000771a80000,0x000000077231bc40,0x0000000772380000)
  to   space 10752K, 0% used [0x0000000770e80000,0x0000000770e80000,0x0000000771900000)
 ParOldGen       total 113664K, used 11277K [0x00000006c1e00000, 0x00000006c8d00000, 0x000000076b500000)
  object space 113664K, 9% used [0x00000006c1e00000,0x00000006c2903660,0x00000006c8d00000)
 Metaspace       used 30445K, capacity 32408K, committed 32768K, reserved 1077248K
  class space    used 4129K, capacity 4482K, committed 4608K, reserved 1048576K
}
Event: 4.257 GC heap before
{Heap before GC invocations=6 (full 1):
 PSYoungGen      total 100864K, used 97281K [0x000000076b500000, 0x0000000772380000, 0x00000007c0000000)
  eden space 91648K, 96% used [0x000000076b500000,0x0000000770b64978,0x0000000770e80000)
  from space 9216K, 95% used [0x0000000771a80000,0x000000077231bc40,0x0000000772380000)
  to   space 10752K, 0% used [0x0000000770e80000,0x0000000770e80000,0x0000000771900000)
 ParOldGen       total 113664K, used 11277K [0x00000006c1e00000, 0x00000006c8d00000, 0x000000076b500000)
  object space 113664K, 9% used [0x00000006c1e00000,0x00000006c2903660,0x00000006c8d00000)
 Metaspace       used 33107K, capacity 35320K, committed 35496K, reserved 1079296K
  class space    used 4451K, capacity 4848K, committed 4864K, reserved 1048576K
Event: 4.264 GC heap after
Heap after GC invocations=6 (full 1):
 PSYoungGen      total 102400K, used 9883K [0x000000076b500000, 0x0000000774f80000, 0x00000007c0000000)
  eden space 91648K, 0% used [0x000000076b500000,0x000000076b500000,0x0000000770e80000)
  from space 10752K, 91% used [0x0000000770e80000,0x0000000771826f80,0x0000000771900000)
  to   space 12288K, 0% used [0x0000000774380000,0x0000000774380000,0x0000000774f80000)
 ParOldGen       total 113664K, used 11349K [0x00000006c1e00000, 0x00000006c8d00000, 0x000000076b500000)
  object space 113664K, 9% used [0x00000006c1e00000,0x00000006c2915670,0x00000006c8d00000)
 Metaspace       used 33107K, capacity 35320K, committed 35496K, reserved 1079296K
  class space    used 4451K, capacity 4848K, committed 4864K, reserved 1048576K
}
Event: 4.264 GC heap before
{Heap before GC invocations=7 (full 2):
 PSYoungGen      total 102400K, used 9883K [0x000000076b500000, 0x0000000774f80000, 0x00000007c0000000)
  eden space 91648K, 0% used [0x000000076b500000,0x000000076b500000,0x0000000770e80000)
  from space 10752K, 91% used [0x0000000770e80000,0x0000000771826f80,0x0000000771900000)
  to   space 12288K, 0% used [0x0000000774380000,0x0000000774380000,0x0000000774f80000)
 ParOldGen       total 113664K, used 11349K [0x00000006c1e00000, 0x00000006c8d00000, 0x000000076b500000)
  object space 113664K, 9% used [0x00000006c1e00000,0x00000006c2915670,0x00000006c8d00000)
 Metaspace       used 33107K, capacity 35320K, committed 35496K, reserved 1079296K
  class space    used 4451K, capacity 4848K, committed 4864K, reserved 1048576K
Event: 4.332 GC heap after
Heap after GC invocations=7 (full 2):
 PSYoungGen      total 102400K, used 0K [0x000000076b500000, 0x0000000774f80000, 0x00000007c0000000)
  eden space 91648K, 0% used [0x000000076b500000,0x000000076b500000,0x0000000770e80000)
  from space 10752K, 0% used [0x0000000770e80000,0x0000000770e80000,0x0000000771900000)
  to   space 12288K, 0% used [0x0000000774380000,0x0000000774380000,0x0000000774f80000)
 ParOldGen       total 186880K, used 16177K [0x00000006c1e00000, 0x00000006cd480000, 0x000000076b500000)
  object space 186880K, 8% used [0x00000006c1e00000,0x00000006c2dcc580,0x00000006cd480000)
 Metaspace       used 33107K, capacity 35320K, committed 35496K, reserved 1079296K
  class space    used 4451K, capacity 4848K, committed 4864K, reserved 1048576K
}

