# JRE version: Java(TM) SE Runtime Environment (8.0_131-b11) (build 1.8.0_131-b11)
# Java VM: Java HotSpot(TM) 64-Bit Server VM (25.131-b11 mixed mode windows-amd64 compressed oops)
Heap:
 PSYoungGen      total 226304K, used 89945K [0x000000076b500000, 0x000000077aa80000, 0x00000007c0000000)
  eden space 213504K, 42% used [0x000000076b500000,0x0000000770cd6528,0x0000000778580000)
  from space 12800K, 0% used [0x0000000779200000,0x0000000779200000,0x0000000779e80000)
  to   space 12800K, 0% used [0x0000000778580000,0x0000000778580000,0x0000000779200000)
 ParOldGen       total 120320K, used 16200K [0x00000006c1e00000, 0x00000006c9380000, 0x000000076b500000)
  object space 120320K, 13% used [0x00000006c1e00000,0x00000006c2dd2240,0x00000006c9380000)
 Metaspace       used 39256K, capacity 41900K, committed 42112K, reserved 1085440K
  class space    used 5217K, capacity 5717K, committed 5760K, reserved 1048576K
GC Heap History (10 events):
Event: 2.409 GC heap before
{Heap before GC invocations=4 (full 1):
 PSYoungGen      total 76288K, used 7757K [0x000000076b500000, 0x0000000774a00000, 0x00000007c0000000)
  eden space 65536K, 0% used [0x000000076b500000,0x000000076b500000,0x000000076f500000)
  from space 10752K, 72% used [0x000000076f500000,0x000000076fc936e8,0x000000076ff80000)
  to   space 10752K, 0% used [0x0000000773f80000,0x0000000773f80000,0x0000000774a00000)
 ParOldGen       total 175104K, used 1317K [0x00000006c1e00000, 0x00000006cc900000, 0x000000076b500000)
  object space 175104K, 0% used [0x00000006c1e00000,0x00000006c1f494b8,0x00000006cc900000)
 Metaspace       used 20307K, capacity 21292K, committed 21296K, reserved 1067008K
  class space    used 2701K, capacity 2940K, committed 2944K, reserved 1048576K
Event: 2.439 GC heap after
Heap after GC invocations=4 (full 1):
 PSYoungGen      total 76288K, used 0K [0x000000076b500000, 0x0000000774a00000, 0x00000007c0000000)
  eden space 65536K, 0% used [0x000000076b500000,0x000000076b500000,0x000000076f500000)
  from space 10752K, 0% used [0x000000076f500000,0x000000076f500000,0x000000076ff80000)
  to   space 10752K, 0% used [0x0000000773f80000,0x0000000773f80000,0x0000000774a00000)
 ParOldGen       total 84480K, used 7574K [0x00000006c1e00000, 0x00000006c7080000, 0x000000076b500000)
  object space 84480K, 8% used [0x00000006c1e00000,0x00000006c25659d8,0x00000006c7080000)
 Metaspace       used 20307K, capacity 21292K, committed 21296K, reserved 1067008K
  class space    used 2701K, capacity 2940K, committed 2944K, reserved 1048576K
}
Event: 3.063 GC heap before
{Heap before GC invocations=5 (full 1):
 PSYoungGen      total 76288K, used 65536K [0x000000076b500000, 0x0000000774a00000, 0x00000007c0000000)
  eden space 65536K, 100% used [0x000000076b500000,0x000000076f500000,0x000000076f500000)
  from space 10752K, 0% used [0x000000076f500000,0x000000076f500000,0x000000076ff80000)
  to   space 10752K, 0% used [0x0000000773f80000,0x0000000773f80000,0x0000000774a00000)
 ParOldGen       total 84480K, used 7574K [0x00000006c1e00000, 0x00000006c7080000, 0x000000076b500000)
  object space 84480K, 8% used [0x00000006c1e00000,0x00000006c25659d8,0x00000006c7080000)
 Metaspace       used 24709K, capacity 26418K, committed 26624K, reserved 1073152K
  class space    used 3400K, capacity 3753K, committed 3840K, reserved 1048576K
Event: 3.068 GC heap after
Heap after GC invocations=5 (full 1):
 PSYoungGen      total 128000K, used 7703K [0x000000076b500000, 0x0000000774780000, 0x00000007c0000000)
  eden space 119808K, 0% used [0x000000076b500000,0x000000076b500000,0x0000000772a00000)
  from space 8192K, 94% used [0x0000000773f80000,0x0000000774705d38,0x0000000774780000)
  to   space 10752K, 0% used [0x0000000773280000,0x0000000773280000,0x0000000773d00000)
 ParOldGen       total 84480K, used 7582K [0x00000006c1e00000, 0x00000006c7080000, 0x000000076b500000)
  object space 84480K, 8% used [0x00000006c1e00000,0x00000006c25679d8,0x00000006c7080000)
 Metaspace       used 24709K, capacity 26418K, committed 26624K, reserved 1073152K
  class space    used 3400K, capacity 3753K, committed 3840K, reserved 1048576K
}
Event: 4.621 GC heap before
{Heap before GC invocations=6 (full 1):
 PSYoungGen      total 128000K, used 127511K [0x000000076b500000, 0x0000000774780000, 0x00000007c0000000)
  eden space 119808K, 100% used [0x000000076b500000,0x0000000772a00000,0x0000000772a00000)
  from space 8192K, 94% used [0x0000000773f80000,0x0000000774705d38,0x0000000774780000)
  to   space 10752K, 0% used [0x0000000773280000,0x0000000773280000,0x0000000773d00000)
 ParOldGen       total 84480K, used 7582K [0x00000006c1e00000, 0x00000006c7080000, 0x000000076b500000)
  object space 84480K, 8% used [0x00000006c1e00000,0x00000006c25679d8,0x00000006c7080000)
 Metaspace       used 31412K, capacity 33458K, committed 33664K, reserved 1079296K
  class space    used 4249K, capacity 4643K, committed 4736K, reserved 1048576K
Event: 4.630 GC heap after
Heap after GC invocations=6 (full 1):
 PSYoungGen      total 139264K, used 10111K [0x000000076b500000, 0x0000000779e80000, 0x00000007c0000000)
  eden space 128512K, 0% used [0x000000076b500000,0x000000076b500000,0x0000000773280000)
  from space 10752K, 94% used [0x0000000773280000,0x0000000773c5fef8,0x0000000773d00000)
  to   space 12800K, 0% used [0x0000000779200000,0x0000000779200000,0x0000000779e80000)
 ParOldGen       total 84480K, used 7654K [0x00000006c1e00000, 0x00000006c7080000, 0x000000076b500000)
  object space 84480K, 9% used [0x00000006c1e00000,0x00000006c25799e8,0x00000006c7080000)
 Metaspace       used 31412K, capacity 33458K, committed 33664K, reserved 1079296K
  class space    used 4249K, capacity 4643K, committed 4736K, reserved 1048576K
}
Event: 4.931 GC heap before
{Heap before GC invocations=7 (full 1):
 PSYoungGen      total 139264K, used 85835K [0x000000076b500000, 0x0000000779e80000, 0x00000007c0000000)
  eden space 128512K, 58% used [0x000000076b500000,0x000000076fef30f0,0x0000000773280000)
  from space 10752K, 94% used [0x0000000773280000,0x0000000773c5fef8,0x0000000773d00000)
  to   space 12800K, 0% used [0x0000000779200000,0x0000000779200000,0x0000000779e80000)
 ParOldGen       total 84480K, used 7654K [0x00000006c1e00000, 0x00000006c7080000, 0x000000076b500000)
  object space 84480K, 9% used [0x00000006c1e00000,0x00000006c25799e8,0x00000006c7080000)
 Metaspace       used 33315K, capacity 35434K, committed 35496K, reserved 1079296K
  class space    used 4466K, capacity 4843K, committed 4864K, reserved 1048576K
Event: 4.937 GC heap after
Heap after GC invocations=7 (full 1):
 PSYoungGen      total 226304K, used 9732K [0x000000076b500000, 0x000000077aa80000, 0x00000007c0000000)
  eden space 213504K, 0% used [0x000000076b500000,0x000000076b500000,0x0000000778580000)
  from space 12800K, 76% used [0x0000000779200000,0x0000000779b812f0,0x0000000779e80000)
  to   space 12800K, 0% used [0x0000000778580000,0x0000000778580000,0x0000000779200000)
 ParOldGen       total 84480K, used 7662K [0x00000006c1e00000, 0x00000006c7080000, 0x000000076b500000)
  object space 84480K, 9% used [0x00000006c1e00000,0x00000006c257b9e8,0x00000006c7080000)
 Metaspace       used 33315K, capacity 35434K, committed 35496K, reserved 1079296K
  class space    used 4466K, capacity 4843K, committed 4864K, reserved 1048576K
}
Event: 4.937 GC heap before
{Heap before GC invocations=8 (full 2):
 PSYoungGen      total 226304K, used 9732K [0x000000076b500000, 0x000000077aa80000, 0x00000007c0000000)
  eden space 213504K, 0% used [0x000000076b500000,0x000000076b500000,0x0000000778580000)
  from space 12800K, 76% used [0x0000000779200000,0x0000000779b812f0,0x0000000779e80000)
  to   space 12800K, 0% used [0x0000000778580000,0x0000000778580000,0x0000000779200000)
 ParOldGen       total 84480K, used 7662K [0x00000006c1e00000, 0x00000006c7080000, 0x000000076b500000)
  object space 84480K, 9% used [0x00000006c1e00000,0x00000006c257b9e8,0x00000006c7080000)
 Metaspace       used 33315K, capacity 35434K, committed 35496K, reserved 1079296K
  class space    used 4466K, capacity 4843K, committed 4864K, reserved 1048576K
Event: 5.019 GC heap after
Heap after GC invocations=8 (full 2):
 PSYoungGen      total 226304K, used 0K [0x000000076b500000, 0x000000077aa80000, 0x00000007c0000000)
  eden space 213504K, 0% used [0x000000076b500000,0x000000076b500000,0x0000000778580000)
  from space 12800K, 0% used [0x0000000779200000,0x0000000779200000,0x0000000779e80000)
  to   space 12800K, 0% used [0x0000000778580000,0x0000000778580000,0x0000000779200000)
 ParOldGen       total 120320K, used 16200K [0x00000006c1e00000, 0x00000006c9380000, 0x000000076b500000)
  object space 120320K, 13% used [0x00000006c1e00000,0x00000006c2dd2240,0x00000006c9380000)
 Metaspace       used 33315K, capacity 35434K, committed 35496K, reserved 1079296K
  class space    used 4466K, capacity 4843K, committed 4864K, reserved 1048576K
}

