# JRE version: Java(TM) SE Runtime Environment (8.0_131-b11) (build 1.8.0_131-b11)
# Java VM: Java HotSpot(TM) 64-Bit Server VM (25.131-b11 mixed mode windows-amd64 compressed oops)
Heap:
 PSYoungGen      total 220160K, used 76754K [0x000000076b500000, 0x000000077a600000, 0x00000007c0000000)
  eden space 206848K, 37% used [0x000000076b500000,0x000000076fff4a58,0x0000000777f00000)
  from space 13312K, 0% used [0x0000000778b80000,0x0000000778b80000,0x0000000779880000)
  to   space 12800K, 0% used [0x0000000777f00000,0x0000000777f00000,0x0000000778b80000)
 ParOldGen       total 124416K, used 15367K [0x00000006c1e00000, 0x00000006c9780000, 0x000000076b500000)
  object space 124416K, 12% used [0x00000006c1e00000,0x00000006c2d01f48,0x00000006c9780000)
 Metaspace       used 40272K, capacity 42754K, committed 42920K, reserved 1085440K
  class space    used 5548K, capacity 6016K, committed 6064K, reserved 1048576K
GC Heap History (10 events):
Event: 2.829 GC heap before
{Heap before GC invocations=4 (full 1):
 PSYoungGen      total 76288K, used 7333K [0x000000076b500000, 0x0000000774a00000, 0x00000007c0000000)
  eden space 65536K, 0% used [0x000000076b500000,0x000000076b500000,0x000000076f500000)
  from space 10752K, 68% used [0x000000076f500000,0x000000076fc296d0,0x000000076ff80000)
  to   space 10752K, 0% used [0x0000000773f80000,0x0000000773f80000,0x0000000774a00000)
 ParOldGen       total 175104K, used 1237K [0x00000006c1e00000, 0x00000006cc900000, 0x000000076b500000)
  object space 175104K, 0% used [0x00000006c1e00000,0x00000006c1f35728,0x00000006cc900000)
 Metaspace       used 20286K, capacity 21238K, committed 21296K, reserved 1067008K
  class space    used 2630K, capacity 2841K, committed 2864K, reserved 1048576K
Event: 2.858 GC heap after
Heap after GC invocations=4 (full 1):
 PSYoungGen      total 76288K, used 0K [0x000000076b500000, 0x0000000774a00000, 0x00000007c0000000)
  eden space 65536K, 0% used [0x000000076b500000,0x000000076b500000,0x000000076f500000)
  from space 10752K, 0% used [0x000000076f500000,0x000000076f500000,0x000000076ff80000)
  to   space 10752K, 0% used [0x0000000773f80000,0x0000000773f80000,0x0000000774a00000)
 ParOldGen       total 85504K, used 7219K [0x00000006c1e00000, 0x00000006c7180000, 0x000000076b500000)
  object space 85504K, 8% used [0x00000006c1e00000,0x00000006c250cdc0,0x00000006c7180000)
 Metaspace       used 20286K, capacity 21238K, committed 21296K, reserved 1067008K
  class space    used 2630K, capacity 2841K, committed 2864K, reserved 1048576K
}
Event: 3.771 GC heap before
{Heap before GC invocations=5 (full 1):
 PSYoungGen      total 76288K, used 65536K [0x000000076b500000, 0x0000000774a00000, 0x00000007c0000000)
  eden space 65536K, 100% used [0x000000076b500000,0x000000076f500000,0x000000076f500000)
  from space 10752K, 0% used [0x000000076f500000,0x000000076f500000,0x000000076ff80000)
  to   space 10752K, 0% used [0x0000000773f80000,0x0000000773f80000,0x0000000774a00000)
 ParOldGen       total 85504K, used 7219K [0x00000006c1e00000, 0x00000006c7180000, 0x000000076b500000)
  object space 85504K, 8% used [0x00000006c1e00000,0x00000006c250cdc0,0x00000006c7180000)
 Metaspace       used 24265K, capacity 25574K, committed 25904K, reserved 1071104K
  class space    used 3243K, capacity 3521K, committed 3632K, reserved 1048576K
Event: 3.776 GC heap after
Heap after GC invocations=5 (full 1):
 PSYoungGen      total 124928K, used 7033K [0x000000076b500000, 0x0000000774680000, 0x00000007c0000000)
  eden space 117760K, 0% used [0x000000076b500000,0x000000076b500000,0x0000000772800000)
  from space 7168K, 98% used [0x0000000773f80000,0x000000077465e6a0,0x0000000774680000)
  to   space 10752K, 0% used [0x0000000773180000,0x0000000773180000,0x0000000773c00000)
 ParOldGen       total 85504K, used 7227K [0x00000006c1e00000, 0x00000006c7180000, 0x000000076b500000)
  object space 85504K, 8% used [0x00000006c1e00000,0x00000006c250edc0,0x00000006c7180000)
 Metaspace       used 24265K, capacity 25574K, committed 25904K, reserved 1071104K
  class space    used 3243K, capacity 3521K, committed 3632K, reserved 1048576K
}
Event: 5.314 GC heap before
{Heap before GC invocations=6 (full 1):
 PSYoungGen      total 124928K, used 124793K [0x000000076b500000, 0x0000000774680000, 0x00000007c0000000)
  eden space 117760K, 100% used [0x000000076b500000,0x0000000772800000,0x0000000772800000)
  from space 7168K, 98% used [0x0000000773f80000,0x000000077465e6a0,0x0000000774680000)
  to   space 10752K, 0% used [0x0000000773180000,0x0000000773180000,0x0000000773c00000)
 ParOldGen       total 85504K, used 7227K [0x00000006c1e00000, 0x00000006c7180000, 0x000000076b500000)
  object space 85504K, 8% used [0x00000006c1e00000,0x00000006c250edc0,0x00000006c7180000)
 Metaspace       used 31549K, capacity 33524K, committed 33840K, reserved 1079296K
  class space    used 4187K, capacity 4550K, committed 4656K, reserved 1048576K
Event: 5.322 GC heap after
Heap after GC invocations=6 (full 1):
 PSYoungGen      total 138240K, used 10207K [0x000000076b500000, 0x0000000779880000, 0x00000007c0000000)
  eden space 127488K, 0% used [0x000000076b500000,0x000000076b500000,0x0000000773180000)
  from space 10752K, 94% used [0x0000000773180000,0x0000000773b77f60,0x0000000773c00000)
  to   space 13312K, 0% used [0x0000000778b80000,0x0000000778b80000,0x0000000779880000)
 ParOldGen       total 85504K, used 7299K [0x00000006c1e00000, 0x00000006c7180000, 0x000000076b500000)
  object space 85504K, 8% used [0x00000006c1e00000,0x00000006c2520dd0,0x00000006c7180000)
 Metaspace       used 31549K, capacity 33524K, committed 33840K, reserved 1079296K
  class space    used 4187K, capacity 4550K, committed 4656K, reserved 1048576K
}
Event: 5.589 GC heap before
{Heap before GC invocations=7 (full 1):
 PSYoungGen      total 138240K, used 56778K [0x000000076b500000, 0x0000000779880000, 0x00000007c0000000)
  eden space 127488K, 36% used [0x000000076b500000,0x000000076e27a988,0x0000000773180000)
  from space 10752K, 94% used [0x0000000773180000,0x0000000773b77f60,0x0000000773c00000)
  to   space 13312K, 0% used [0x0000000778b80000,0x0000000778b80000,0x0000000779880000)
 ParOldGen       total 85504K, used 7299K [0x00000006c1e00000, 0x00000006c7180000, 0x000000076b500000)
  object space 85504K, 8% used [0x00000006c1e00000,0x00000006c2520dd0,0x00000006c7180000)
 Metaspace       used 33266K, capacity 35366K, committed 35496K, reserved 1079296K
  class space    used 4396K, capacity 4775K, committed 4784K, reserved 1048576K
Event: 5.595 GC heap after
Heap after GC invocations=7 (full 1):
 PSYoungGen      total 220160K, used 9253K [0x000000076b500000, 0x000000077a600000, 0x00000007c0000000)
  eden space 206848K, 0% used [0x000000076b500000,0x000000076b500000,0x0000000777f00000)
  from space 13312K, 69% used [0x0000000778b80000,0x0000000779489558,0x0000000779880000)
  to   space 12800K, 0% used [0x0000000777f00000,0x0000000777f00000,0x0000000778b80000)
 ParOldGen       total 85504K, used 7307K [0x00000006c1e00000, 0x00000006c7180000, 0x000000076b500000)
  object space 85504K, 8% used [0x00000006c1e00000,0x00000006c2522dd0,0x00000006c7180000)
 Metaspace       used 33266K, capacity 35366K, committed 35496K, reserved 1079296K
  class space    used 4396K, capacity 4775K, committed 4784K, reserved 1048576K
}
Event: 5.595 GC heap before
{Heap before GC invocations=8 (full 2):
 PSYoungGen      total 220160K, used 9253K [0x000000076b500000, 0x000000077a600000, 0x00000007c0000000)
  eden space 206848K, 0% used [0x000000076b500000,0x000000076b500000,0x0000000777f00000)
  from space 13312K, 69% used [0x0000000778b80000,0x0000000779489558,0x0000000779880000)
  to   space 12800K, 0% used [0x0000000777f00000,0x0000000777f00000,0x0000000778b80000)
 ParOldGen       total 85504K, used 7307K [0x00000006c1e00000, 0x00000006c7180000, 0x000000076b500000)
  object space 85504K, 8% used [0x00000006c1e00000,0x00000006c2522dd0,0x00000006c7180000)
 Metaspace       used 33266K, capacity 35366K, committed 35496K, reserved 1079296K
  class space    used 4396K, capacity 4775K, committed 4784K, reserved 1048576K
Event: 5.672 GC heap after
Heap after GC invocations=8 (full 2):
 PSYoungGen      total 220160K, used 0K [0x000000076b500000, 0x000000077a600000, 0x00000007c0000000)
  eden space 206848K, 0% used [0x000000076b500000,0x000000076b500000,0x0000000777f00000)
  from space 13312K, 0% used [0x0000000778b80000,0x0000000778b80000,0x0000000779880000)
  to   space 12800K, 0% used [0x0000000777f00000,0x0000000777f00000,0x0000000778b80000)
 ParOldGen       total 124416K, used 15367K [0x00000006c1e00000, 0x00000006c9780000, 0x000000076b500000)
  object space 124416K, 12% used [0x00000006c1e00000,0x00000006c2d01f48,0x00000006c9780000)
 Metaspace       used 33266K, capacity 35366K, committed 35496K, reserved 1079296K
  class space    used 4396K, capacity 4775K, committed 4784K, reserved 1048576K
}

