# JRE version: Java(TM) SE Runtime Environment (8.0_131-b11) (build 1.8.0_131-b11)
# Java VM: Java HotSpot(TM) 64-Bit Server VM (25.131-b11 mixed mode windows-amd64 compressed oops)
Heap:
 PSYoungGen      total 100352K, used 63058K [0x000000076b500000, 0x0000000774b80000, 0x00000007c0000000)
  eden space 89600K, 70% used [0x000000076b500000,0x000000076f294bb8,0x0000000770c80000)
  from space 10752K, 0% used [0x0000000770c80000,0x0000000770c80000,0x0000000771700000)
  to   space 12288K, 0% used [0x0000000773f80000,0x0000000773f80000,0x0000000774b80000)
 ParOldGen       total 190464K, used 16206K [0x00000006c1e00000, 0x00000006cd800000, 0x000000076b500000)
  object space 190464K, 8% used [0x00000006c1e00000,0x00000006c2dd39f0,0x00000006cd800000)
 Metaspace       used 39592K, capacity 42024K, committed 42112K, reserved 1085440K
  class space    used 5530K, capacity 5987K, committed 6016K, reserved 1048576K
GC Heap History (10 events):
Event: 2.032 GC heap before
{Heap before GC invocations=3 (full 1):
 PSYoungGen      total 76288K, used 10751K [0x000000076b500000, 0x0000000770a00000, 0x00000007c0000000)
  eden space 65536K, 0% used [0x000000076b500000,0x000000076b500000,0x000000076f500000)
  from space 10752K, 99% used [0x000000076ff80000,0x00000007709ffe00,0x0000000770a00000)
  to   space 10752K, 0% used [0x000000076f500000,0x000000076f500000,0x000000076ff80000)
 ParOldGen       total 175104K, used 853K [0x00000006c1e00000, 0x00000006cc900000, 0x000000076b500000)
  object space 175104K, 0% used [0x00000006c1e00000,0x00000006c1ed5718,0x00000006cc900000)
 Metaspace       used 20190K, capacity 21210K, committed 21296K, reserved 1067008K
  class space    used 2683K, capacity 2909K, committed 2944K, reserved 1048576K
Event: 2.058 GC heap after
Heap after GC invocations=3 (full 1):
 PSYoungGen      total 76288K, used 0K [0x000000076b500000, 0x0000000770a00000, 0x00000007c0000000)
  eden space 65536K, 0% used [0x000000076b500000,0x000000076b500000,0x000000076f500000)
  from space 10752K, 0% used [0x000000076ff80000,0x000000076ff80000,0x0000000770a00000)
  to   space 10752K, 0% used [0x000000076f500000,0x000000076f500000,0x000000076ff80000)
 ParOldGen       total 116224K, used 11222K [0x00000006c1e00000, 0x00000006c8f80000, 0x000000076b500000)
  object space 116224K, 9% used [0x00000006c1e00000,0x00000006c28f5a08,0x00000006c8f80000)
 Metaspace       used 20190K, capacity 21210K, committed 21296K, reserved 1067008K
  class space    used 2683K, capacity 2909K, committed 2944K, reserved 1048576K
}
Event: 2.718 GC heap before
{Heap before GC invocations=4 (full 1):
 PSYoungGen      total 76288K, used 65536K [0x000000076b500000, 0x0000000770a00000, 0x00000007c0000000)
  eden space 65536K, 100% used [0x000000076b500000,0x000000076f500000,0x000000076f500000)
  from space 10752K, 0% used [0x000000076ff80000,0x000000076ff80000,0x0000000770a00000)
  to   space 10752K, 0% used [0x000000076f500000,0x000000076f500000,0x000000076ff80000)
 ParOldGen       total 116224K, used 11222K [0x00000006c1e00000, 0x00000006c8f80000, 0x000000076b500000)
  object space 116224K, 9% used [0x00000006c1e00000,0x00000006c28f5a08,0x00000006c8f80000)
 Metaspace       used 24310K, capacity 26006K, committed 26240K, reserved 1071104K
  class space    used 3341K, capacity 3641K, committed 3712K, reserved 1048576K
Event: 2.722 GC heap after
Heap after GC invocations=4 (full 1):
 PSYoungGen      total 76288K, used 7059K [0x000000076b500000, 0x0000000772280000, 0x00000007c0000000)
  eden space 65536K, 0% used [0x000000076b500000,0x000000076b500000,0x000000076f500000)
  from space 10752K, 65% used [0x000000076f500000,0x000000076fbe4d28,0x000000076ff80000)
  to   space 10752K, 0% used [0x0000000771800000,0x0000000771800000,0x0000000772280000)
 ParOldGen       total 116224K, used 11230K [0x00000006c1e00000, 0x00000006c8f80000, 0x000000076b500000)
  object space 116224K, 9% used [0x00000006c1e00000,0x00000006c28f7a08,0x00000006c8f80000)
 Metaspace       used 24310K, capacity 26006K, committed 26240K, reserved 1071104K
  class space    used 3341K, capacity 3641K, committed 3712K, reserved 1048576K
}
Event: 3.821 GC heap before
{Heap before GC invocations=5 (full 1):
 PSYoungGen      total 76288K, used 72595K [0x000000076b500000, 0x0000000772280000, 0x00000007c0000000)
  eden space 65536K, 100% used [0x000000076b500000,0x000000076f500000,0x000000076f500000)
  from space 10752K, 65% used [0x000000076f500000,0x000000076fbe4d28,0x000000076ff80000)
  to   space 10752K, 0% used [0x0000000771800000,0x0000000771800000,0x0000000772280000)
 ParOldGen       total 116224K, used 11230K [0x00000006c1e00000, 0x00000006c8f80000, 0x000000076b500000)
  object space 116224K, 9% used [0x00000006c1e00000,0x00000006c28f7a08,0x00000006c8f80000)
 Metaspace       used 30437K, capacity 32412K, committed 32768K, reserved 1077248K
  class space    used 4126K, capacity 4482K, committed 4608K, reserved 1048576K
Event: 3.828 GC heap after
Heap after GC invocations=5 (full 1):
 PSYoungGen      total 99328K, used 8711K [0x000000076b500000, 0x0000000772180000, 0x00000007c0000000)
  eden space 89600K, 0% used [0x000000076b500000,0x000000076b500000,0x0000000770c80000)
  from space 9728K, 89% used [0x0000000771800000,0x0000000772081f98,0x0000000772180000)
  to   space 10752K, 0% used [0x0000000770c80000,0x0000000770c80000,0x0000000771700000)
 ParOldGen       total 116224K, used 11302K [0x00000006c1e00000, 0x00000006c8f80000, 0x000000076b500000)
  object space 116224K, 9% used [0x00000006c1e00000,0x00000006c2909a18,0x00000006c8f80000)
 Metaspace       used 30437K, capacity 32412K, committed 32768K, reserved 1077248K
  class space    used 4126K, capacity 4482K, committed 4608K, reserved 1048576K
}
Event: 4.206 GC heap before
{Heap before GC invocations=6 (full 1):
 PSYoungGen      total 99328K, used 98035K [0x000000076b500000, 0x0000000772180000, 0x00000007c0000000)
  eden space 89600K, 99% used [0x000000076b500000,0x0000000770c3ae88,0x0000000770c80000)
  from space 9728K, 89% used [0x0000000771800000,0x0000000772081f98,0x0000000772180000)
  to   space 10752K, 0% used [0x0000000770c80000,0x0000000770c80000,0x0000000771700000)
 ParOldGen       total 116224K, used 11302K [0x00000006c1e00000, 0x00000006c8f80000, 0x000000076b500000)
  object space 116224K, 9% used [0x00000006c1e00000,0x00000006c2909a18,0x00000006c8f80000)
 Metaspace       used 33119K, capacity 35326K, committed 35496K, reserved 1079296K
  class space    used 4452K, capacity 4849K, committed 4864K, reserved 1048576K
Event: 4.213 GC heap after
Heap after GC invocations=6 (full 1):
 PSYoungGen      total 100352K, used 9884K [0x000000076b500000, 0x0000000774b80000, 0x00000007c0000000)
  eden space 89600K, 0% used [0x000000076b500000,0x000000076b500000,0x0000000770c80000)
  from space 10752K, 91% used [0x0000000770c80000,0x0000000771627278,0x0000000771700000)
  to   space 12288K, 0% used [0x0000000773f80000,0x0000000773f80000,0x0000000774b80000)
 ParOldGen       total 116224K, used 11310K [0x00000006c1e00000, 0x00000006c8f80000, 0x000000076b500000)
  object space 116224K, 9% used [0x00000006c1e00000,0x00000006c290ba18,0x00000006c8f80000)
 Metaspace       used 33119K, capacity 35326K, committed 35496K, reserved 1079296K
  class space    used 4452K, capacity 4849K, committed 4864K, reserved 1048576K
}
Event: 4.214 GC heap before
{Heap before GC invocations=7 (full 2):
 PSYoungGen      total 100352K, used 9884K [0x000000076b500000, 0x0000000774b80000, 0x00000007c0000000)
  eden space 89600K, 0% used [0x000000076b500000,0x000000076b500000,0x0000000770c80000)
  from space 10752K, 91% used [0x0000000770c80000,0x0000000771627278,0x0000000771700000)
  to   space 12288K, 0% used [0x0000000773f80000,0x0000000773f80000,0x0000000774b80000)
 ParOldGen       total 116224K, used 11310K [0x00000006c1e00000, 0x00000006c8f80000, 0x000000076b500000)
  object space 116224K, 9% used [0x00000006c1e00000,0x00000006c290ba18,0x00000006c8f80000)
 Metaspace       used 33119K, capacity 35326K, committed 35496K, reserved 1079296K
  class space    used 4452K, capacity 4849K, committed 4864K, reserved 1048576K
Event: 4.273 GC heap after
Heap after GC invocations=7 (full 2):
 PSYoungGen      total 100352K, used 0K [0x000000076b500000, 0x0000000774b80000, 0x00000007c0000000)
  eden space 89600K, 0% used [0x000000076b500000,0x000000076b500000,0x0000000770c80000)
  from space 10752K, 0% used [0x0000000770c80000,0x0000000770c80000,0x0000000771700000)
  to   space 12288K, 0% used [0x0000000773f80000,0x0000000773f80000,0x0000000774b80000)
 ParOldGen       total 190464K, used 16206K [0x00000006c1e00000, 0x00000006cd800000, 0x000000076b500000)
  object space 190464K, 8% used [0x00000006c1e00000,0x00000006c2dd39f0,0x00000006cd800000)
 Metaspace       used 33119K, capacity 35326K, committed 35496K, reserved 1079296K
  class space    used 4452K, capacity 4849K, committed 4864K, reserved 1048576K
}

