# JRE version: Java(TM) SE Runtime Environment (8.0_131-b11) (build 1.8.0_131-b11)
# Java VM: Java HotSpot(TM) 64-Bit Server VM (25.131-b11 mixed mode windows-amd64 compressed oops)
Heap:
 PSYoungGen      total 409600K, used 151493K [0x000000076b500000, 0x0000000785780000, 0x00000007c0000000)
  eden space 401920K, 36% used [0x000000076b500000,0x000000077439aac8,0x0000000783d80000)
  from space 7680K, 71% used [0x0000000785000000,0x0000000785556d00,0x0000000785780000)
  to   space 13312K, 0% used [0x0000000783d80000,0x0000000783d80000,0x0000000784a80000)
 ParOldGen       total 119296K, used 15458K [0x00000006c1e00000, 0x00000006c9280000, 0x000000076b500000)
  object space 119296K, 12% used [0x00000006c1e00000,0x00000006c2d18818,0x00000006c9280000)
 Metaspace       used 40433K, capacity 43042K, committed 43176K, reserved 1087488K
  class space    used 5573K, capacity 6044K, committed 6064K, reserved 1048576K
GC Heap History (10 events):
Event: 5.282 GC heap before
{Heap before GC invocations=8 (full 2):
 PSYoungGen      total 227840K, used 9329K [0x000000076b500000, 0x000000077a980000, 0x00000007c0000000)
  eden space 214528K, 0% used [0x000000076b500000,0x000000076b500000,0x0000000778680000)
  from space 13312K, 70% used [0x0000000779300000,0x0000000779c1c548,0x000000077a000000)
  to   space 12800K, 0% used [0x0000000778680000,0x0000000778680000,0x0000000779300000)
 ParOldGen       total 83968K, used 7307K [0x00000006c1e00000, 0x00000006c7000000, 0x000000076b500000)
  object space 83968K, 8% used [0x00000006c1e00000,0x00000006c2522f58,0x00000006c7000000)
 Metaspace       used 33335K, capacity 35440K, committed 35496K, reserved 1079296K
  class space    used 4402K, capacity 4776K, committed 4784K, reserved 1048576K
Event: 5.374 GC heap after
Heap after GC invocations=8 (full 2):
 PSYoungGen      total 227840K, used 0K [0x000000076b500000, 0x000000077a980000, 0x00000007c0000000)
  eden space 214528K, 0% used [0x000000076b500000,0x000000076b500000,0x0000000778680000)
  from space 13312K, 0% used [0x0000000779300000,0x0000000779300000,0x000000077a000000)
  to   space 12800K, 0% used [0x0000000778680000,0x0000000778680000,0x0000000779300000)
 ParOldGen       total 119296K, used 15434K [0x00000006c1e00000, 0x00000006c9280000, 0x000000076b500000)
  object space 119296K, 12% used [0x00000006c1e00000,0x00000006c2d12818,0x00000006c9280000)
 Metaspace       used 33335K, capacity 35440K, committed 35496K, reserved 1079296K
  class space    used 4402K, capacity 4776K, committed 4784K, reserved 1048576K
}
Event: 15.935 GC heap before
{Heap before GC invocations=9 (full 2):
 PSYoungGen      total 227840K, used 214528K [0x000000076b500000, 0x000000077a980000, 0x00000007c0000000)
  eden space 214528K, 100% used [0x000000076b500000,0x0000000778680000,0x0000000778680000)
  from space 13312K, 0% used [0x0000000779300000,0x0000000779300000,0x000000077a000000)
  to   space 12800K, 0% used [0x0000000778680000,0x0000000778680000,0x0000000779300000)
 ParOldGen       total 119296K, used 15434K [0x00000006c1e00000, 0x00000006c9280000, 0x000000076b500000)
  object space 119296K, 12% used [0x00000006c1e00000,0x00000006c2d12818,0x00000006c9280000)
 Metaspace       used 40292K, capacity 42762K, committed 42920K, reserved 1085440K
  class space    used 5548K, capacity 6016K, committed 6064K, reserved 1048576K
Event: 15.947 GC heap after
Heap after GC invocations=9 (full 2):
 PSYoungGen      total 227328K, used 8336K [0x000000076b500000, 0x0000000781700000, 0x00000007c0000000)
  eden space 214528K, 0% used [0x000000076b500000,0x000000076b500000,0x0000000778680000)
  from space 12800K, 65% used [0x0000000778680000,0x0000000778ea4178,0x0000000779300000)
  to   space 12288K, 0% used [0x0000000780b00000,0x0000000780b00000,0x0000000781700000)
 ParOldGen       total 119296K, used 15442K [0x00000006c1e00000, 0x00000006c9280000, 0x000000076b500000)
  object space 119296K, 12% used [0x00000006c1e00000,0x00000006c2d14818,0x00000006c9280000)
 Metaspace       used 40292K, capacity 42762K, committed 42920K, reserved 1085440K
  class space    used 5548K, capacity 6016K, committed 6064K, reserved 1048576K
}
Event: 23.362 GC heap before
{Heap before GC invocations=10 (full 2):
 PSYoungGen      total 227328K, used 222864K [0x000000076b500000, 0x0000000781700000, 0x00000007c0000000)
  eden space 214528K, 100% used [0x000000076b500000,0x0000000778680000,0x0000000778680000)
  from space 12800K, 65% used [0x0000000778680000,0x0000000778ea4178,0x0000000779300000)
  to   space 12288K, 0% used [0x0000000780b00000,0x0000000780b00000,0x0000000781700000)
 ParOldGen       total 119296K, used 15442K [0x00000006c1e00000, 0x00000006c9280000, 0x000000076b500000)
  object space 119296K, 12% used [0x00000006c1e00000,0x00000006c2d14818,0x00000006c9280000)
 Metaspace       used 40296K, capacity 42762K, committed 42920K, reserved 1085440K
  class space    used 5549K, capacity 6016K, committed 6064K, reserved 1048576K
Event: 23.367 GC heap after
Heap after GC invocations=10 (full 2):
 PSYoungGen      total 327680K, used 4369K [0x000000076b500000, 0x0000000780f80000, 0x00000007c0000000)
  eden space 323072K, 0% used [0x000000076b500000,0x000000076b500000,0x000000077f080000)
  from space 4608K, 94% used [0x0000000780b00000,0x0000000780f44420,0x0000000780f80000)
  to   space 12800K, 0% used [0x000000077f680000,0x000000077f680000,0x0000000780300000)
 ParOldGen       total 119296K, used 15450K [0x00000006c1e00000, 0x00000006c9280000, 0x000000076b500000)
  object space 119296K, 12% used [0x00000006c1e00000,0x00000006c2d16818,0x00000006c9280000)
 Metaspace       used 40296K, capacity 42762K, committed 42920K, reserved 1085440K
  class space    used 5549K, capacity 6016K, committed 6064K, reserved 1048576K
}
Event: 33.861 GC heap before
{Heap before GC invocations=11 (full 2):
 PSYoungGen      total 327680K, used 327441K [0x000000076b500000, 0x0000000780f80000, 0x00000007c0000000)
  eden space 323072K, 100% used [0x000000076b500000,0x000000077f080000,0x000000077f080000)
  from space 4608K, 94% used [0x0000000780b00000,0x0000000780f44420,0x0000000780f80000)
  to   space 12800K, 0% used [0x000000077f680000,0x000000077f680000,0x0000000780300000)
 ParOldGen       total 119296K, used 15450K [0x00000006c1e00000, 0x00000006c9280000, 0x000000076b500000)
  object space 119296K, 12% used [0x00000006c1e00000,0x00000006c2d16818,0x00000006c9280000)
 Metaspace       used 40327K, capacity 42786K, committed 42920K, reserved 1085440K
  class space    used 5552K, capacity 6020K, committed 6064K, reserved 1048576K
Event: 33.866 GC heap after
Heap after GC invocations=11 (full 2):
 PSYoungGen      total 342016K, used 4465K [0x000000076b500000, 0x0000000785d00000, 0x00000007c0000000)
  eden space 329216K, 0% used [0x000000076b500000,0x000000076b500000,0x000000077f680000)
  from space 12800K, 34% used [0x000000077f680000,0x000000077fadc420,0x0000000780300000)
  to   space 13312K, 0% used [0x0000000785000000,0x0000000785000000,0x0000000785d00000)
 ParOldGen       total 119296K, used 15458K [0x00000006c1e00000, 0x00000006c9280000, 0x000000076b500000)
  object space 119296K, 12% used [0x00000006c1e00000,0x00000006c2d18818,0x00000006c9280000)
 Metaspace       used 40327K, capacity 42786K, committed 42920K, reserved 1085440K
  class space    used 5552K, capacity 6020K, committed 6064K, reserved 1048576K
}
Event: 46.879 GC heap before
{Heap before GC invocations=12 (full 2):
 PSYoungGen      total 342016K, used 333681K [0x000000076b500000, 0x0000000785d00000, 0x00000007c0000000)
  eden space 329216K, 100% used [0x000000076b500000,0x000000077f680000,0x000000077f680000)
  from space 12800K, 34% used [0x000000077f680000,0x000000077fadc420,0x0000000780300000)
  to   space 13312K, 0% used [0x0000000785000000,0x0000000785000000,0x0000000785d00000)
 ParOldGen       total 119296K, used 15458K [0x00000006c1e00000, 0x00000006c9280000, 0x000000076b500000)
  object space 119296K, 12% used [0x00000006c1e00000,0x00000006c2d18818,0x00000006c9280000)
 Metaspace       used 40333K, capacity 42798K, committed 42920K, reserved 1085440K
  class space    used 5553K, capacity 6022K, committed 6064K, reserved 1048576K
Event: 46.884 GC heap after
Heap after GC invocations=12 (full 2):
 PSYoungGen      total 409600K, used 5467K [0x000000076b500000, 0x0000000785780000, 0x00000007c0000000)
  eden space 401920K, 0% used [0x000000076b500000,0x000000076b500000,0x0000000783d80000)
  from space 7680K, 71% used [0x0000000785000000,0x0000000785556d00,0x0000000785780000)
  to   space 13312K, 0% used [0x0000000783d80000,0x0000000783d80000,0x0000000784a80000)
 ParOldGen       total 119296K, used 15458K [0x00000006c1e00000, 0x00000006c9280000, 0x000000076b500000)
  object space 119296K, 12% used [0x00000006c1e00000,0x00000006c2d18818,0x00000006c9280000)
 Metaspace       used 40333K, capacity 42798K, committed 42920K, reserved 1085440K
  class space    used 5553K, capacity 6022K, committed 6064K, reserved 1048576K
}

