# JRE version: Java(TM) SE Runtime Environment (8.0_131-b11) (build 1.8.0_131-b11)
# Java VM: Java HotSpot(TM) 64-Bit Server VM (25.131-b11 mixed mode windows-amd64 compressed oops)
Heap:
 PSYoungGen      total 251904K, used 82912K [0x000000076b500000, 0x000000077b980000, 0x00000007c0000000)
  eden space 241152K, 34% used [0x000000076b500000,0x00000007705f8208,0x000000077a080000)
  from space 10752K, 0% used [0x000000077af00000,0x000000077af00000,0x000000077b980000)
  to   space 12800K, 0% used [0x000000077a080000,0x000000077a080000,0x000000077ad00000)
 ParOldGen       total 97280K, used 15238K [0x00000006c1e00000, 0x00000006c7d00000, 0x000000076b500000)
  object space 97280K, 15% used [0x00000006c1e00000,0x00000006c2ce1870,0x00000006c7d00000)
 Metaspace       used 40232K, capacity 42700K, committed 42920K, reserved 1085440K
  class space    used 5550K, capacity 6017K, committed 6064K, reserved 1048576K
GC Heap History (10 events):
Event: 2.780 GC heap before
{Heap before GC invocations=4 (full 1):
 PSYoungGen      total 76288K, used 7432K [0x000000076b500000, 0x0000000774a00000, 0x00000007c0000000)
  eden space 65536K, 0% used [0x000000076b500000,0x000000076b500000,0x000000076f500000)
  from space 10752K, 69% used [0x000000076f500000,0x000000076fc42020,0x000000076ff80000)
  to   space 10752K, 0% used [0x0000000773f80000,0x0000000773f80000,0x0000000774a00000)
 ParOldGen       total 175104K, used 1114K [0x00000006c1e00000, 0x00000006cc900000, 0x000000076b500000)
  object space 175104K, 0% used [0x00000006c1e00000,0x00000006c1f16a98,0x00000006cc900000)
 Metaspace       used 20351K, capacity 21244K, committed 21296K, reserved 1067008K
  class space    used 2642K, capacity 2842K, committed 2864K, reserved 1048576K
Event: 2.814 GC heap after
Heap after GC invocations=4 (full 1):
 PSYoungGen      total 76288K, used 0K [0x000000076b500000, 0x0000000774a00000, 0x00000007c0000000)
  eden space 65536K, 0% used [0x000000076b500000,0x000000076b500000,0x000000076f500000)
  from space 10752K, 0% used [0x000000076f500000,0x000000076f500000,0x000000076ff80000)
  to   space 10752K, 0% used [0x0000000773f80000,0x0000000773f80000,0x0000000774a00000)
 ParOldGen       total 77824K, used 7228K [0x00000006c1e00000, 0x00000006c6a00000, 0x000000076b500000)
  object space 77824K, 9% used [0x00000006c1e00000,0x00000006c250f0b0,0x00000006c6a00000)
 Metaspace       used 20351K, capacity 21244K, committed 21296K, reserved 1067008K
  class space    used 2642K, capacity 2842K, committed 2864K, reserved 1048576K
}
Event: 3.756 GC heap before
{Heap before GC invocations=5 (full 1):
 PSYoungGen      total 76288K, used 65536K [0x000000076b500000, 0x0000000774a00000, 0x00000007c0000000)
  eden space 65536K, 100% used [0x000000076b500000,0x000000076f500000,0x000000076f500000)
  from space 10752K, 0% used [0x000000076f500000,0x000000076f500000,0x000000076ff80000)
  to   space 10752K, 0% used [0x0000000773f80000,0x0000000773f80000,0x0000000774a00000)
 ParOldGen       total 77824K, used 7228K [0x00000006c1e00000, 0x00000006c6a00000, 0x000000076b500000)
  object space 77824K, 9% used [0x00000006c1e00000,0x00000006c250f0b0,0x00000006c6a00000)
 Metaspace       used 24330K, capacity 25674K, committed 25904K, reserved 1071104K
  class space    used 3257K, capacity 3531K, committed 3632K, reserved 1048576K
Event: 3.762 GC heap after
Heap after GC invocations=5 (full 1):
 PSYoungGen      total 134144K, used 7135K [0x000000076b500000, 0x0000000774680000, 0x00000007c0000000)
  eden space 126976K, 0% used [0x000000076b500000,0x000000076b500000,0x0000000773100000)
  from space 7168K, 99% used [0x0000000773f80000,0x0000000774677d70,0x0000000774680000)
  to   space 10752K, 0% used [0x0000000773180000,0x0000000773180000,0x0000000773c00000)
 ParOldGen       total 77824K, used 7236K [0x00000006c1e00000, 0x00000006c6a00000, 0x000000076b500000)
  object space 77824K, 9% used [0x00000006c1e00000,0x00000006c25110b0,0x00000006c6a00000)
 Metaspace       used 24330K, capacity 25674K, committed 25904K, reserved 1071104K
  class space    used 3257K, capacity 3531K, committed 3632K, reserved 1048576K
}
Event: 5.541 GC heap before
{Heap before GC invocations=6 (full 1):
 PSYoungGen      total 134144K, used 134111K [0x000000076b500000, 0x0000000774680000, 0x00000007c0000000)
  eden space 126976K, 100% used [0x000000076b500000,0x0000000773100000,0x0000000773100000)
  from space 7168K, 99% used [0x0000000773f80000,0x0000000774677d70,0x0000000774680000)
  to   space 10752K, 0% used [0x0000000773180000,0x0000000773180000,0x0000000773c00000)
 ParOldGen       total 77824K, used 7236K [0x00000006c1e00000, 0x00000006c6a00000, 0x000000076b500000)
  object space 77824K, 9% used [0x00000006c1e00000,0x00000006c25110b0,0x00000006c6a00000)
 Metaspace       used 31769K, capacity 33736K, committed 33840K, reserved 1079296K
  class space    used 4217K, capacity 4590K, committed 4656K, reserved 1048576K
Event: 5.550 GC heap after
Heap after GC invocations=6 (full 1):
 PSYoungGen      total 138240K, used 10549K [0x000000076b500000, 0x000000077bc00000, 0x00000007c0000000)
  eden space 127488K, 0% used [0x000000076b500000,0x000000076b500000,0x0000000773180000)
  from space 10752K, 98% used [0x0000000773180000,0x0000000773bcd798,0x0000000773c00000)
  to   space 13312K, 0% used [0x000000077af00000,0x000000077af00000,0x000000077bc00000)
 ParOldGen       total 77824K, used 7308K [0x00000006c1e00000, 0x00000006c6a00000, 0x000000076b500000)
  object space 77824K, 9% used [0x00000006c1e00000,0x00000006c25230c0,0x00000006c6a00000)
 Metaspace       used 31769K, capacity 33736K, committed 33840K, reserved 1079296K
  class space    used 4217K, capacity 4590K, committed 4656K, reserved 1048576K
}
Event: 5.766 GC heap before
{Heap before GC invocations=7 (full 1):
 PSYoungGen      total 138240K, used 45829K [0x000000076b500000, 0x000000077bc00000, 0x00000007c0000000)
  eden space 127488K, 27% used [0x000000076b500000,0x000000076d773d30,0x0000000773180000)
  from space 10752K, 98% used [0x0000000773180000,0x0000000773bcd798,0x0000000773c00000)
  to   space 13312K, 0% used [0x000000077af00000,0x000000077af00000,0x000000077bc00000)
 ParOldGen       total 77824K, used 7308K [0x00000006c1e00000, 0x00000006c6a00000, 0x000000076b500000)
  object space 77824K, 9% used [0x00000006c1e00000,0x00000006c25230c0,0x00000006c6a00000)
 Metaspace       used 33208K, capacity 35306K, committed 35496K, reserved 1079296K
  class space    used 4396K, capacity 4775K, committed 4784K, reserved 1048576K
Event: 5.772 GC heap after
Heap after GC invocations=7 (full 1):
 PSYoungGen      total 251904K, used 9006K [0x000000076b500000, 0x000000077b980000, 0x00000007c0000000)
  eden space 241152K, 0% used [0x000000076b500000,0x000000076b500000,0x000000077a080000)
  from space 10752K, 83% used [0x000000077af00000,0x000000077b7cb9e8,0x000000077b980000)
  to   space 12800K, 0% used [0x000000077a080000,0x000000077a080000,0x000000077ad00000)
 ParOldGen       total 77824K, used 7316K [0x00000006c1e00000, 0x00000006c6a00000, 0x000000076b500000)
  object space 77824K, 9% used [0x00000006c1e00000,0x00000006c25250c0,0x00000006c6a00000)
 Metaspace       used 33208K, capacity 35306K, committed 35496K, reserved 1079296K
  class space    used 4396K, capacity 4775K, committed 4784K, reserved 1048576K
}
Event: 5.772 GC heap before
{Heap before GC invocations=8 (full 2):
 PSYoungGen      total 251904K, used 9006K [0x000000076b500000, 0x000000077b980000, 0x00000007c0000000)
  eden space 241152K, 0% used [0x000000076b500000,0x000000076b500000,0x000000077a080000)
  from space 10752K, 83% used [0x000000077af00000,0x000000077b7cb9e8,0x000000077b980000)
  to   space 12800K, 0% used [0x000000077a080000,0x000000077a080000,0x000000077ad00000)
 ParOldGen       total 77824K, used 7316K [0x00000006c1e00000, 0x00000006c6a00000, 0x000000076b500000)
  object space 77824K, 9% used [0x00000006c1e00000,0x00000006c25250c0,0x00000006c6a00000)
 Metaspace       used 33208K, capacity 35306K, committed 35496K, reserved 1079296K
  class space    used 4396K, capacity 4775K, committed 4784K, reserved 1048576K
Event: 5.850 GC heap after
Heap after GC invocations=8 (full 2):
 PSYoungGen      total 251904K, used 0K [0x000000076b500000, 0x000000077b980000, 0x00000007c0000000)
  eden space 241152K, 0% used [0x000000076b500000,0x000000076b500000,0x000000077a080000)
  from space 10752K, 0% used [0x000000077af00000,0x000000077af00000,0x000000077b980000)
  to   space 12800K, 0% used [0x000000077a080000,0x000000077a080000,0x000000077ad00000)
 ParOldGen       total 97280K, used 15238K [0x00000006c1e00000, 0x00000006c7d00000, 0x000000076b500000)
  object space 97280K, 15% used [0x00000006c1e00000,0x00000006c2ce1870,0x00000006c7d00000)
 Metaspace       used 33208K, capacity 35306K, committed 35496K, reserved 1079296K
  class space    used 4396K, capacity 4775K, committed 4784K, reserved 1048576K
}

