# JRE version: Java(TM) SE Runtime Environment (8.0_131-b11) (build 1.8.0_131-b11)
# Java VM: Java HotSpot(TM) 64-Bit Server VM (25.131-b11 mixed mode windows-amd64 compressed oops)
Heap:
 PSYoungGen      total 100352K, used 63209K [0x000000076b500000, 0x0000000774a80000, 0x00000007c0000000)
  eden space 89600K, 70% used [0x000000076b500000,0x000000076f2ba590,0x0000000770c80000)
  from space 10752K, 0% used [0x0000000770c80000,0x0000000770c80000,0x0000000771700000)
  to   space 12288K, 0% used [0x0000000773e80000,0x0000000773e80000,0x0000000774a80000)
 ParOldGen       total 190976K, used 16179K [0x00000006c1e00000, 0x00000006cd880000, 0x000000076b500000)
  object space 190976K, 8% used [0x00000006c1e00000,0x00000006c2dcce10,0x00000006cd880000)
 Metaspace       used 39629K, capacity 42092K, committed 42368K, reserved 1085440K
  class space    used 5529K, capacity 5985K, committed 6016K, reserved 1048576K
GC Heap History (10 events):
Event: 2.049 GC heap before
{Heap before GC invocations=3 (full 1):
 PSYoungGen      total 76288K, used 10722K [0x000000076b500000, 0x0000000770a00000, 0x00000007c0000000)
  eden space 65536K, 0% used [0x000000076b500000,0x000000076b500000,0x000000076f500000)
  from space 10752K, 99% used [0x000000076ff80000,0x00000007709f8a90,0x0000000770a00000)
  to   space 10752K, 0% used [0x000000076f500000,0x000000076f500000,0x000000076ff80000)
 ParOldGen       total 175104K, used 924K [0x00000006c1e00000, 0x00000006cc900000, 0x000000076b500000)
  object space 175104K, 0% used [0x00000006c1e00000,0x00000006c1ee7130,0x00000006cc900000)
 Metaspace       used 20197K, capacity 21242K, committed 21296K, reserved 1067008K
  class space    used 2686K, capacity 2941K, committed 2944K, reserved 1048576K
Event: 2.075 GC heap after
Heap after GC invocations=3 (full 1):
 PSYoungGen      total 76288K, used 0K [0x000000076b500000, 0x0000000770a00000, 0x00000007c0000000)
  eden space 65536K, 0% used [0x000000076b500000,0x000000076b500000,0x000000076f500000)
  from space 10752K, 0% used [0x000000076ff80000,0x000000076ff80000,0x0000000770a00000)
  to   space 10752K, 0% used [0x000000076f500000,0x000000076f500000,0x000000076ff80000)
 ParOldGen       total 116224K, used 11241K [0x00000006c1e00000, 0x00000006c8f80000, 0x000000076b500000)
  object space 116224K, 9% used [0x00000006c1e00000,0x00000006c28fa768,0x00000006c8f80000)
 Metaspace       used 20197K, capacity 21242K, committed 21296K, reserved 1067008K
  class space    used 2686K, capacity 2941K, committed 2944K, reserved 1048576K
}
Event: 2.692 GC heap before
{Heap before GC invocations=4 (full 1):
 PSYoungGen      total 76288K, used 65536K [0x000000076b500000, 0x0000000770a00000, 0x00000007c0000000)
  eden space 65536K, 100% used [0x000000076b500000,0x000000076f500000,0x000000076f500000)
  from space 10752K, 0% used [0x000000076ff80000,0x000000076ff80000,0x0000000770a00000)
  to   space 10752K, 0% used [0x000000076f500000,0x000000076f500000,0x000000076ff80000)
 ParOldGen       total 116224K, used 11241K [0x00000006c1e00000, 0x00000006c8f80000, 0x000000076b500000)
  object space 116224K, 9% used [0x00000006c1e00000,0x00000006c28fa768,0x00000006c8f80000)
 Metaspace       used 24318K, capacity 26006K, committed 26240K, reserved 1071104K
  class space    used 3343K, capacity 3641K, committed 3712K, reserved 1048576K
Event: 2.696 GC heap after
Heap after GC invocations=4 (full 1):
 PSYoungGen      total 76288K, used 7110K [0x000000076b500000, 0x0000000772300000, 0x00000007c0000000)
  eden space 65536K, 0% used [0x000000076b500000,0x000000076b500000,0x000000076f500000)
  from space 10752K, 66% used [0x000000076f500000,0x000000076fbf1b78,0x000000076ff80000)
  to   space 10752K, 0% used [0x0000000771880000,0x0000000771880000,0x0000000772300000)
 ParOldGen       total 116224K, used 11249K [0x00000006c1e00000, 0x00000006c8f80000, 0x000000076b500000)
  object space 116224K, 9% used [0x00000006c1e00000,0x00000006c28fc768,0x00000006c8f80000)
 Metaspace       used 24318K, capacity 26006K, committed 26240K, reserved 1071104K
  class space    used 3343K, capacity 3641K, committed 3712K, reserved 1048576K
}
Event: 3.759 GC heap before
{Heap before GC invocations=5 (full 1):
 PSYoungGen      total 76288K, used 72646K [0x000000076b500000, 0x0000000772300000, 0x00000007c0000000)
  eden space 65536K, 100% used [0x000000076b500000,0x000000076f500000,0x000000076f500000)
  from space 10752K, 66% used [0x000000076f500000,0x000000076fbf1b78,0x000000076ff80000)
  to   space 10752K, 0% used [0x0000000771880000,0x0000000771880000,0x0000000772300000)
 ParOldGen       total 116224K, used 11249K [0x00000006c1e00000, 0x00000006c8f80000, 0x000000076b500000)
  object space 116224K, 9% used [0x00000006c1e00000,0x00000006c28fc768,0x00000006c8f80000)
 Metaspace       used 30458K, capacity 32412K, committed 32768K, reserved 1077248K
  class space    used 4129K, capacity 4482K, committed 4608K, reserved 1048576K
Event: 3.765 GC heap after
Heap after GC invocations=5 (full 1):
 PSYoungGen      total 98816K, used 8671K [0x000000076b500000, 0x0000000772180000, 0x00000007c0000000)
  eden space 89600K, 0% used [0x000000076b500000,0x000000076b500000,0x0000000770c80000)
  from space 9216K, 94% used [0x0000000771880000,0x00000007720f7ef0,0x0000000772180000)
  to   space 10752K, 0% used [0x0000000770c80000,0x0000000770c80000,0x0000000771700000)
 ParOldGen       total 116224K, used 11321K [0x00000006c1e00000, 0x00000006c8f80000, 0x000000076b500000)
  object space 116224K, 9% used [0x00000006c1e00000,0x00000006c290e778,0x00000006c8f80000)
 Metaspace       used 30458K, capacity 32412K, committed 32768K, reserved 1077248K
  class space    used 4129K, capacity 4482K, committed 4608K, reserved 1048576K
}
Event: 4.143 GC heap before
{Heap before GC invocations=6 (full 1):
 PSYoungGen      total 98816K, used 98048K [0x000000076b500000, 0x0000000772180000, 0x00000007c0000000)
  eden space 89600K, 99% used [0x000000076b500000,0x0000000770c481f0,0x0000000770c80000)
  from space 9216K, 94% used [0x0000000771880000,0x00000007720f7ef0,0x0000000772180000)
  to   space 10752K, 0% used [0x0000000770c80000,0x0000000770c80000,0x0000000771700000)
 ParOldGen       total 116224K, used 11321K [0x00000006c1e00000, 0x00000006c8f80000, 0x000000076b500000)
  object space 116224K, 9% used [0x00000006c1e00000,0x00000006c290e778,0x00000006c8f80000)
 Metaspace       used 33128K, capacity 35394K, committed 35496K, reserved 1079296K
  class space    used 4451K, capacity 4849K, committed 4864K, reserved 1048576K
Event: 4.150 GC heap after
Heap after GC invocations=6 (full 1):
 PSYoungGen      total 100352K, used 9868K [0x000000076b500000, 0x0000000774a80000, 0x00000007c0000000)
  eden space 89600K, 0% used [0x000000076b500000,0x000000076b500000,0x0000000770c80000)
  from space 10752K, 91% used [0x0000000770c80000,0x0000000771623198,0x0000000771700000)
  to   space 12288K, 0% used [0x0000000773e80000,0x0000000773e80000,0x0000000774a80000)
 ParOldGen       total 116224K, used 11329K [0x00000006c1e00000, 0x00000006c8f80000, 0x000000076b500000)
  object space 116224K, 9% used [0x00000006c1e00000,0x00000006c2910778,0x00000006c8f80000)
 Metaspace       used 33128K, capacity 35394K, committed 35496K, reserved 1079296K
  class space    used 4451K, capacity 4849K, committed 4864K, reserved 1048576K
}
Event: 4.150 GC heap before
{Heap before GC invocations=7 (full 2):
 PSYoungGen      total 100352K, used 9868K [0x000000076b500000, 0x0000000774a80000, 0x00000007c0000000)
  eden space 89600K, 0% used [0x000000076b500000,0x000000076b500000,0x0000000770c80000)
  from space 10752K, 91% used [0x0000000770c80000,0x0000000771623198,0x0000000771700000)
  to   space 12288K, 0% used [0x0000000773e80000,0x0000000773e80000,0x0000000774a80000)
 ParOldGen       total 116224K, used 11329K [0x00000006c1e00000, 0x00000006c8f80000, 0x000000076b500000)
  object space 116224K, 9% used [0x00000006c1e00000,0x00000006c2910778,0x00000006c8f80000)
 Metaspace       used 33128K, capacity 35394K, committed 35496K, reserved 1079296K
  class space    used 4451K, capacity 4849K, committed 4864K, reserved 1048576K
Event: 4.209 GC heap after
Heap after GC invocations=7 (full 2):
 PSYoungGen      total 100352K, used 0K [0x000000076b500000, 0x0000000774a80000, 0x00000007c0000000)
  eden space 89600K, 0% used [0x000000076b500000,0x000000076b500000,0x0000000770c80000)
  from space 10752K, 0% used [0x0000000770c80000,0x0000000770c80000,0x0000000771700000)
  to   space 12288K, 0% used [0x0000000773e80000,0x0000000773e80000,0x0000000774a80000)
 ParOldGen       total 190976K, used 16179K [0x00000006c1e00000, 0x00000006cd880000, 0x000000076b500000)
  object space 190976K, 8% used [0x00000006c1e00000,0x00000006c2dcce10,0x00000006cd880000)
 Metaspace       used 33128K, capacity 35394K, committed 35496K, reserved 1079296K
  class space    used 4451K, capacity 4849K, committed 4864K, reserved 1048576K
}

