# JRE version: Java(TM) SE Runtime Environment (8.0_131-b11) (build 1.8.0_131-b11)
# Java VM: Java HotSpot(TM) 64-Bit Server VM (25.131-b11 mixed mode windows-amd64 compressed oops)
Heap:
 PSYoungGen      total 232448K, used 94103K [0x000000076b500000, 0x000000077ae00000, 0x00000007c0000000)
  eden space 219648K, 42% used [0x000000076b500000,0x00000007710e5fb0,0x0000000778b80000)
  from space 12800K, 0% used [0x0000000779800000,0x0000000779800000,0x000000077a480000)
  to   space 12800K, 0% used [0x0000000778b80000,0x0000000778b80000,0x0000000779800000)
 ParOldGen       total 116224K, used 16182K [0x00000006c1e00000, 0x00000006c8f80000, 0x000000076b500000)
  object space 116224K, 13% used [0x00000006c1e00000,0x00000006c2dcd930,0x00000006c8f80000)
 Metaspace       used 39221K, capacity 41892K, committed 42112K, reserved 1085440K
  class space    used 5216K, capacity 5717K, committed 5760K, reserved 1048576K
GC Heap History (10 events):
Event: 2.946 GC heap before
{Heap before GC invocations=4 (full 1):
 PSYoungGen      total 76288K, used 7725K [0x000000076b500000, 0x0000000774a00000, 0x00000007c0000000)
  eden space 65536K, 0% used [0x000000076b500000,0x000000076b500000,0x000000076f500000)
  from space 10752K, 71% used [0x000000076f500000,0x000000076fc8b6c0,0x000000076ff80000)
  to   space 10752K, 0% used [0x0000000773f80000,0x0000000773f80000,0x0000000774a00000)
 ParOldGen       total 175104K, used 1307K [0x00000006c1e00000, 0x00000006cc900000, 0x000000076b500000)
  object space 175104K, 0% used [0x00000006c1e00000,0x00000006c1f46c18,0x00000006cc900000)
 Metaspace       used 20296K, capacity 21292K, committed 21296K, reserved 1067008K
  class space    used 2707K, capacity 2940K, committed 2944K, reserved 1048576K
Event: 2.981 GC heap after
Heap after GC invocations=4 (full 1):
 PSYoungGen      total 76288K, used 0K [0x000000076b500000, 0x0000000774a00000, 0x00000007c0000000)
  eden space 65536K, 0% used [0x000000076b500000,0x000000076b500000,0x000000076f500000)
  from space 10752K, 0% used [0x000000076f500000,0x000000076f500000,0x000000076ff80000)
  to   space 10752K, 0% used [0x0000000773f80000,0x0000000773f80000,0x0000000774a00000)
 ParOldGen       total 82944K, used 7633K [0x00000006c1e00000, 0x00000006c6f00000, 0x000000076b500000)
  object space 82944K, 9% used [0x00000006c1e00000,0x00000006c2574570,0x00000006c6f00000)
 Metaspace       used 20296K, capacity 21292K, committed 21296K, reserved 1067008K
  class space    used 2707K, capacity 2940K, committed 2944K, reserved 1048576K
}
Event: 3.671 GC heap before
{Heap before GC invocations=5 (full 1):
 PSYoungGen      total 76288K, used 65536K [0x000000076b500000, 0x0000000774a00000, 0x00000007c0000000)
  eden space 65536K, 100% used [0x000000076b500000,0x000000076f500000,0x000000076f500000)
  from space 10752K, 0% used [0x000000076f500000,0x000000076f500000,0x000000076ff80000)
  to   space 10752K, 0% used [0x0000000773f80000,0x0000000773f80000,0x0000000774a00000)
 ParOldGen       total 82944K, used 7633K [0x00000006c1e00000, 0x00000006c6f00000, 0x000000076b500000)
  object space 82944K, 9% used [0x00000006c1e00000,0x00000006c2574570,0x00000006c6f00000)
 Metaspace       used 24694K, capacity 26414K, committed 26624K, reserved 1073152K
  class space    used 3403K, capacity 3753K, committed 3840K, reserved 1048576K
Event: 3.677 GC heap after
Heap after GC invocations=5 (full 1):
 PSYoungGen      total 129536K, used 7744K [0x000000076b500000, 0x0000000774780000, 0x00000007c0000000)
  eden space 121344K, 0% used [0x000000076b500000,0x000000076b500000,0x0000000772b80000)
  from space 8192K, 94% used [0x0000000773f80000,0x0000000774710000,0x0000000774780000)
  to   space 10752K, 0% used [0x0000000773280000,0x0000000773280000,0x0000000773d00000)
 ParOldGen       total 82944K, used 7641K [0x00000006c1e00000, 0x00000006c6f00000, 0x000000076b500000)
  object space 82944K, 9% used [0x00000006c1e00000,0x00000006c2576570,0x00000006c6f00000)
 Metaspace       used 24694K, capacity 26414K, committed 26624K, reserved 1073152K
  class space    used 3403K, capacity 3753K, committed 3840K, reserved 1048576K
}
Event: 5.364 GC heap before
{Heap before GC invocations=6 (full 1):
 PSYoungGen      total 129536K, used 129088K [0x000000076b500000, 0x0000000774780000, 0x00000007c0000000)
  eden space 121344K, 100% used [0x000000076b500000,0x0000000772b80000,0x0000000772b80000)
  from space 8192K, 94% used [0x0000000773f80000,0x0000000774710000,0x0000000774780000)
  to   space 10752K, 0% used [0x0000000773280000,0x0000000773280000,0x0000000773d00000)
 ParOldGen       total 82944K, used 7641K [0x00000006c1e00000, 0x00000006c6f00000, 0x000000076b500000)
  object space 82944K, 9% used [0x00000006c1e00000,0x00000006c2576570,0x00000006c6f00000)
 Metaspace       used 31386K, capacity 33390K, committed 33664K, reserved 1079296K
  class space    used 4252K, capacity 4643K, committed 4736K, reserved 1048576K
Event: 5.373 GC heap after
Heap after GC invocations=6 (full 1):
 PSYoungGen      total 139264K, used 10128K [0x000000076b500000, 0x000000077a480000, 0x00000007c0000000)
  eden space 128512K, 0% used [0x000000076b500000,0x000000076b500000,0x0000000773280000)
  from space 10752K, 94% used [0x0000000773280000,0x0000000773c642c8,0x0000000773d00000)
  to   space 12800K, 0% used [0x0000000779800000,0x0000000779800000,0x000000077a480000)
 ParOldGen       total 82944K, used 7713K [0x00000006c1e00000, 0x00000006c6f00000, 0x000000076b500000)
  object space 82944K, 9% used [0x00000006c1e00000,0x00000006c2588580,0x00000006c6f00000)
 Metaspace       used 31386K, capacity 33390K, committed 33664K, reserved 1079296K
  class space    used 4252K, capacity 4643K, committed 4736K, reserved 1048576K
}
Event: 5.669 GC heap before
{Heap before GC invocations=7 (full 1):
 PSYoungGen      total 139264K, used 84647K [0x000000076b500000, 0x000000077a480000, 0x00000007c0000000)
  eden space 128512K, 57% used [0x000000076b500000,0x000000076fdc5aa8,0x0000000773280000)
  from space 10752K, 94% used [0x0000000773280000,0x0000000773c642c8,0x0000000773d00000)
  to   space 12800K, 0% used [0x0000000779800000,0x0000000779800000,0x000000077a480000)
 ParOldGen       total 82944K, used 7713K [0x00000006c1e00000, 0x00000006c6f00000, 0x000000076b500000)
  object space 82944K, 9% used [0x00000006c1e00000,0x00000006c2588580,0x00000006c6f00000)
 Metaspace       used 33277K, capacity 35430K, committed 35496K, reserved 1079296K
  class space    used 4465K, capacity 4843K, committed 4864K, reserved 1048576K
Event: 5.675 GC heap after
Heap after GC invocations=7 (full 1):
 PSYoungGen      total 232448K, used 9726K [0x000000076b500000, 0x000000077ae00000, 0x00000007c0000000)
  eden space 219648K, 0% used [0x000000076b500000,0x000000076b500000,0x0000000778b80000)
  from space 12800K, 75% used [0x0000000779800000,0x000000077a17fad0,0x000000077a480000)
  to   space 12800K, 0% used [0x0000000778b80000,0x0000000778b80000,0x0000000779800000)
 ParOldGen       total 82944K, used 7721K [0x00000006c1e00000, 0x00000006c6f00000, 0x000000076b500000)
  object space 82944K, 9% used [0x00000006c1e00000,0x00000006c258a580,0x00000006c6f00000)
 Metaspace       used 33277K, capacity 35430K, committed 35496K, reserved 1079296K
  class space    used 4465K, capacity 4843K, committed 4864K, reserved 1048576K
}
Event: 5.676 GC heap before
{Heap before GC invocations=8 (full 2):
 PSYoungGen      total 232448K, used 9726K [0x000000076b500000, 0x000000077ae00000, 0x00000007c0000000)
  eden space 219648K, 0% used [0x000000076b500000,0x000000076b500000,0x0000000778b80000)
  from space 12800K, 75% used [0x0000000779800000,0x000000077a17fad0,0x000000077a480000)
  to   space 12800K, 0% used [0x0000000778b80000,0x0000000778b80000,0x0000000779800000)
 ParOldGen       total 82944K, used 7721K [0x00000006c1e00000, 0x00000006c6f00000, 0x000000076b500000)
  object space 82944K, 9% used [0x00000006c1e00000,0x00000006c258a580,0x00000006c6f00000)
 Metaspace       used 33277K, capacity 35430K, committed 35496K, reserved 1079296K
  class space    used 4465K, capacity 4843K, committed 4864K, reserved 1048576K
Event: 5.762 GC heap after
Heap after GC invocations=8 (full 2):
 PSYoungGen      total 232448K, used 0K [0x000000076b500000, 0x000000077ae00000, 0x00000007c0000000)
  eden space 219648K, 0% used [0x000000076b500000,0x000000076b500000,0x0000000778b80000)
  from space 12800K, 0% used [0x0000000779800000,0x0000000779800000,0x000000077a480000)
  to   space 12800K, 0% used [0x0000000778b80000,0x0000000778b80000,0x0000000779800000)
 ParOldGen       total 116224K, used 16182K [0x00000006c1e00000, 0x00000006c8f80000, 0x000000076b500000)
  object space 116224K, 13% used [0x00000006c1e00000,0x00000006c2dcd930,0x00000006c8f80000)
 Metaspace       used 33277K, capacity 35430K, committed 35496K, reserved 1079296K
  class space    used 4465K, capacity 4843K, committed 4864K, reserved 1048576K
}

