# JRE version: Java(TM) SE Runtime Environment (8.0_131-b11) (build 1.8.0_131-b11)
# Java VM: Java HotSpot(TM) 64-Bit Server VM (25.131-b11 mixed mode windows-amd64 compressed oops)
Heap:
 PSYoungGen      total 176640K, used 76158K [0x000000076b500000, 0x0000000778f80000, 0x00000007c0000000)
  eden space 163840K, 46% used [0x000000076b500000,0x000000076ff5fb40,0x0000000775500000)
  from space 12800K, 0% used [0x0000000776100000,0x0000000776100000,0x0000000776d80000)
  to   space 12288K, 0% used [0x0000000775500000,0x0000000775500000,0x0000000776100000)
 ParOldGen       total 151040K, used 15566K [0x00000006c1e00000, 0x00000006cb180000, 0x000000076b500000)
  object space 151040K, 10% used [0x00000006c1e00000,0x00000006c2d33ae0,0x00000006cb180000)
 Metaspace       used 40253K, capacity 42762K, committed 42920K, reserved 1085440K
  class space    used 5548K, capacity 6016K, committed 6064K, reserved 1048576K
GC Heap History (10 events):
Event: 2.715 GC heap before
{Heap before GC invocations=4 (full 1):
 PSYoungGen      total 76288K, used 7541K [0x000000076b500000, 0x0000000774a00000, 0x00000007c0000000)
  eden space 65536K, 0% used [0x000000076b500000,0x000000076b500000,0x000000076f500000)
  from space 10752K, 70% used [0x000000076f500000,0x000000076fc5d6e0,0x000000076ff80000)
  to   space 10752K, 0% used [0x0000000773f80000,0x0000000773f80000,0x0000000774a00000)
 ParOldGen       total 175104K, used 1095K [0x00000006c1e00000, 0x00000006cc900000, 0x000000076b500000)
  object space 175104K, 0% used [0x00000006c1e00000,0x00000006c1f11d08,0x00000006cc900000)
 Metaspace       used 20340K, capacity 21252K, committed 21296K, reserved 1067008K
  class space    used 2635K, capacity 2842K, committed 2864K, reserved 1048576K
Event: 2.763 GC heap after
Heap after GC invocations=4 (full 1):
 PSYoungGen      total 76288K, used 0K [0x000000076b500000, 0x0000000774a00000, 0x00000007c0000000)
  eden space 65536K, 0% used [0x000000076b500000,0x000000076b500000,0x000000076f500000)
  from space 10752K, 0% used [0x000000076f500000,0x000000076f500000,0x000000076ff80000)
  to   space 10752K, 0% used [0x0000000773f80000,0x0000000773f80000,0x0000000774a00000)
 ParOldGen       total 96768K, used 7412K [0x00000006c1e00000, 0x00000006c7c80000, 0x000000076b500000)
  object space 96768K, 7% used [0x00000006c1e00000,0x00000006c253d208,0x00000006c7c80000)
 Metaspace       used 20340K, capacity 21252K, committed 21296K, reserved 1067008K
  class space    used 2635K, capacity 2842K, committed 2864K, reserved 1048576K
}
Event: 3.759 GC heap before
{Heap before GC invocations=5 (full 1):
 PSYoungGen      total 76288K, used 65536K [0x000000076b500000, 0x0000000774a00000, 0x00000007c0000000)
  eden space 65536K, 100% used [0x000000076b500000,0x000000076f500000,0x000000076f500000)
  from space 10752K, 0% used [0x000000076f500000,0x000000076f500000,0x000000076ff80000)
  to   space 10752K, 0% used [0x0000000773f80000,0x0000000773f80000,0x0000000774a00000)
 ParOldGen       total 96768K, used 7412K [0x00000006c1e00000, 0x00000006c7c80000, 0x000000076b500000)
  object space 96768K, 7% used [0x00000006c1e00000,0x00000006c253d208,0x00000006c7c80000)
 Metaspace       used 24300K, capacity 25672K, committed 25904K, reserved 1071104K
  class space    used 3249K, capacity 3530K, committed 3632K, reserved 1048576K
Event: 3.765 GC heap after
Heap after GC invocations=5 (full 1):
 PSYoungGen      total 113152K, used 7191K [0x000000076b500000, 0x0000000774700000, 0x00000007c0000000)
  eden space 105472K, 0% used [0x000000076b500000,0x000000076b500000,0x0000000771c00000)
  from space 7680K, 93% used [0x0000000773f80000,0x0000000774685cb8,0x0000000774700000)
  to   space 10752K, 0% used [0x0000000773200000,0x0000000773200000,0x0000000773c80000)
 ParOldGen       total 96768K, used 7420K [0x00000006c1e00000, 0x00000006c7c80000, 0x000000076b500000)
  object space 96768K, 7% used [0x00000006c1e00000,0x00000006c253f208,0x00000006c7c80000)
 Metaspace       used 24300K, capacity 25672K, committed 25904K, reserved 1071104K
  class space    used 3249K, capacity 3530K, committed 3632K, reserved 1048576K
}
Event: 5.391 GC heap before
{Heap before GC invocations=6 (full 1):
 PSYoungGen      total 113152K, used 112663K [0x000000076b500000, 0x0000000774700000, 0x00000007c0000000)
  eden space 105472K, 100% used [0x000000076b500000,0x0000000771c00000,0x0000000771c00000)
  from space 7680K, 93% used [0x0000000773f80000,0x0000000774685cb8,0x0000000774700000)
  to   space 10752K, 0% used [0x0000000773200000,0x0000000773200000,0x0000000773c80000)
 ParOldGen       total 96768K, used 7420K [0x00000006c1e00000, 0x00000006c7c80000, 0x000000076b500000)
  object space 96768K, 7% used [0x00000006c1e00000,0x00000006c253f208,0x00000006c7c80000)
 Metaspace       used 31414K, capacity 33366K, committed 33712K, reserved 1079296K
  class space    used 4162K, capacity 4517K, committed 4528K, reserved 1048576K
Event: 5.400 GC heap after
Heap after GC invocations=6 (full 1):
 PSYoungGen      total 138752K, used 9861K [0x000000076b500000, 0x0000000776d80000, 0x00000007c0000000)
  eden space 128000K, 0% used [0x000000076b500000,0x000000076b500000,0x0000000773200000)
  from space 10752K, 91% used [0x0000000773200000,0x0000000773ba14a0,0x0000000773c80000)
  to   space 12800K, 0% used [0x0000000776100000,0x0000000776100000,0x0000000776d80000)
 ParOldGen       total 96768K, used 7492K [0x00000006c1e00000, 0x00000006c7c80000, 0x000000076b500000)
  object space 96768K, 7% used [0x00000006c1e00000,0x00000006c2551218,0x00000006c7c80000)
 Metaspace       used 31414K, capacity 33366K, committed 33712K, reserved 1079296K
  class space    used 4162K, capacity 4517K, committed 4528K, reserved 1048576K
}
Event: 5.748 GC heap before
{Heap before GC invocations=7 (full 1):
 PSYoungGen      total 138752K, used 67960K [0x000000076b500000, 0x0000000776d80000, 0x00000007c0000000)
  eden space 128000K, 45% used [0x000000076b500000,0x000000076edbce00,0x0000000773200000)
  from space 10752K, 91% used [0x0000000773200000,0x0000000773ba14a0,0x0000000773c80000)
  to   space 12800K, 0% used [0x0000000776100000,0x0000000776100000,0x0000000776d80000)
 ParOldGen       total 96768K, used 7492K [0x00000006c1e00000, 0x00000006c7c80000, 0x000000076b500000)
  object space 96768K, 7% used [0x00000006c1e00000,0x00000006c2551218,0x00000006c7c80000)
 Metaspace       used 33317K, capacity 35450K, committed 35496K, reserved 1079296K
  class space    used 4404K, capacity 4779K, committed 4784K, reserved 1048576K
Event: 5.756 GC heap after
Heap after GC invocations=7 (full 1):
 PSYoungGen      total 176640K, used 9452K [0x000000076b500000, 0x0000000778f80000, 0x00000007c0000000)
  eden space 163840K, 0% used [0x000000076b500000,0x000000076b500000,0x0000000775500000)
  from space 12800K, 73% used [0x0000000776100000,0x0000000776a3b3f8,0x0000000776d80000)
  to   space 12288K, 0% used [0x0000000775500000,0x0000000775500000,0x0000000776100000)
 ParOldGen       total 96768K, used 7500K [0x00000006c1e00000, 0x00000006c7c80000, 0x000000076b500000)
  object space 96768K, 7% used [0x00000006c1e00000,0x00000006c2553218,0x00000006c7c80000)
 Metaspace       used 33317K, capacity 35450K, committed 35496K, reserved 1079296K
  class space    used 4404K, capacity 4779K, committed 4784K, reserved 1048576K
}
Event: 5.756 GC heap before
{Heap before GC invocations=8 (full 2):
 PSYoungGen      total 176640K, used 9452K [0x000000076b500000, 0x0000000778f80000, 0x00000007c0000000)
  eden space 163840K, 0% used [0x000000076b500000,0x000000076b500000,0x0000000775500000)
  from space 12800K, 73% used [0x0000000776100000,0x0000000776a3b3f8,0x0000000776d80000)
  to   space 12288K, 0% used [0x0000000775500000,0x0000000775500000,0x0000000776100000)
 ParOldGen       total 96768K, used 7500K [0x00000006c1e00000, 0x00000006c7c80000, 0x000000076b500000)
  object space 96768K, 7% used [0x00000006c1e00000,0x00000006c2553218,0x00000006c7c80000)
 Metaspace       used 33317K, capacity 35450K, committed 35496K, reserved 1079296K
  class space    used 4404K, capacity 4779K, committed 4784K, reserved 1048576K
Event: 5.844 GC heap after
Heap after GC invocations=8 (full 2):
 PSYoungGen      total 176640K, used 0K [0x000000076b500000, 0x0000000778f80000, 0x00000007c0000000)
  eden space 163840K, 0% used [0x000000076b500000,0x000000076b500000,0x0000000775500000)
  from space 12800K, 0% used [0x0000000776100000,0x0000000776100000,0x0000000776d80000)
  to   space 12288K, 0% used [0x0000000775500000,0x0000000775500000,0x0000000776100000)
 ParOldGen       total 151040K, used 15566K [0x00000006c1e00000, 0x00000006cb180000, 0x000000076b500000)
  object space 151040K, 10% used [0x00000006c1e00000,0x00000006c2d33ae0,0x00000006cb180000)
 Metaspace       used 33317K, capacity 35450K, committed 35496K, reserved 1079296K
  class space    used 4404K, capacity 4779K, committed 4784K, reserved 1048576K
}

