# JRE version: Java(TM) SE Runtime Environment (8.0_131-b11) (build 1.8.0_131-b11)
# Java VM: Java HotSpot(TM) 64-Bit Server VM (25.131-b11 mixed mode windows-amd64 compressed oops)
Heap:
 PSYoungGen      total 476672K, used 15342K [0x000000076b500000, 0x000000078a100000, 0x00000007c0000000)
  eden space 472064K, 2% used [0x000000076b500000,0x000000076bf82788,0x0000000788200000)
  from space 4608K, 99% used [0x0000000789c80000,0x000000078a0f9418,0x000000078a100000)
  to   space 13312K, 0% used [0x0000000788700000,0x0000000788700000,0x0000000789400000)
 ParOldGen       total 118272K, used 15638K [0x00000006c1e00000, 0x00000006c9180000, 0x000000076b500000)
  object space 118272K, 13% used [0x00000006c1e00000,0x00000006c2d459d8,0x00000006c9180000)
 Metaspace       used 40304K, capacity 42792K, committed 42920K, reserved 1085440K
  class space    used 5556K, capacity 6021K, committed 6064K, reserved 1048576K
GC Heap History (10 events):
Event: 31.983 GC heap before
{Heap before GC invocations=10 (full 2):
 PSYoungGen      total 228352K, used 224814K [0x000000076b500000, 0x0000000781a00000, 0x00000007c0000000)
  eden space 215552K, 100% used [0x000000076b500000,0x0000000778780000,0x0000000778780000)
  from space 12800K, 72% used [0x0000000778780000,0x000000077908b900,0x0000000779400000)
  to   space 12288K, 0% used [0x0000000780e00000,0x0000000780e00000,0x0000000781a00000)
 ParOldGen       total 118272K, used 15598K [0x00000006c1e00000, 0x00000006c9180000, 0x000000076b500000)
  object space 118272K, 13% used [0x00000006c1e00000,0x00000006c2d3b9d8,0x00000006c9180000)
 Metaspace       used 40303K, capacity 42792K, committed 42920K, reserved 1085440K
  class space    used 5556K, capacity 6021K, committed 6064K, reserved 1048576K
Event: 31.988 GC heap after
Heap after GC invocations=10 (full 2):
 PSYoungGen      total 331264K, used 5380K [0x000000076b500000, 0x0000000781380000, 0x00000007c0000000)
  eden space 325632K, 0% used [0x000000076b500000,0x000000076b500000,0x000000077f300000)
  from space 5632K, 95% used [0x0000000780e00000,0x00000007813410e8,0x0000000781380000)
  to   space 12800K, 0% used [0x000000077fa80000,0x000000077fa80000,0x0000000780700000)
 ParOldGen       total 118272K, used 15606K [0x00000006c1e00000, 0x00000006c9180000, 0x000000076b500000)
  object space 118272K, 13% used [0x00000006c1e00000,0x00000006c2d3d9d8,0x00000006c9180000)
 Metaspace       used 40303K, capacity 42792K, committed 42920K, reserved 1085440K
  class space    used 5556K, capacity 6021K, committed 6064K, reserved 1048576K
}
Event: 111.464 GC heap before
{Heap before GC invocations=11 (full 2):
 PSYoungGen      total 331264K, used 331012K [0x000000076b500000, 0x0000000781380000, 0x00000007c0000000)
  eden space 325632K, 100% used [0x000000076b500000,0x000000077f300000,0x000000077f300000)
  from space 5632K, 95% used [0x0000000780e00000,0x00000007813410e8,0x0000000781380000)
  to   space 12800K, 0% used [0x000000077fa80000,0x000000077fa80000,0x0000000780700000)
 ParOldGen       total 118272K, used 15606K [0x00000006c1e00000, 0x00000006c9180000, 0x000000076b500000)
  object space 118272K, 13% used [0x00000006c1e00000,0x00000006c2d3d9d8,0x00000006c9180000)
 Metaspace       used 40303K, capacity 42792K, committed 42920K, reserved 1085440K
  class space    used 5556K, capacity 6021K, committed 6064K, reserved 1048576K
Event: 111.469 GC heap after
Heap after GC invocations=11 (full 2):
 PSYoungGen      total 346112K, used 4385K [0x000000076b500000, 0x0000000786000000, 0x00000007c0000000)
  eden space 333312K, 0% used [0x000000076b500000,0x000000076b500000,0x000000077fa80000)
  from space 12800K, 34% used [0x000000077fa80000,0x000000077fec8618,0x0000000780700000)
  to   space 12800K, 0% used [0x0000000785380000,0x0000000785380000,0x0000000786000000)
 ParOldGen       total 118272K, used 15614K [0x00000006c1e00000, 0x00000006c9180000, 0x000000076b500000)
  object space 118272K, 13% used [0x00000006c1e00000,0x00000006c2d3f9d8,0x00000006c9180000)
 Metaspace       used 40303K, capacity 42792K, committed 42920K, reserved 1085440K
  class space    used 5556K, capacity 6021K, committed 6064K, reserved 1048576K
}
Event: 115.534 GC heap before
{Heap before GC invocations=12 (full 2):
 PSYoungGen      total 346112K, used 337697K [0x000000076b500000, 0x0000000786000000, 0x00000007c0000000)
  eden space 333312K, 100% used [0x000000076b500000,0x000000077fa80000,0x000000077fa80000)
  from space 12800K, 34% used [0x000000077fa80000,0x000000077fec8618,0x0000000780700000)
  to   space 12800K, 0% used [0x0000000785380000,0x0000000785380000,0x0000000786000000)
 ParOldGen       total 118272K, used 15614K [0x00000006c1e00000, 0x00000006c9180000, 0x000000076b500000)
  object space 118272K, 13% used [0x00000006c1e00000,0x00000006c2d3f9d8,0x00000006c9180000)
 Metaspace       used 40303K, capacity 42792K, committed 42920K, reserved 1085440K
  class space    used 5556K, capacity 6021K, committed 6064K, reserved 1048576K
Event: 115.538 GC heap after
Heap after GC invocations=12 (full 2):
 PSYoungGen      total 419328K, used 4421K [0x000000076b500000, 0x0000000785e00000, 0x00000007c0000000)
  eden space 408576K, 0% used [0x000000076b500000,0x000000076b500000,0x0000000784400000)
  from space 10752K, 41% used [0x0000000785380000,0x00000007857d1508,0x0000000785e00000)
  to   space 13312K, 0% used [0x0000000784400000,0x0000000784400000,0x0000000785100000)
 ParOldGen       total 118272K, used 15622K [0x00000006c1e00000, 0x00000006c9180000, 0x000000076b500000)
  object space 118272K, 13% used [0x00000006c1e00000,0x00000006c2d419d8,0x00000006c9180000)
 Metaspace       used 40303K, capacity 42792K, committed 42920K, reserved 1085440K
  class space    used 5556K, capacity 6021K, committed 6064K, reserved 1048576K
}
Event: 119.725 GC heap before
{Heap before GC invocations=13 (full 2):
 PSYoungGen      total 419328K, used 412997K [0x000000076b500000, 0x0000000785e00000, 0x00000007c0000000)
  eden space 408576K, 100% used [0x000000076b500000,0x0000000784400000,0x0000000784400000)
  from space 10752K, 41% used [0x0000000785380000,0x00000007857d1508,0x0000000785e00000)
  to   space 13312K, 0% used [0x0000000784400000,0x0000000784400000,0x0000000785100000)
 ParOldGen       total 118272K, used 15622K [0x00000006c1e00000, 0x00000006c9180000, 0x000000076b500000)
  object space 118272K, 13% used [0x00000006c1e00000,0x00000006c2d419d8,0x00000006c9180000)
 Metaspace       used 40303K, capacity 42792K, committed 42920K, reserved 1085440K
  class space    used 5556K, capacity 6021K, committed 6064K, reserved 1048576K
Event: 119.729 GC heap after
Heap after GC invocations=13 (full 2):
 PSYoungGen      total 421888K, used 4530K [0x000000076b500000, 0x000000078a980000, 0x00000007c0000000)
  eden space 408576K, 0% used [0x000000076b500000,0x000000076b500000,0x0000000784400000)
  from space 13312K, 34% used [0x0000000784400000,0x000000078486cbc0,0x0000000785100000)
  to   space 13312K, 0% used [0x0000000789c80000,0x0000000789c80000,0x000000078a980000)
 ParOldGen       total 118272K, used 15630K [0x00000006c1e00000, 0x00000006c9180000, 0x000000076b500000)
  object space 118272K, 13% used [0x00000006c1e00000,0x00000006c2d439d8,0x00000006c9180000)
 Metaspace       used 40303K, capacity 42792K, committed 42920K, reserved 1085440K
  class space    used 5556K, capacity 6021K, committed 6064K, reserved 1048576K
}
Event: 140.594 GC heap before
{Heap before GC invocations=14 (full 2):
 PSYoungGen      total 421888K, used 413106K [0x000000076b500000, 0x000000078a980000, 0x00000007c0000000)
  eden space 408576K, 100% used [0x000000076b500000,0x0000000784400000,0x0000000784400000)
  from space 13312K, 34% used [0x0000000784400000,0x000000078486cbc0,0x0000000785100000)
  to   space 13312K, 0% used [0x0000000789c80000,0x0000000789c80000,0x000000078a980000)
 ParOldGen       total 118272K, used 15630K [0x00000006c1e00000, 0x00000006c9180000, 0x000000076b500000)
  object space 118272K, 13% used [0x00000006c1e00000,0x00000006c2d439d8,0x00000006c9180000)
 Metaspace       used 40304K, capacity 42792K, committed 42920K, reserved 1085440K
  class space    used 5556K, capacity 6021K, committed 6064K, reserved 1048576K
Event: 140.599 GC heap after
Heap after GC invocations=14 (full 2):
 PSYoungGen      total 476672K, used 4581K [0x000000076b500000, 0x000000078a100000, 0x00000007c0000000)
  eden space 472064K, 0% used [0x000000076b500000,0x000000076b500000,0x0000000788200000)
  from space 4608K, 99% used [0x0000000789c80000,0x000000078a0f9418,0x000000078a100000)
  to   space 13312K, 0% used [0x0000000788700000,0x0000000788700000,0x0000000789400000)
 ParOldGen       total 118272K, used 15638K [0x00000006c1e00000, 0x00000006c9180000, 0x000000076b500000)
  object space 118272K, 13% used [0x00000006c1e00000,0x00000006c2d459d8,0x00000006c9180000)
 Metaspace       used 40304K, capacity 42792K, committed 42920K, reserved 1085440K
  class space    used 5556K, capacity 6021K, committed 6064K, reserved 1048576K
}

