# JRE version: Java(TM) SE Runtime Environment (8.0_131-b11) (build 1.8.0_131-b11)
# Java VM: Java HotSpot(TM) 64-Bit Server VM (25.131-b11 mixed mode windows-amd64 compressed oops)
Heap:
 PSYoungGen      total 223744K, used 83167K [0x000000076b500000, 0x000000077a700000, 0x00000007c0000000)
  eden space 210944K, 39% used [0x000000076b500000,0x0000000770637cc0,0x0000000778300000)
  from space 12800K, 0% used [0x0000000778f00000,0x0000000778f00000,0x0000000779b80000)
  to   space 12288K, 0% used [0x0000000778300000,0x0000000778300000,0x0000000778f00000)
 ParOldGen       total 124928K, used 15339K [0x00000006c1e00000, 0x00000006c9800000, 0x000000076b500000)
  object space 124928K, 12% used [0x00000006c1e00000,0x00000006c2cface8,0x00000006c9800000)
 Metaspace       used 40272K, capacity 42754K, committed 42920K, reserved 1085440K
  class space    used 5548K, capacity 6016K, committed 6064K, reserved 1048576K
GC Heap History (10 events):
Event: 3.362 GC heap before
{Heap before GC invocations=4 (full 1):
 PSYoungGen      total 76288K, used 7557K [0x000000076b500000, 0x0000000774a00000, 0x00000007c0000000)
  eden space 65536K, 0% used [0x000000076b500000,0x000000076b500000,0x000000076f500000)
  from space 10752K, 70% used [0x000000076f500000,0x000000076fc616d0,0x000000076ff80000)
  to   space 10752K, 0% used [0x0000000773f80000,0x0000000773f80000,0x0000000774a00000)
 ParOldGen       total 175104K, used 1177K [0x00000006c1e00000, 0x00000006cc900000, 0x000000076b500000)
  object space 175104K, 0% used [0x00000006c1e00000,0x00000006c1f26770,0x00000006cc900000)
 Metaspace       used 20355K, capacity 21252K, committed 21296K, reserved 1067008K
  class space    used 2636K, capacity 2842K, committed 2864K, reserved 1048576K
Event: 3.391 GC heap after
Heap after GC invocations=4 (full 1):
 PSYoungGen      total 76288K, used 0K [0x000000076b500000, 0x0000000774a00000, 0x00000007c0000000)
  eden space 65536K, 0% used [0x000000076b500000,0x000000076b500000,0x000000076f500000)
  from space 10752K, 0% used [0x000000076f500000,0x000000076f500000,0x000000076ff80000)
  to   space 10752K, 0% used [0x0000000773f80000,0x0000000773f80000,0x0000000774a00000)
 ParOldGen       total 85504K, used 7408K [0x00000006c1e00000, 0x00000006c7180000, 0x000000076b500000)
  object space 85504K, 8% used [0x00000006c1e00000,0x00000006c253c3e0,0x00000006c7180000)
 Metaspace       used 20355K, capacity 21252K, committed 21296K, reserved 1067008K
  class space    used 2636K, capacity 2842K, committed 2864K, reserved 1048576K
}
Event: 4.251 GC heap before
{Heap before GC invocations=5 (full 1):
 PSYoungGen      total 76288K, used 65536K [0x000000076b500000, 0x0000000774a00000, 0x00000007c0000000)
  eden space 65536K, 100% used [0x000000076b500000,0x000000076f500000,0x000000076f500000)
  from space 10752K, 0% used [0x000000076f500000,0x000000076f500000,0x000000076ff80000)
  to   space 10752K, 0% used [0x0000000773f80000,0x0000000773f80000,0x0000000774a00000)
 ParOldGen       total 85504K, used 7408K [0x00000006c1e00000, 0x00000006c7180000, 0x000000076b500000)
  object space 85504K, 8% used [0x00000006c1e00000,0x00000006c253c3e0,0x00000006c7180000)
 Metaspace       used 24319K, capacity 25672K, committed 25904K, reserved 1071104K
  class space    used 3251K, capacity 3530K, committed 3632K, reserved 1048576K
Event: 4.263 GC heap after
Heap after GC invocations=5 (full 1):
 PSYoungGen      total 125952K, used 7025K [0x000000076b500000, 0x0000000774680000, 0x00000007c0000000)
  eden space 118784K, 0% used [0x000000076b500000,0x000000076b500000,0x0000000772900000)
  from space 7168K, 98% used [0x0000000773f80000,0x000000077465c678,0x0000000774680000)
  to   space 10752K, 0% used [0x0000000773180000,0x0000000773180000,0x0000000773c00000)
 ParOldGen       total 85504K, used 7416K [0x00000006c1e00000, 0x00000006c7180000, 0x000000076b500000)
  object space 85504K, 8% used [0x00000006c1e00000,0x00000006c253e3e0,0x00000006c7180000)
 Metaspace       used 24319K, capacity 25672K, committed 25904K, reserved 1071104K
  class space    used 3251K, capacity 3530K, committed 3632K, reserved 1048576K
}
Event: 5.944 GC heap before
{Heap before GC invocations=6 (full 1):
 PSYoungGen      total 125952K, used 125809K [0x000000076b500000, 0x0000000774680000, 0x00000007c0000000)
  eden space 118784K, 100% used [0x000000076b500000,0x0000000772900000,0x0000000772900000)
  from space 7168K, 98% used [0x0000000773f80000,0x000000077465c678,0x0000000774680000)
  to   space 10752K, 0% used [0x0000000773180000,0x0000000773180000,0x0000000773c00000)
 ParOldGen       total 85504K, used 7416K [0x00000006c1e00000, 0x00000006c7180000, 0x000000076b500000)
  object space 85504K, 8% used [0x00000006c1e00000,0x00000006c253e3e0,0x00000006c7180000)
 Metaspace       used 31537K, capacity 33532K, committed 33840K, reserved 1079296K
  class space    used 4184K, capacity 4550K, committed 4656K, reserved 1048576K
Event: 5.954 GC heap after
Heap after GC invocations=6 (full 1):
 PSYoungGen      total 138240K, used 10094K [0x000000076b500000, 0x0000000779b80000, 0x00000007c0000000)
  eden space 127488K, 0% used [0x000000076b500000,0x000000076b500000,0x0000000773180000)
  from space 10752K, 93% used [0x0000000773180000,0x0000000773b5bac8,0x0000000773c00000)
  to   space 12800K, 0% used [0x0000000778f00000,0x0000000778f00000,0x0000000779b80000)
 ParOldGen       total 85504K, used 7488K [0x00000006c1e00000, 0x00000006c7180000, 0x000000076b500000)
  object space 85504K, 8% used [0x00000006c1e00000,0x00000006c25503f0,0x00000006c7180000)
 Metaspace       used 31537K, capacity 33532K, committed 33840K, reserved 1079296K
  class space    used 4184K, capacity 4550K, committed 4656K, reserved 1048576K
}
Event: 6.305 GC heap before
{Heap before GC invocations=7 (full 1):
 PSYoungGen      total 138240K, used 54135K [0x000000076b500000, 0x0000000779b80000, 0x00000007c0000000)
  eden space 127488K, 34% used [0x000000076b500000,0x000000076e0022e8,0x0000000773180000)
  from space 10752K, 93% used [0x0000000773180000,0x0000000773b5bac8,0x0000000773c00000)
  to   space 12800K, 0% used [0x0000000778f00000,0x0000000778f00000,0x0000000779b80000)
 ParOldGen       total 85504K, used 7488K [0x00000006c1e00000, 0x00000006c7180000, 0x000000076b500000)
  object space 85504K, 8% used [0x00000006c1e00000,0x00000006c25503f0,0x00000006c7180000)
 Metaspace       used 33258K, capacity 35434K, committed 35496K, reserved 1079296K
  class space    used 4391K, capacity 4775K, committed 4784K, reserved 1048576K
Event: 6.311 GC heap after
Heap after GC invocations=7 (full 1):
 PSYoungGen      total 223744K, used 9198K [0x000000076b500000, 0x000000077a700000, 0x00000007c0000000)
  eden space 210944K, 0% used [0x000000076b500000,0x000000076b500000,0x0000000778300000)
  from space 12800K, 71% used [0x0000000778f00000,0x00000007797fb9e8,0x0000000779b80000)
  to   space 12288K, 0% used [0x0000000778300000,0x0000000778300000,0x0000000778f00000)
 ParOldGen       total 85504K, used 7496K [0x00000006c1e00000, 0x00000006c7180000, 0x000000076b500000)
  object space 85504K, 8% used [0x00000006c1e00000,0x00000006c25523f0,0x00000006c7180000)
 Metaspace       used 33258K, capacity 35434K, committed 35496K, reserved 1079296K
  class space    used 4391K, capacity 4775K, committed 4784K, reserved 1048576K
}
Event: 6.312 GC heap before
{Heap before GC invocations=8 (full 2):
 PSYoungGen      total 223744K, used 9198K [0x000000076b500000, 0x000000077a700000, 0x00000007c0000000)
  eden space 210944K, 0% used [0x000000076b500000,0x000000076b500000,0x0000000778300000)
  from space 12800K, 71% used [0x0000000778f00000,0x00000007797fb9e8,0x0000000779b80000)
  to   space 12288K, 0% used [0x0000000778300000,0x0000000778300000,0x0000000778f00000)
 ParOldGen       total 85504K, used 7496K [0x00000006c1e00000, 0x00000006c7180000, 0x000000076b500000)
  object space 85504K, 8% used [0x00000006c1e00000,0x00000006c25523f0,0x00000006c7180000)
 Metaspace       used 33258K, capacity 35434K, committed 35496K, reserved 1079296K
  class space    used 4391K, capacity 4775K, committed 4784K, reserved 1048576K
Event: 6.396 GC heap after
Heap after GC invocations=8 (full 2):
 PSYoungGen      total 223744K, used 0K [0x000000076b500000, 0x000000077a700000, 0x00000007c0000000)
  eden space 210944K, 0% used [0x000000076b500000,0x000000076b500000,0x0000000778300000)
  from space 12800K, 0% used [0x0000000778f00000,0x0000000778f00000,0x0000000779b80000)
  to   space 12288K, 0% used [0x0000000778300000,0x0000000778300000,0x0000000778f00000)
 ParOldGen       total 124928K, used 15339K [0x00000006c1e00000, 0x00000006c9800000, 0x000000076b500000)
  object space 124928K, 12% used [0x00000006c1e00000,0x00000006c2cface8,0x00000006c9800000)
 Metaspace       used 33258K, capacity 35434K, committed 35496K, reserved 1079296K
  class space    used 4391K, capacity 4775K, committed 4784K, reserved 1048576K
}

