# JRE version: Java(TM) SE Runtime Environment (8.0_131-b11) (build 1.8.0_131-b11)
# Java VM: Java HotSpot(TM) 64-Bit Server VM (25.131-b11 mixed mode windows-amd64 compressed oops)
Heap:
 PSYoungGen      total 143872K, used 74505K [0x000000076b500000, 0x0000000776800000, 0x00000007c0000000)
  eden space 132096K, 56% used [0x000000076b500000,0x000000076fdc2450,0x0000000773600000)
  from space 11776K, 0% used [0x0000000774100000,0x0000000774100000,0x0000000774c80000)
  to   space 11264K, 0% used [0x0000000773600000,0x0000000773600000,0x0000000774100000)
 ParOldGen       total 153600K, used 14658K [0x00000006c1e00000, 0x00000006cb400000, 0x000000076b500000)
  object space 153600K, 9% used [0x00000006c1e00000,0x00000006c2c50b48,0x00000006cb400000)
 Metaspace       used 40304K, capacity 42822K, committed 42920K, reserved 1085440K
  class space    used 5549K, capacity 6016K, committed 6064K, reserved 1048576K
GC Heap History (10 events):
Event: 2.931 GC heap before
{Heap before GC invocations=4 (full 1):
 PSYoungGen      total 76288K, used 65536K [0x000000076b500000, 0x0000000770a00000, 0x00000007c0000000)
  eden space 65536K, 100% used [0x000000076b500000,0x000000076f500000,0x000000076f500000)
  from space 10752K, 0% used [0x000000076ff80000,0x000000076ff80000,0x0000000770a00000)
  to   space 10752K, 0% used [0x000000076f500000,0x000000076f500000,0x000000076ff80000)
 ParOldGen       total 115200K, used 11367K [0x00000006c1e00000, 0x00000006c8e80000, 0x000000076b500000)
  object space 115200K, 9% used [0x00000006c1e00000,0x00000006c2919fa0,0x00000006c8e80000)
 Metaspace       used 24256K, capacity 25582K, committed 25904K, reserved 1071104K
  class space    used 3239K, capacity 3521K, committed 3632K, reserved 1048576K
Event: 2.935 GC heap after
Heap after GC invocations=4 (full 1):
 PSYoungGen      total 76288K, used 7045K [0x000000076b500000, 0x0000000772400000, 0x00000007c0000000)
  eden space 65536K, 0% used [0x000000076b500000,0x000000076b500000,0x000000076f500000)
  from space 10752K, 65% used [0x000000076f500000,0x000000076fbe15c0,0x000000076ff80000)
  to   space 10752K, 0% used [0x0000000771980000,0x0000000771980000,0x0000000772400000)
 ParOldGen       total 115200K, used 11375K [0x00000006c1e00000, 0x00000006c8e80000, 0x000000076b500000)
  object space 115200K, 9% used [0x00000006c1e00000,0x00000006c291bfa0,0x00000006c8e80000)
 Metaspace       used 24256K, capacity 25582K, committed 25904K, reserved 1071104K
  class space    used 3239K, capacity 3521K, committed 3632K, reserved 1048576K
}
Event: 4.119 GC heap before
{Heap before GC invocations=5 (full 1):
 PSYoungGen      total 76288K, used 72581K [0x000000076b500000, 0x0000000772400000, 0x00000007c0000000)
  eden space 65536K, 100% used [0x000000076b500000,0x000000076f500000,0x000000076f500000)
  from space 10752K, 65% used [0x000000076f500000,0x000000076fbe15c0,0x000000076ff80000)
  to   space 10752K, 0% used [0x0000000771980000,0x0000000771980000,0x0000000772400000)
 ParOldGen       total 115200K, used 11375K [0x00000006c1e00000, 0x00000006c8e80000, 0x000000076b500000)
  object space 115200K, 9% used [0x00000006c1e00000,0x00000006c291bfa0,0x00000006c8e80000)
 Metaspace       used 29122K, capacity 31064K, committed 31152K, reserved 1077248K
  class space    used 3890K, capacity 4246K, committed 4272K, reserved 1048576K
Event: 4.125 GC heap after
Heap after GC invocations=5 (full 1):
 PSYoungGen      total 99840K, used 8814K [0x000000076b500000, 0x0000000772280000, 0x00000007c0000000)
  eden space 90624K, 0% used [0x000000076b500000,0x000000076b500000,0x0000000770d80000)
  from space 9216K, 95% used [0x0000000771980000,0x000000077221b888,0x0000000772280000)
  to   space 10752K, 0% used [0x0000000770d80000,0x0000000770d80000,0x0000000771800000)
 ParOldGen       total 115200K, used 11383K [0x00000006c1e00000, 0x00000006c8e80000, 0x000000076b500000)
  object space 115200K, 9% used [0x00000006c1e00000,0x00000006c291dfa0,0x00000006c8e80000)
 Metaspace       used 29122K, capacity 31064K, committed 31152K, reserved 1077248K
  class space    used 3890K, capacity 4246K, committed 4272K, reserved 1048576K
}
Event: 4.572 GC heap before
{Heap before GC invocations=6 (full 1):
 PSYoungGen      total 99840K, used 99438K [0x000000076b500000, 0x0000000772280000, 0x00000007c0000000)
  eden space 90624K, 100% used [0x000000076b500000,0x0000000770d80000,0x0000000770d80000)
  from space 9216K, 95% used [0x0000000771980000,0x000000077221b888,0x0000000772280000)
  to   space 10752K, 0% used [0x0000000770d80000,0x0000000770d80000,0x0000000771800000)
 ParOldGen       total 115200K, used 11383K [0x00000006c1e00000, 0x00000006c8e80000, 0x000000076b500000)
  object space 115200K, 9% used [0x00000006c1e00000,0x00000006c291dfa0,0x00000006c8e80000)
 Metaspace       used 32913K, capacity 34994K, committed 35248K, reserved 1079296K
  class space    used 4348K, capacity 4735K, committed 4784K, reserved 1048576K
Event: 4.580 GC heap after
Heap after GC invocations=6 (full 1):
 PSYoungGen      total 101376K, used 9201K [0x000000076b500000, 0x0000000774c80000, 0x00000007c0000000)
  eden space 90624K, 0% used [0x000000076b500000,0x000000076b500000,0x0000000770d80000)
  from space 10752K, 85% used [0x0000000770d80000,0x000000077167c630,0x0000000771800000)
  to   space 11776K, 0% used [0x0000000774100000,0x0000000774100000,0x0000000774c80000)
 ParOldGen       total 115200K, used 11455K [0x00000006c1e00000, 0x00000006c8e80000, 0x000000076b500000)
  object space 115200K, 9% used [0x00000006c1e00000,0x00000006c292ffb0,0x00000006c8e80000)
 Metaspace       used 32913K, capacity 34994K, committed 35248K, reserved 1079296K
  class space    used 4348K, capacity 4735K, committed 4784K, reserved 1048576K
}
Event: 4.625 GC heap before
{Heap before GC invocations=7 (full 1):
 PSYoungGen      total 101376K, used 14384K [0x000000076b500000, 0x0000000774c80000, 0x00000007c0000000)
  eden space 90624K, 5% used [0x000000076b500000,0x000000076ba0f9e8,0x0000000770d80000)
  from space 10752K, 85% used [0x0000000770d80000,0x000000077167c630,0x0000000771800000)
  to   space 11776K, 0% used [0x0000000774100000,0x0000000774100000,0x0000000774c80000)
 ParOldGen       total 115200K, used 11455K [0x00000006c1e00000, 0x00000006c8e80000, 0x000000076b500000)
  object space 115200K, 9% used [0x00000006c1e00000,0x00000006c292ffb0,0x00000006c8e80000)
 Metaspace       used 33341K, capacity 35440K, committed 35496K, reserved 1079296K
  class space    used 4402K, capacity 4776K, committed 4784K, reserved 1048576K
Event: 4.632 GC heap after
Heap after GC invocations=7 (full 1):
 PSYoungGen      total 143872K, used 8548K [0x000000076b500000, 0x0000000776800000, 0x00000007c0000000)
  eden space 132096K, 0% used [0x000000076b500000,0x000000076b500000,0x0000000773600000)
  from space 11776K, 72% used [0x0000000774100000,0x0000000774959040,0x0000000774c80000)
  to   space 11264K, 0% used [0x0000000773600000,0x0000000773600000,0x0000000774100000)
 ParOldGen       total 115200K, used 11463K [0x00000006c1e00000, 0x00000006c8e80000, 0x000000076b500000)
  object space 115200K, 9% used [0x00000006c1e00000,0x00000006c2931fb0,0x00000006c8e80000)
 Metaspace       used 33341K, capacity 35440K, committed 35496K, reserved 1079296K
  class space    used 4402K, capacity 4776K, committed 4784K, reserved 1048576K
}
Event: 4.632 GC heap before
{Heap before GC invocations=8 (full 2):
 PSYoungGen      total 143872K, used 8548K [0x000000076b500000, 0x0000000776800000, 0x00000007c0000000)
  eden space 132096K, 0% used [0x000000076b500000,0x000000076b500000,0x0000000773600000)
  from space 11776K, 72% used [0x0000000774100000,0x0000000774959040,0x0000000774c80000)
  to   space 11264K, 0% used [0x0000000773600000,0x0000000773600000,0x0000000774100000)
 ParOldGen       total 115200K, used 11463K [0x00000006c1e00000, 0x00000006c8e80000, 0x000000076b500000)
  object space 115200K, 9% used [0x00000006c1e00000,0x00000006c2931fb0,0x00000006c8e80000)
 Metaspace       used 33341K, capacity 35440K, committed 35496K, reserved 1079296K
  class space    used 4402K, capacity 4776K, committed 4784K, reserved 1048576K
Event: 4.704 GC heap after
Heap after GC invocations=8 (full 2):
 PSYoungGen      total 143872K, used 0K [0x000000076b500000, 0x0000000776800000, 0x00000007c0000000)
  eden space 132096K, 0% used [0x000000076b500000,0x000000076b500000,0x0000000773600000)
  from space 11776K, 0% used [0x0000000774100000,0x0000000774100000,0x0000000774c80000)
  to   space 11264K, 0% used [0x0000000773600000,0x0000000773600000,0x0000000774100000)
 ParOldGen       total 153600K, used 14658K [0x00000006c1e00000, 0x00000006cb400000, 0x000000076b500000)
  object space 153600K, 9% used [0x00000006c1e00000,0x00000006c2c50b48,0x00000006cb400000)
 Metaspace       used 33341K, capacity 35440K, committed 35496K, reserved 1079296K
  class space    used 4402K, capacity 4776K, committed 4784K, reserved 1048576K
}

