# JRE version: Java(TM) SE Runtime Environment (8.0_131-b11) (build 1.8.0_131-b11)
# Java VM: Java HotSpot(TM) 64-Bit Server VM (25.131-b11 mixed mode windows-amd64 compressed oops)
Heap:
 PSYoungGen      total 349184K, used 57997K [0x000000076b500000, 0x0000000783180000, 0x00000007c0000000)
  eden space 335872K, 15% used [0x000000076b500000,0x000000076e8f2648,0x000000077fd00000)
  from space 13312K, 36% used [0x000000077fd00000,0x00000007801b1000,0x0000000780a00000)
  to   space 12800K, 0% used [0x0000000782500000,0x0000000782500000,0x0000000783180000)
 ParOldGen       total 139264K, used 15525K [0x00000006c1e00000, 0x00000006ca600000, 0x000000076b500000)
  object space 139264K, 11% used [0x00000006c1e00000,0x00000006c2d297f8,0x00000006ca600000)
 Metaspace       used 40323K, capacity 42858K, committed 42928K, reserved 1085440K
  class space    used 5560K, capacity 6022K, committed 6064K, reserved 1048576K
GC Heap History (10 events):
Event: 22.154 GC heap before
{Heap before GC invocations=11 (full 2):
 PSYoungGen      total 264192K, used 263890K [0x000000076b500000, 0x000000077ce00000, 0x00000007c0000000)
  eden space 258560K, 100% used [0x000000076b500000,0x000000077b180000,0x000000077b180000)
  from space 5632K, 94% used [0x000000077c880000,0x000000077cdb4b80,0x000000077ce00000)
  to   space 12800K, 0% used [0x000000077b500000,0x000000077b500000,0x000000077c180000)
 ParOldGen       total 139264K, used 15493K [0x00000006c1e00000, 0x00000006ca600000, 0x000000076b500000)
  object space 139264K, 11% used [0x00000006c1e00000,0x00000006c2d217f8,0x00000006ca600000)
 Metaspace       used 40273K, capacity 42758K, committed 42928K, reserved 1085440K
  class space    used 5552K, capacity 6016K, committed 6064K, reserved 1048576K
Event: 22.159 GC heap after
Heap after GC invocations=11 (full 2):
 PSYoungGen      total 274944K, used 4372K [0x000000076b500000, 0x000000077fb00000, 0x00000007c0000000)
  eden space 262144K, 0% used [0x000000076b500000,0x000000076b500000,0x000000077b500000)
  from space 12800K, 34% used [0x000000077b500000,0x000000077b945098,0x000000077c180000)
  to   space 12800K, 0% used [0x000000077ee80000,0x000000077ee80000,0x000000077fb00000)
 ParOldGen       total 139264K, used 15501K [0x00000006c1e00000, 0x00000006ca600000, 0x000000076b500000)
  object space 139264K, 11% used [0x00000006c1e00000,0x00000006c2d237f8,0x00000006ca600000)
 Metaspace       used 40273K, capacity 42758K, committed 42928K, reserved 1085440K
  class space    used 5552K, capacity 6016K, committed 6064K, reserved 1048576K
}
Event: 25.993 GC heap before
{Heap before GC invocations=12 (full 2):
 PSYoungGen      total 274944K, used 266516K [0x000000076b500000, 0x000000077fb00000, 0x00000007c0000000)
  eden space 262144K, 100% used [0x000000076b500000,0x000000077b500000,0x000000077b500000)
  from space 12800K, 34% used [0x000000077b500000,0x000000077b945098,0x000000077c180000)
  to   space 12800K, 0% used [0x000000077ee80000,0x000000077ee80000,0x000000077fb00000)
 ParOldGen       total 139264K, used 15501K [0x00000006c1e00000, 0x00000006ca600000, 0x000000076b500000)
  object space 139264K, 11% used [0x00000006c1e00000,0x00000006c2d237f8,0x00000006ca600000)
 Metaspace       used 40277K, capacity 42764K, committed 42928K, reserved 1085440K
  class space    used 5552K, capacity 6017K, committed 6064K, reserved 1048576K
Event: 25.997 GC heap after
Heap after GC invocations=12 (full 2):
 PSYoungGen      total 313856K, used 4482K [0x000000076b500000, 0x000000077f800000, 0x00000007c0000000)
  eden space 304128K, 0% used [0x000000076b500000,0x000000076b500000,0x000000077de00000)
  from space 9728K, 46% used [0x000000077ee80000,0x000000077f2e0ae8,0x000000077f800000)
  to   space 13312K, 0% used [0x000000077de00000,0x000000077de00000,0x000000077eb00000)
 ParOldGen       total 139264K, used 15501K [0x00000006c1e00000, 0x00000006ca600000, 0x000000076b500000)
  object space 139264K, 11% used [0x00000006c1e00000,0x00000006c2d237f8,0x00000006ca600000)
 Metaspace       used 40277K, capacity 42764K, committed 42928K, reserved 1085440K
  class space    used 5552K, capacity 6017K, committed 6064K, reserved 1048576K
}
Event: 39.757 GC heap before
{Heap before GC invocations=13 (full 2):
 PSYoungGen      total 313856K, used 308610K [0x000000076b500000, 0x000000077f800000, 0x00000007c0000000)
  eden space 304128K, 100% used [0x000000076b500000,0x000000077de00000,0x000000077de00000)
  from space 9728K, 46% used [0x000000077ee80000,0x000000077f2e0ae8,0x000000077f800000)
  to   space 13312K, 0% used [0x000000077de00000,0x000000077de00000,0x000000077eb00000)
 ParOldGen       total 139264K, used 15501K [0x00000006c1e00000, 0x00000006ca600000, 0x000000076b500000)
  object space 139264K, 11% used [0x00000006c1e00000,0x00000006c2d237f8,0x00000006ca600000)
 Metaspace       used 40297K, capacity 42770K, committed 42928K, reserved 1085440K
  class space    used 5554K, capacity 6018K, committed 6064K, reserved 1048576K
Event: 39.761 GC heap after
Heap after GC invocations=13 (full 2):
 PSYoungGen      total 317440K, used 4547K [0x000000076b500000, 0x0000000781e80000, 0x00000007c0000000)
  eden space 304128K, 0% used [0x000000076b500000,0x000000076b500000,0x000000077de00000)
  from space 13312K, 34% used [0x000000077de00000,0x000000077e270eb8,0x000000077eb00000)
  to   space 13312K, 0% used [0x0000000781180000,0x0000000781180000,0x0000000781e80000)
 ParOldGen       total 139264K, used 15509K [0x00000006c1e00000, 0x00000006ca600000, 0x000000076b500000)
  object space 139264K, 11% used [0x00000006c1e00000,0x00000006c2d257f8,0x00000006ca600000)
 Metaspace       used 40297K, capacity 42770K, committed 42928K, reserved 1085440K
  class space    used 5554K, capacity 6018K, committed 6064K, reserved 1048576K
}
Event: 52.672 GC heap before
{Heap before GC invocations=14 (full 2):
 PSYoungGen      total 317440K, used 308675K [0x000000076b500000, 0x0000000781e80000, 0x00000007c0000000)
  eden space 304128K, 100% used [0x000000076b500000,0x000000077de00000,0x000000077de00000)
  from space 13312K, 34% used [0x000000077de00000,0x000000077e270eb8,0x000000077eb00000)
  to   space 13312K, 0% used [0x0000000781180000,0x0000000781180000,0x0000000781e80000)
 ParOldGen       total 139264K, used 15509K [0x00000006c1e00000, 0x00000006ca600000, 0x000000076b500000)
  object space 139264K, 11% used [0x00000006c1e00000,0x00000006c2d257f8,0x00000006ca600000)
 Metaspace       used 40315K, capacity 42846K, committed 42928K, reserved 1085440K
  class space    used 5559K, capacity 6020K, committed 6064K, reserved 1048576K
Event: 52.677 GC heap after
Heap after GC invocations=14 (full 2):
 PSYoungGen      total 341504K, used 4675K [0x000000076b500000, 0x0000000781700000, 0x00000007c0000000)
  eden space 335872K, 0% used [0x000000076b500000,0x000000076b500000,0x000000077fd00000)
  from space 5632K, 83% used [0x0000000781180000,0x0000000781610eb8,0x0000000781700000)
  to   space 13312K, 0% used [0x000000077fd00000,0x000000077fd00000,0x0000000780a00000)
 ParOldGen       total 139264K, used 15517K [0x00000006c1e00000, 0x00000006ca600000, 0x000000076b500000)
  object space 139264K, 11% used [0x00000006c1e00000,0x00000006c2d277f8,0x00000006ca600000)
 Metaspace       used 40315K, capacity 42846K, committed 42928K, reserved 1085440K
  class space    used 5559K, capacity 6020K, committed 6064K, reserved 1048576K
}
Event: 64.507 GC heap before
{Heap before GC invocations=15 (full 2):
 PSYoungGen      total 341504K, used 340547K [0x000000076b500000, 0x0000000781700000, 0x00000007c0000000)
  eden space 335872K, 100% used [0x000000076b500000,0x000000077fd00000,0x000000077fd00000)
  from space 5632K, 83% used [0x0000000781180000,0x0000000781610eb8,0x0000000781700000)
  to   space 13312K, 0% used [0x000000077fd00000,0x000000077fd00000,0x0000000780a00000)
 ParOldGen       total 139264K, used 15517K [0x00000006c1e00000, 0x00000006ca600000, 0x000000076b500000)
  object space 139264K, 11% used [0x00000006c1e00000,0x00000006c2d277f8,0x00000006ca600000)
 Metaspace       used 40318K, capacity 42852K, committed 42928K, reserved 1085440K
  class space    used 5559K, capacity 6021K, committed 6064K, reserved 1048576K
Event: 64.512 GC heap after
Heap after GC invocations=15 (full 2):
 PSYoungGen      total 349184K, used 4804K [0x000000076b500000, 0x0000000783180000, 0x00000007c0000000)
  eden space 335872K, 0% used [0x000000076b500000,0x000000076b500000,0x000000077fd00000)
  from space 13312K, 36% used [0x000000077fd00000,0x00000007801b1000,0x0000000780a00000)
  to   space 12800K, 0% used [0x0000000782500000,0x0000000782500000,0x0000000783180000)
 ParOldGen       total 139264K, used 15525K [0x00000006c1e00000, 0x00000006ca600000, 0x000000076b500000)
  object space 139264K, 11% used [0x00000006c1e00000,0x00000006c2d297f8,0x00000006ca600000)
 Metaspace       used 40318K, capacity 42852K, committed 42928K, reserved 1085440K
  class space    used 5559K, capacity 6021K, committed 6064K, reserved 1048576K
}

