# JRE version: Java(TM) SE Runtime Environment (8.0_131-b11) (build 1.8.0_131-b11)
# Java VM: Java HotSpot(TM) 64-Bit Server VM (25.131-b11 mixed mode windows-amd64 compressed oops)
Heap:
 PSYoungGen      total 206848K, used 98021K [0x000000076b500000, 0x0000000779300000, 0x00000007c0000000)
  eden space 198656K, 45% used [0x000000076b500000,0x0000000770d0de90,0x0000000777700000)
  from space 8192K, 95% used [0x0000000778b00000,0x00000007792ab760,0x0000000779300000)
  to   space 11264K, 0% used [0x0000000777d00000,0x0000000777d00000,0x0000000778800000)
 ParOldGen       total 151040K, used 14606K [0x00000006c1e00000, 0x00000006cb180000, 0x000000076b500000)
  object space 151040K, 9% used [0x00000006c1e00000,0x00000006c2c43828,0x00000006cb180000)
 Metaspace       used 40419K, capacity 42978K, committed 43176K, reserved 1087488K
  class space    used 5575K, capacity 6044K, committed 6064K, reserved 1048576K
GC Heap History (10 events):
Event: 4.935 GC heap before
{Heap before GC invocations=6 (full 1):
 PSYoungGen      total 99840K, used 98893K [0x000000076b500000, 0x0000000772200000, 0x00000007c0000000)
  eden space 90112K, 100% used [0x000000076b500000,0x0000000770d00000,0x0000000770d00000)
  from space 9728K, 90% used [0x0000000771880000,0x0000000772113680,0x0000000772200000)
  to   space 10752K, 0% used [0x0000000770d00000,0x0000000770d00000,0x0000000771780000)
 ParOldGen       total 115200K, used 11413K [0x00000006c1e00000, 0x00000006c8e80000, 0x000000076b500000)
  object space 115200K, 9% used [0x00000006c1e00000,0x00000006c2925400,0x00000006c8e80000)
 Metaspace       used 32917K, capacity 35062K, committed 35248K, reserved 1079296K
  class space    used 4348K, capacity 4735K, committed 4784K, reserved 1048576K
Event: 4.944 GC heap after
Heap after GC invocations=6 (full 1):
 PSYoungGen      total 100864K, used 9262K [0x000000076b500000, 0x0000000774900000, 0x00000007c0000000)
  eden space 90112K, 0% used [0x000000076b500000,0x000000076b500000,0x0000000770d00000)
  from space 10752K, 86% used [0x0000000770d00000,0x000000077160baf0,0x0000000771780000)
  to   space 11776K, 0% used [0x0000000773d80000,0x0000000773d80000,0x0000000774900000)
 ParOldGen       total 115200K, used 11485K [0x00000006c1e00000, 0x00000006c8e80000, 0x000000076b500000)
  object space 115200K, 9% used [0x00000006c1e00000,0x00000006c2937410,0x00000006c8e80000)
 Metaspace       used 32917K, capacity 35062K, committed 35248K, reserved 1079296K
  class space    used 4348K, capacity 4735K, committed 4784K, reserved 1048576K
}
Event: 4.978 GC heap before
{Heap before GC invocations=7 (full 1):
 PSYoungGen      total 100864K, used 14403K [0x000000076b500000, 0x0000000774900000, 0x00000007c0000000)
  eden space 90112K, 5% used [0x000000076b500000,0x000000076ba05478,0x0000000770d00000)
  from space 10752K, 86% used [0x0000000770d00000,0x000000077160baf0,0x0000000771780000)
  to   space 11776K, 0% used [0x0000000773d80000,0x0000000773d80000,0x0000000774900000)
 ParOldGen       total 115200K, used 11485K [0x00000006c1e00000, 0x00000006c8e80000, 0x000000076b500000)
  object space 115200K, 9% used [0x00000006c1e00000,0x00000006c2937410,0x00000006c8e80000)
 Metaspace       used 33262K, capacity 35442K, committed 35496K, reserved 1079296K
  class space    used 4393K, capacity 4775K, committed 4784K, reserved 1048576K
Event: 4.983 GC heap after
Heap after GC invocations=7 (full 1):
 PSYoungGen      total 139776K, used 8440K [0x000000076b500000, 0x0000000776500000, 0x00000007c0000000)
  eden space 128000K, 0% used [0x000000076b500000,0x000000076b500000,0x0000000773200000)
  from space 11776K, 71% used [0x0000000773d80000,0x00000007745be1d0,0x0000000774900000)
  to   space 11776K, 0% used [0x0000000773200000,0x0000000773200000,0x0000000773d80000)
 ParOldGen       total 115200K, used 11493K [0x00000006c1e00000, 0x00000006c8e80000, 0x000000076b500000)
  object space 115200K, 9% used [0x00000006c1e00000,0x00000006c2939410,0x00000006c8e80000)
 Metaspace       used 33262K, capacity 35442K, committed 35496K, reserved 1079296K
  class space    used 4393K, capacity 4775K, committed 4784K, reserved 1048576K
}
Event: 4.983 GC heap before
{Heap before GC invocations=8 (full 2):
 PSYoungGen      total 139776K, used 8440K [0x000000076b500000, 0x0000000776500000, 0x00000007c0000000)
  eden space 128000K, 0% used [0x000000076b500000,0x000000076b500000,0x0000000773200000)
  from space 11776K, 71% used [0x0000000773d80000,0x00000007745be1d0,0x0000000774900000)
  to   space 11776K, 0% used [0x0000000773200000,0x0000000773200000,0x0000000773d80000)
 ParOldGen       total 115200K, used 11493K [0x00000006c1e00000, 0x00000006c8e80000, 0x000000076b500000)
  object space 115200K, 9% used [0x00000006c1e00000,0x00000006c2939410,0x00000006c8e80000)
 Metaspace       used 33262K, capacity 35442K, committed 35496K, reserved 1079296K
  class space    used 4393K, capacity 4775K, committed 4784K, reserved 1048576K
Event: 5.051 GC heap after
Heap after GC invocations=8 (full 2):
 PSYoungGen      total 139776K, used 0K [0x000000076b500000, 0x0000000776500000, 0x00000007c0000000)
  eden space 128000K, 0% used [0x000000076b500000,0x000000076b500000,0x0000000773200000)
  from space 11776K, 0% used [0x0000000773d80000,0x0000000773d80000,0x0000000774900000)
  to   space 11776K, 0% used [0x0000000773200000,0x0000000773200000,0x0000000773d80000)
 ParOldGen       total 151040K, used 14590K [0x00000006c1e00000, 0x00000006cb180000, 0x000000076b500000)
  object space 151040K, 9% used [0x00000006c1e00000,0x00000006c2c3f828,0x00000006cb180000)
 Metaspace       used 33262K, capacity 35442K, committed 35496K, reserved 1079296K
  class space    used 4393K, capacity 4775K, committed 4784K, reserved 1048576K
}
Event: 9.961 GC heap before
{Heap before GC invocations=9 (full 2):
 PSYoungGen      total 139776K, used 128000K [0x000000076b500000, 0x0000000776500000, 0x00000007c0000000)
  eden space 128000K, 100% used [0x000000076b500000,0x0000000773200000,0x0000000773200000)
  from space 11776K, 0% used [0x0000000773d80000,0x0000000773d80000,0x0000000774900000)
  to   space 11776K, 0% used [0x0000000773200000,0x0000000773200000,0x0000000773d80000)
 ParOldGen       total 151040K, used 14590K [0x00000006c1e00000, 0x00000006cb180000, 0x000000076b500000)
  object space 151040K, 9% used [0x00000006c1e00000,0x00000006c2c3f828,0x00000006cb180000)
 Metaspace       used 40278K, capacity 42768K, committed 42920K, reserved 1085440K
  class space    used 5549K, capacity 6017K, committed 6064K, reserved 1048576K
Event: 9.971 GC heap after
Heap after GC invocations=9 (full 2):
 PSYoungGen      total 139776K, used 8350K [0x000000076b500000, 0x0000000779600000, 0x00000007c0000000)
  eden space 128000K, 0% used [0x000000076b500000,0x000000076b500000,0x0000000773200000)
  from space 11776K, 70% used [0x0000000773200000,0x0000000773a27950,0x0000000773d80000)
  to   space 11264K, 0% used [0x0000000778b00000,0x0000000778b00000,0x0000000779600000)
 ParOldGen       total 151040K, used 14598K [0x00000006c1e00000, 0x00000006cb180000, 0x000000076b500000)
  object space 151040K, 9% used [0x00000006c1e00000,0x00000006c2c41828,0x00000006cb180000)
 Metaspace       used 40278K, capacity 42768K, committed 42920K, reserved 1085440K
  class space    used 5549K, capacity 6017K, committed 6064K, reserved 1048576K
}
Event: 46.086 GC heap before
{Heap before GC invocations=10 (full 2):
 PSYoungGen      total 139776K, used 136350K [0x000000076b500000, 0x0000000779600000, 0x00000007c0000000)
  eden space 128000K, 100% used [0x000000076b500000,0x0000000773200000,0x0000000773200000)
  from space 11776K, 70% used [0x0000000773200000,0x0000000773a27950,0x0000000773d80000)
  to   space 11264K, 0% used [0x0000000778b00000,0x0000000778b00000,0x0000000779600000)
 ParOldGen       total 151040K, used 14598K [0x00000006c1e00000, 0x00000006cb180000, 0x000000076b500000)
  object space 151040K, 9% used [0x00000006c1e00000,0x00000006c2c41828,0x00000006cb180000)
 Metaspace       used 40278K, capacity 42768K, committed 42920K, reserved 1085440K
  class space    used 5549K, capacity 6017K, committed 6064K, reserved 1048576K
Event: 46.092 GC heap after
Heap after GC invocations=10 (full 2):
 PSYoungGen      total 206848K, used 7853K [0x000000076b500000, 0x0000000779300000, 0x00000007c0000000)
  eden space 198656K, 0% used [0x000000076b500000,0x000000076b500000,0x0000000777700000)
  from space 8192K, 95% used [0x0000000778b00000,0x00000007792ab760,0x0000000779300000)
  to   space 11264K, 0% used [0x0000000777d00000,0x0000000777d00000,0x0000000778800000)
 ParOldGen       total 151040K, used 14606K [0x00000006c1e00000, 0x00000006cb180000, 0x000000076b500000)
  object space 151040K, 9% used [0x00000006c1e00000,0x00000006c2c43828,0x00000006cb180000)
 Metaspace       used 40278K, capacity 42768K, committed 42920K, reserved 1085440K
  class space    used 5549K, capacity 6017K, committed 6064K, reserved 1048576K
}

