# JRE version: Java(TM) SE Runtime Environment (8.0_131-b11) (build 1.8.0_131-b11)
# Java VM: Java HotSpot(TM) 64-Bit Server VM (25.131-b11 mixed mode windows-amd64 compressed oops)
Heap:
 PSYoungGen      total 100352K, used 63517K [0x000000076b500000, 0x0000000774a80000, 0x00000007c0000000)
  eden space 89600K, 70% used [0x000000076b500000,0x000000076f307738,0x0000000770c80000)
  from space 10752K, 0% used [0x0000000770c80000,0x0000000770c80000,0x0000000771700000)
  to   space 12288K, 0% used [0x0000000773e80000,0x0000000773e80000,0x0000000774a80000)
 ParOldGen       total 191488K, used 16181K [0x00000006c1e00000, 0x00000006cd900000, 0x000000076b500000)
  object space 191488K, 8% used [0x00000006c1e00000,0x00000006c2dcd5a0,0x00000006cd900000)
 Metaspace       used 39639K, capacity 42102K, committed 42368K, reserved 1085440K
  class space    used 5533K, capacity 5988K, committed 6016K, reserved 1048576K
GC Heap History (10 events):
Event: 2.039 GC heap before
{Heap before GC invocations=3 (full 1):
 PSYoungGen      total 76288K, used 10745K [0x000000076b500000, 0x0000000770a00000, 0x00000007c0000000)
  eden space 65536K, 0% used [0x000000076b500000,0x000000076b500000,0x000000076f500000)
  from space 10752K, 99% used [0x000000076ff80000,0x00000007709fe568,0x0000000770a00000)
  to   space 10752K, 0% used [0x000000076f500000,0x000000076f500000,0x000000076ff80000)
 ParOldGen       total 175104K, used 874K [0x00000006c1e00000, 0x00000006cc900000, 0x000000076b500000)
  object space 175104K, 0% used [0x00000006c1e00000,0x00000006c1eda9b8,0x00000006cc900000)
 Metaspace       used 20196K, capacity 21242K, committed 21296K, reserved 1067008K
  class space    used 2686K, capacity 2941K, committed 2944K, reserved 1048576K
Event: 2.066 GC heap after
Heap after GC invocations=3 (full 1):
 PSYoungGen      total 76288K, used 0K [0x000000076b500000, 0x0000000770a00000, 0x00000007c0000000)
  eden space 65536K, 0% used [0x000000076b500000,0x000000076b500000,0x000000076f500000)
  from space 10752K, 0% used [0x000000076ff80000,0x000000076ff80000,0x0000000770a00000)
  to   space 10752K, 0% used [0x000000076f500000,0x000000076f500000,0x000000076ff80000)
 ParOldGen       total 116736K, used 11239K [0x00000006c1e00000, 0x00000006c9000000, 0x000000076b500000)
  object space 116736K, 9% used [0x00000006c1e00000,0x00000006c28f9db8,0x00000006c9000000)
 Metaspace       used 20196K, capacity 21242K, committed 21296K, reserved 1067008K
  class space    used 2686K, capacity 2941K, committed 2944K, reserved 1048576K
}
Event: 2.689 GC heap before
{Heap before GC invocations=4 (full 1):
 PSYoungGen      total 76288K, used 65536K [0x000000076b500000, 0x0000000770a00000, 0x00000007c0000000)
  eden space 65536K, 100% used [0x000000076b500000,0x000000076f500000,0x000000076f500000)
  from space 10752K, 0% used [0x000000076ff80000,0x000000076ff80000,0x0000000770a00000)
  to   space 10752K, 0% used [0x000000076f500000,0x000000076f500000,0x000000076ff80000)
 ParOldGen       total 116736K, used 11239K [0x00000006c1e00000, 0x00000006c9000000, 0x000000076b500000)
  object space 116736K, 9% used [0x00000006c1e00000,0x00000006c28f9db8,0x00000006c9000000)
 Metaspace       used 24329K, capacity 26010K, committed 26240K, reserved 1071104K
  class space    used 3344K, capacity 3641K, committed 3712K, reserved 1048576K
Event: 2.693 GC heap after
Heap after GC invocations=4 (full 1):
 PSYoungGen      total 76288K, used 7117K [0x000000076b500000, 0x0000000772280000, 0x00000007c0000000)
  eden space 65536K, 0% used [0x000000076b500000,0x000000076b500000,0x000000076f500000)
  from space 10752K, 66% used [0x000000076f500000,0x000000076fbf3778,0x000000076ff80000)
  to   space 10752K, 0% used [0x0000000771800000,0x0000000771800000,0x0000000772280000)
 ParOldGen       total 116736K, used 11247K [0x00000006c1e00000, 0x00000006c9000000, 0x000000076b500000)
  object space 116736K, 9% used [0x00000006c1e00000,0x00000006c28fbdb8,0x00000006c9000000)
 Metaspace       used 24329K, capacity 26010K, committed 26240K, reserved 1071104K
  class space    used 3344K, capacity 3641K, committed 3712K, reserved 1048576K
}
Event: 3.753 GC heap before
{Heap before GC invocations=5 (full 1):
 PSYoungGen      total 76288K, used 72653K [0x000000076b500000, 0x0000000772280000, 0x00000007c0000000)
  eden space 65536K, 100% used [0x000000076b500000,0x000000076f500000,0x000000076f500000)
  from space 10752K, 66% used [0x000000076f500000,0x000000076fbf3778,0x000000076ff80000)
  to   space 10752K, 0% used [0x0000000771800000,0x0000000771800000,0x0000000772280000)
 ParOldGen       total 116736K, used 11247K [0x00000006c1e00000, 0x00000006c9000000, 0x000000076b500000)
  object space 116736K, 9% used [0x00000006c1e00000,0x00000006c28fbdb8,0x00000006c9000000)
 Metaspace       used 30464K, capacity 32416K, committed 32768K, reserved 1077248K
  class space    used 4129K, capacity 4482K, committed 4608K, reserved 1048576K
Event: 3.759 GC heap after
Heap after GC invocations=5 (full 1):
 PSYoungGen      total 99328K, used 8644K [0x000000076b500000, 0x0000000772180000, 0x00000007c0000000)
  eden space 89600K, 0% used [0x000000076b500000,0x000000076b500000,0x0000000770c80000)
  from space 9728K, 88% used [0x0000000771800000,0x0000000772071330,0x0000000772180000)
  to   space 10752K, 0% used [0x0000000770c80000,0x0000000770c80000,0x0000000771700000)
 ParOldGen       total 116736K, used 11319K [0x00000006c1e00000, 0x00000006c9000000, 0x000000076b500000)
  object space 116736K, 9% used [0x00000006c1e00000,0x00000006c290ddc8,0x00000006c9000000)
 Metaspace       used 30464K, capacity 32416K, committed 32768K, reserved 1077248K
  class space    used 4129K, capacity 4482K, committed 4608K, reserved 1048576K
}
Event: 4.139 GC heap before
{Heap before GC invocations=6 (full 1):
 PSYoungGen      total 99328K, used 96423K [0x000000076b500000, 0x0000000772180000, 0x00000007c0000000)
  eden space 89600K, 97% used [0x000000076b500000,0x0000000770ab8998,0x0000000770c80000)
  from space 9728K, 88% used [0x0000000771800000,0x0000000772071330,0x0000000772180000)
  to   space 10752K, 0% used [0x0000000770c80000,0x0000000770c80000,0x0000000771700000)
 ParOldGen       total 116736K, used 11319K [0x00000006c1e00000, 0x00000006c9000000, 0x000000076b500000)
  object space 116736K, 9% used [0x00000006c1e00000,0x00000006c290ddc8,0x00000006c9000000)
 Metaspace       used 33139K, capacity 35394K, committed 35496K, reserved 1079296K
  class space    used 4452K, capacity 4849K, committed 4864K, reserved 1048576K
Event: 4.146 GC heap after
Heap after GC invocations=6 (full 1):
 PSYoungGen      total 100352K, used 9868K [0x000000076b500000, 0x0000000774a80000, 0x00000007c0000000)
  eden space 89600K, 0% used [0x000000076b500000,0x000000076b500000,0x0000000770c80000)
  from space 10752K, 91% used [0x0000000770c80000,0x00000007716231d8,0x0000000771700000)
  to   space 12288K, 0% used [0x0000000773e80000,0x0000000773e80000,0x0000000774a80000)
 ParOldGen       total 116736K, used 11327K [0x00000006c1e00000, 0x00000006c9000000, 0x000000076b500000)
  object space 116736K, 9% used [0x00000006c1e00000,0x00000006c290fdc8,0x00000006c9000000)
 Metaspace       used 33139K, capacity 35394K, committed 35496K, reserved 1079296K
  class space    used 4452K, capacity 4849K, committed 4864K, reserved 1048576K
}
Event: 4.146 GC heap before
{Heap before GC invocations=7 (full 2):
 PSYoungGen      total 100352K, used 9868K [0x000000076b500000, 0x0000000774a80000, 0x00000007c0000000)
  eden space 89600K, 0% used [0x000000076b500000,0x000000076b500000,0x0000000770c80000)
  from space 10752K, 91% used [0x0000000770c80000,0x00000007716231d8,0x0000000771700000)
  to   space 12288K, 0% used [0x0000000773e80000,0x0000000773e80000,0x0000000774a80000)
 ParOldGen       total 116736K, used 11327K [0x00000006c1e00000, 0x00000006c9000000, 0x000000076b500000)
  object space 116736K, 9% used [0x00000006c1e00000,0x00000006c290fdc8,0x00000006c9000000)
 Metaspace       used 33139K, capacity 35394K, committed 35496K, reserved 1079296K
  class space    used 4452K, capacity 4849K, committed 4864K, reserved 1048576K
Event: 4.202 GC heap after
Heap after GC invocations=7 (full 2):
 PSYoungGen      total 100352K, used 0K [0x000000076b500000, 0x0000000774a80000, 0x00000007c0000000)
  eden space 89600K, 0% used [0x000000076b500000,0x000000076b500000,0x0000000770c80000)
  from space 10752K, 0% used [0x0000000770c80000,0x0000000770c80000,0x0000000771700000)
  to   space 12288K, 0% used [0x0000000773e80000,0x0000000773e80000,0x0000000774a80000)
 ParOldGen       total 191488K, used 16181K [0x00000006c1e00000, 0x00000006cd900000, 0x000000076b500000)
  object space 191488K, 8% used [0x00000006c1e00000,0x00000006c2dcd5a0,0x00000006cd900000)
 Metaspace       used 33139K, capacity 35394K, committed 35496K, reserved 1079296K
  class space    used 4452K, capacity 4849K, committed 4864K, reserved 1048576K
}

