# JRE version: Java(TM) SE Runtime Environment (8.0_131-b11) (build 1.8.0_131-b11)
# Java VM: Java HotSpot(TM) 64-Bit Server VM (25.131-b11 mixed mode windows-amd64 compressed oops)
Heap:
 PSYoungGen      total 211456K, used 72365K [0x000000076b500000, 0x000000077ef80000, 0x00000007c0000000)
  eden space 198656K, 31% used [0x000000076b500000,0x000000076f2bd700,0x0000000777700000)
  from space 12800K, 71% used [0x0000000777700000,0x0000000777fedd28,0x0000000778380000)
  to   space 12288K, 0% used [0x000000077e380000,0x000000077e380000,0x000000077ef80000)
 ParOldGen       total 130048K, used 15632K [0x00000006c1e00000, 0x00000006c9d00000, 0x000000076b500000)
  object space 130048K, 12% used [0x00000006c1e00000,0x00000006c2d440c8,0x00000006c9d00000)
 Metaspace       used 40222K, capacity 42754K, committed 42920K, reserved 1085440K
  class space    used 5549K, capacity 6016K, committed 6064K, reserved 1048576K
GC Heap History (10 events):
Event: 3.075 GC heap before
{Heap before GC invocations=5 (full 1):
 PSYoungGen      total 76288K, used 65536K [0x000000076b500000, 0x0000000774a00000, 0x00000007c0000000)
  eden space 65536K, 100% used [0x000000076b500000,0x000000076f500000,0x000000076f500000)
  from space 10752K, 0% used [0x000000076f500000,0x000000076f500000,0x000000076ff80000)
  to   space 10752K, 0% used [0x0000000773f80000,0x0000000773f80000,0x0000000774a00000)
 ParOldGen       total 88064K, used 7401K [0x00000006c1e00000, 0x00000006c7400000, 0x000000076b500000)
  object space 88064K, 8% used [0x00000006c1e00000,0x00000006c253a478,0x00000006c7400000)
 Metaspace       used 24306K, capacity 25674K, committed 25904K, reserved 1071104K
  class space    used 3256K, capacity 3531K, committed 3632K, reserved 1048576K
Event: 3.081 GC heap after
Heap after GC invocations=5 (full 1):
 PSYoungGen      total 122880K, used 7103K [0x000000076b500000, 0x0000000774680000, 0x00000007c0000000)
  eden space 115712K, 0% used [0x000000076b500000,0x000000076b500000,0x0000000772600000)
  from space 7168K, 99% used [0x0000000773f80000,0x000000077466fdc8,0x0000000774680000)
  to   space 10752K, 0% used [0x0000000773180000,0x0000000773180000,0x0000000773c00000)
 ParOldGen       total 88064K, used 7409K [0x00000006c1e00000, 0x00000006c7400000, 0x000000076b500000)
  object space 88064K, 8% used [0x00000006c1e00000,0x00000006c253c478,0x00000006c7400000)
 Metaspace       used 24306K, capacity 25674K, committed 25904K, reserved 1071104K
  class space    used 3256K, capacity 3531K, committed 3632K, reserved 1048576K
}
Event: 4.607 GC heap before
{Heap before GC invocations=6 (full 1):
 PSYoungGen      total 122880K, used 122815K [0x000000076b500000, 0x0000000774680000, 0x00000007c0000000)
  eden space 115712K, 100% used [0x000000076b500000,0x0000000772600000,0x0000000772600000)
  from space 7168K, 99% used [0x0000000773f80000,0x000000077466fdc8,0x0000000774680000)
  to   space 10752K, 0% used [0x0000000773180000,0x0000000773180000,0x0000000773c00000)
 ParOldGen       total 88064K, used 7409K [0x00000006c1e00000, 0x00000006c7400000, 0x000000076b500000)
  object space 88064K, 8% used [0x00000006c1e00000,0x00000006c253c478,0x00000006c7400000)
 Metaspace       used 31318K, capacity 33272K, committed 33584K, reserved 1079296K
  class space    used 4181K, capacity 4550K, committed 4656K, reserved 1048576K
Event: 4.614 GC heap after
Heap after GC invocations=6 (full 1):
 PSYoungGen      total 138240K, used 10141K [0x000000076b500000, 0x0000000779000000, 0x00000007c0000000)
  eden space 127488K, 0% used [0x000000076b500000,0x000000076b500000,0x0000000773180000)
  from space 10752K, 94% used [0x0000000773180000,0x0000000773b676a0,0x0000000773c00000)
  to   space 12800K, 0% used [0x0000000778380000,0x0000000778380000,0x0000000779000000)
 ParOldGen       total 88064K, used 7481K [0x00000006c1e00000, 0x00000006c7400000, 0x000000076b500000)
  object space 88064K, 8% used [0x00000006c1e00000,0x00000006c254e488,0x00000006c7400000)
 Metaspace       used 31318K, capacity 33272K, committed 33584K, reserved 1079296K
  class space    used 4181K, capacity 4550K, committed 4656K, reserved 1048576K
}
Event: 4.906 GC heap before
{Heap before GC invocations=7 (full 1):
 PSYoungGen      total 138240K, used 59881K [0x000000076b500000, 0x0000000779000000, 0x00000007c0000000)
  eden space 127488K, 39% used [0x000000076b500000,0x000000076e592f08,0x0000000773180000)
  from space 10752K, 94% used [0x0000000773180000,0x0000000773b676a0,0x0000000773c00000)
  to   space 12800K, 0% used [0x0000000778380000,0x0000000778380000,0x0000000779000000)
 ParOldGen       total 88064K, used 7481K [0x00000006c1e00000, 0x00000006c7400000, 0x000000076b500000)
  object space 88064K, 8% used [0x00000006c1e00000,0x00000006c254e488,0x00000006c7400000)
 Metaspace       used 33246K, capacity 35452K, committed 35496K, reserved 1079296K
  class space    used 4412K, capacity 4780K, committed 4784K, reserved 1048576K
Event: 4.914 GC heap after
Heap after GC invocations=7 (full 1):
 PSYoungGen      total 211456K, used 9447K [0x000000076b500000, 0x000000077a380000, 0x00000007c0000000)
  eden space 198656K, 0% used [0x000000076b500000,0x000000076b500000,0x0000000777700000)
  from space 12800K, 73% used [0x0000000778380000,0x0000000778cb9f08,0x0000000779000000)
  to   space 12800K, 0% used [0x0000000777700000,0x0000000777700000,0x0000000778380000)
 ParOldGen       total 88064K, used 7489K [0x00000006c1e00000, 0x00000006c7400000, 0x000000076b500000)
  object space 88064K, 8% used [0x00000006c1e00000,0x00000006c2550488,0x00000006c7400000)
 Metaspace       used 33246K, capacity 35452K, committed 35496K, reserved 1079296K
  class space    used 4412K, capacity 4780K, committed 4784K, reserved 1048576K
}
Event: 4.914 GC heap before
{Heap before GC invocations=8 (full 2):
 PSYoungGen      total 211456K, used 9447K [0x000000076b500000, 0x000000077a380000, 0x00000007c0000000)
  eden space 198656K, 0% used [0x000000076b500000,0x000000076b500000,0x0000000777700000)
  from space 12800K, 73% used [0x0000000778380000,0x0000000778cb9f08,0x0000000779000000)
  to   space 12800K, 0% used [0x0000000777700000,0x0000000777700000,0x0000000778380000)
 ParOldGen       total 88064K, used 7489K [0x00000006c1e00000, 0x00000006c7400000, 0x000000076b500000)
  object space 88064K, 8% used [0x00000006c1e00000,0x00000006c2550488,0x00000006c7400000)
 Metaspace       used 33246K, capacity 35452K, committed 35496K, reserved 1079296K
  class space    used 4412K, capacity 4780K, committed 4784K, reserved 1048576K
Event: 4.994 GC heap after
Heap after GC invocations=8 (full 2):
 PSYoungGen      total 211456K, used 0K [0x000000076b500000, 0x000000077a380000, 0x00000007c0000000)
  eden space 198656K, 0% used [0x000000076b500000,0x000000076b500000,0x0000000777700000)
  from space 12800K, 0% used [0x0000000778380000,0x0000000778380000,0x0000000779000000)
  to   space 12800K, 0% used [0x0000000777700000,0x0000000777700000,0x0000000778380000)
 ParOldGen       total 130048K, used 15624K [0x00000006c1e00000, 0x00000006c9d00000, 0x000000076b500000)
  object space 130048K, 12% used [0x00000006c1e00000,0x00000006c2d420c8,0x00000006c9d00000)
 Metaspace       used 33246K, capacity 35452K, committed 35496K, reserved 1079296K
  class space    used 4412K, capacity 4780K, committed 4784K, reserved 1048576K
}
Event: 13.215 GC heap before
{Heap before GC invocations=9 (full 2):
 PSYoungGen      total 211456K, used 198656K [0x000000076b500000, 0x000000077a380000, 0x00000007c0000000)
  eden space 198656K, 100% used [0x000000076b500000,0x0000000777700000,0x0000000777700000)
  from space 12800K, 0% used [0x0000000778380000,0x0000000778380000,0x0000000779000000)
  to   space 12800K, 0% used [0x0000000777700000,0x0000000777700000,0x0000000778380000)
 ParOldGen       total 130048K, used 15624K [0x00000006c1e00000, 0x00000006c9d00000, 0x000000076b500000)
  object space 130048K, 12% used [0x00000006c1e00000,0x00000006c2d420c8,0x00000006c9d00000)
 Metaspace       used 40219K, capacity 42690K, committed 42920K, reserved 1085440K
  class space    used 5548K, capacity 6016K, committed 6064K, reserved 1048576K
Event: 13.222 GC heap after
Heap after GC invocations=9 (full 2):
 PSYoungGen      total 211456K, used 9143K [0x000000076b500000, 0x000000077ef80000, 0x00000007c0000000)
  eden space 198656K, 0% used [0x000000076b500000,0x000000076b500000,0x0000000777700000)
  from space 12800K, 71% used [0x0000000777700000,0x0000000777fedd28,0x0000000778380000)
  to   space 12288K, 0% used [0x000000077e380000,0x000000077e380000,0x000000077ef80000)
 ParOldGen       total 130048K, used 15632K [0x00000006c1e00000, 0x00000006c9d00000, 0x000000076b500000)
  object space 130048K, 12% used [0x00000006c1e00000,0x00000006c2d440c8,0x00000006c9d00000)
 Metaspace       used 40219K, capacity 42690K, committed 42920K, reserved 1085440K
  class space    used 5548K, capacity 6016K, committed 6064K, reserved 1048576K
}

