# JRE version: Java(TM) SE Runtime Environment (8.0_131-b11) (build 1.8.0_131-b11)
# Java VM: Java HotSpot(TM) 64-Bit Server VM (25.131-b11 mixed mode windows-amd64 compressed oops)
Heap:
 PSYoungGen      total 220672K, used 80278K [0x000000076b500000, 0x000000077a680000, 0x00000007c0000000)
  eden space 207872K, 38% used [0x000000076b500000,0x0000000770365aa0,0x0000000778000000)
  from space 12800K, 0% used [0x0000000778c80000,0x0000000778c80000,0x0000000779900000)
  to   space 12800K, 0% used [0x0000000778000000,0x0000000778000000,0x0000000778c80000)
 ParOldGen       total 119808K, used 15442K [0x00000006c1e00000, 0x00000006c9300000, 0x000000076b500000)
  object space 119808K, 12% used [0x00000006c1e00000,0x00000006c2d14960,0x00000006c9300000)
 Metaspace       used 40294K, capacity 42772K, committed 42920K, reserved 1085440K
  class space    used 5548K, capacity 6017K, committed 6064K, reserved 1048576K
GC Heap History (10 events):
Event: 2.591 GC heap before
{Heap before GC invocations=4 (full 1):
 PSYoungGen      total 76288K, used 7464K [0x000000076b500000, 0x0000000774a00000, 0x00000007c0000000)
  eden space 65536K, 0% used [0x000000076b500000,0x000000076b500000,0x000000076f500000)
  from space 10752K, 69% used [0x000000076f500000,0x000000076fc4a040,0x000000076ff80000)
  to   space 10752K, 0% used [0x0000000773f80000,0x0000000773f80000,0x0000000774a00000)
 ParOldGen       total 175104K, used 1222K [0x00000006c1e00000, 0x00000006cc900000, 0x000000076b500000)
  object space 175104K, 0% used [0x00000006c1e00000,0x00000006c1f318c0,0x00000006cc900000)
 Metaspace       used 20335K, capacity 21242K, committed 21296K, reserved 1067008K
  class space    used 2637K, capacity 2841K, committed 2864K, reserved 1048576K
Event: 2.623 GC heap after
Heap after GC invocations=4 (full 1):
 PSYoungGen      total 76288K, used 0K [0x000000076b500000, 0x0000000774a00000, 0x00000007c0000000)
  eden space 65536K, 0% used [0x000000076b500000,0x000000076b500000,0x000000076f500000)
  from space 10752K, 0% used [0x000000076f500000,0x000000076f500000,0x000000076ff80000)
  to   space 10752K, 0% used [0x0000000773f80000,0x0000000773f80000,0x0000000774a00000)
 ParOldGen       total 85504K, used 7325K [0x00000006c1e00000, 0x00000006c7180000, 0x000000076b500000)
  object space 85504K, 8% used [0x00000006c1e00000,0x00000006c25275d0,0x00000006c7180000)
 Metaspace       used 20335K, capacity 21242K, committed 21296K, reserved 1067008K
  class space    used 2637K, capacity 2841K, committed 2864K, reserved 1048576K
}
Event: 3.489 GC heap before
{Heap before GC invocations=5 (full 1):
 PSYoungGen      total 76288K, used 65536K [0x000000076b500000, 0x0000000774a00000, 0x00000007c0000000)
  eden space 65536K, 100% used [0x000000076b500000,0x000000076f500000,0x000000076f500000)
  from space 10752K, 0% used [0x000000076f500000,0x000000076f500000,0x000000076ff80000)
  to   space 10752K, 0% used [0x0000000773f80000,0x0000000773f80000,0x0000000774a00000)
 ParOldGen       total 85504K, used 7325K [0x00000006c1e00000, 0x00000006c7180000, 0x000000076b500000)
  object space 85504K, 8% used [0x00000006c1e00000,0x00000006c25275d0,0x00000006c7180000)
 Metaspace       used 24344K, capacity 25668K, committed 25904K, reserved 1071104K
  class space    used 3255K, capacity 3530K, committed 3632K, reserved 1048576K
Event: 3.497 GC heap after
Heap after GC invocations=5 (full 1):
 PSYoungGen      total 125440K, used 7146K [0x000000076b500000, 0x0000000774680000, 0x00000007c0000000)
  eden space 118272K, 0% used [0x000000076b500000,0x000000076b500000,0x0000000772880000)
  from space 7168K, 99% used [0x0000000773f80000,0x000000077467a970,0x0000000774680000)
  to   space 10752K, 0% used [0x0000000773180000,0x0000000773180000,0x0000000773c00000)
 ParOldGen       total 85504K, used 7333K [0x00000006c1e00000, 0x00000006c7180000, 0x000000076b500000)
  object space 85504K, 8% used [0x00000006c1e00000,0x00000006c25295d0,0x00000006c7180000)
 Metaspace       used 24344K, capacity 25668K, committed 25904K, reserved 1071104K
  class space    used 3255K, capacity 3530K, committed 3632K, reserved 1048576K
}
Event: 5.150 GC heap before
{Heap before GC invocations=6 (full 1):
 PSYoungGen      total 125440K, used 125418K [0x000000076b500000, 0x0000000774680000, 0x00000007c0000000)
  eden space 118272K, 100% used [0x000000076b500000,0x0000000772880000,0x0000000772880000)
  from space 7168K, 99% used [0x0000000773f80000,0x000000077467a970,0x0000000774680000)
  to   space 10752K, 0% used [0x0000000773180000,0x0000000773180000,0x0000000773c00000)
 ParOldGen       total 85504K, used 7333K [0x00000006c1e00000, 0x00000006c7180000, 0x000000076b500000)
  object space 85504K, 8% used [0x00000006c1e00000,0x00000006c25295d0,0x00000006c7180000)
 Metaspace       used 31560K, capacity 33532K, committed 33840K, reserved 1079296K
  class space    used 4185K, capacity 4550K, committed 4656K, reserved 1048576K
Event: 5.160 GC heap after
Heap after GC invocations=6 (full 1):
 PSYoungGen      total 138240K, used 10138K [0x000000076b500000, 0x0000000779900000, 0x00000007c0000000)
  eden space 127488K, 0% used [0x000000076b500000,0x000000076b500000,0x0000000773180000)
  from space 10752K, 94% used [0x0000000773180000,0x0000000773b66ad8,0x0000000773c00000)
  to   space 12800K, 0% used [0x0000000778c80000,0x0000000778c80000,0x0000000779900000)
 ParOldGen       total 85504K, used 7405K [0x00000006c1e00000, 0x00000006c7180000, 0x000000076b500000)
  object space 85504K, 8% used [0x00000006c1e00000,0x00000006c253b5e0,0x00000006c7180000)
 Metaspace       used 31560K, capacity 33532K, committed 33840K, reserved 1079296K
  class space    used 4185K, capacity 4550K, committed 4656K, reserved 1048576K
}
Event: 5.493 GC heap before
{Heap before GC invocations=7 (full 1):
 PSYoungGen      total 138240K, used 56799K [0x000000076b500000, 0x0000000779900000, 0x00000007c0000000)
  eden space 127488K, 36% used [0x000000076b500000,0x000000076e2913c0,0x0000000773180000)
  from space 10752K, 94% used [0x0000000773180000,0x0000000773b66ad8,0x0000000773c00000)
  to   space 12800K, 0% used [0x0000000778c80000,0x0000000778c80000,0x0000000779900000)
 ParOldGen       total 85504K, used 7405K [0x00000006c1e00000, 0x00000006c7180000, 0x000000076b500000)
  object space 85504K, 8% used [0x00000006c1e00000,0x00000006c253b5e0,0x00000006c7180000)
 Metaspace       used 33340K, capacity 35440K, committed 35496K, reserved 1079296K
  class space    used 4401K, capacity 4776K, committed 4784K, reserved 1048576K
Event: 5.501 GC heap after
Heap after GC invocations=7 (full 1):
 PSYoungGen      total 220672K, used 9262K [0x000000076b500000, 0x000000077a680000, 0x00000007c0000000)
  eden space 207872K, 0% used [0x000000076b500000,0x000000076b500000,0x0000000778000000)
  from space 12800K, 72% used [0x0000000778c80000,0x000000077958b9e8,0x0000000779900000)
  to   space 12800K, 0% used [0x0000000778000000,0x0000000778000000,0x0000000778c80000)
 ParOldGen       total 85504K, used 7413K [0x00000006c1e00000, 0x00000006c7180000, 0x000000076b500000)
  object space 85504K, 8% used [0x00000006c1e00000,0x00000006c253d5e0,0x00000006c7180000)
 Metaspace       used 33340K, capacity 35440K, committed 35496K, reserved 1079296K
  class space    used 4401K, capacity 4776K, committed 4784K, reserved 1048576K
}
Event: 5.501 GC heap before
{Heap before GC invocations=8 (full 2):
 PSYoungGen      total 220672K, used 9262K [0x000000076b500000, 0x000000077a680000, 0x00000007c0000000)
  eden space 207872K, 0% used [0x000000076b500000,0x000000076b500000,0x0000000778000000)
  from space 12800K, 72% used [0x0000000778c80000,0x000000077958b9e8,0x0000000779900000)
  to   space 12800K, 0% used [0x0000000778000000,0x0000000778000000,0x0000000778c80000)
 ParOldGen       total 85504K, used 7413K [0x00000006c1e00000, 0x00000006c7180000, 0x000000076b500000)
  object space 85504K, 8% used [0x00000006c1e00000,0x00000006c253d5e0,0x00000006c7180000)
 Metaspace       used 33340K, capacity 35440K, committed 35496K, reserved 1079296K
  class space    used 4401K, capacity 4776K, committed 4784K, reserved 1048576K
Event: 5.570 GC heap after
Heap after GC invocations=8 (full 2):
 PSYoungGen      total 220672K, used 0K [0x000000076b500000, 0x000000077a680000, 0x00000007c0000000)
  eden space 207872K, 0% used [0x000000076b500000,0x000000076b500000,0x0000000778000000)
  from space 12800K, 0% used [0x0000000778c80000,0x0000000778c80000,0x0000000779900000)
  to   space 12800K, 0% used [0x0000000778000000,0x0000000778000000,0x0000000778c80000)
 ParOldGen       total 119808K, used 15442K [0x00000006c1e00000, 0x00000006c9300000, 0x000000076b500000)
  object space 119808K, 12% used [0x00000006c1e00000,0x00000006c2d14960,0x00000006c9300000)
 Metaspace       used 33340K, capacity 35440K, committed 35496K, reserved 1079296K
  class space    used 4401K, capacity 4776K, committed 4784K, reserved 1048576K
}

