# JRE version: Java(TM) SE Runtime Environment (8.0_131-b11) (build 1.8.0_131-b11)
# Java VM: Java HotSpot(TM) 64-Bit Server VM (25.131-b11 mixed mode windows-amd64 compressed oops)
Heap:
 PSYoungGen      total 236032K, used 47060K [0x000000076b500000, 0x0000000782e80000, 0x00000007c0000000)
  eden space 223232K, 17% used [0x000000076b500000,0x000000076da21d70,0x0000000778f00000)
  from space 12800K, 70% used [0x0000000778f00000,0x00000007797d3440,0x0000000779b80000)
  to   space 12288K, 0% used [0x0000000782280000,0x0000000782280000,0x0000000782e80000)
 ParOldGen       total 113152K, used 15639K [0x00000006c1e00000, 0x00000006c8c80000, 0x000000076b500000)
  object space 113152K, 13% used [0x00000006c1e00000,0x00000006c2d45c38,0x00000006c8c80000)
 Metaspace       used 40300K, capacity 42817K, committed 42920K, reserved 1085440K
  class space    used 5549K, capacity 6016K, committed 6064K, reserved 1048576K
GC Heap History (10 events):
Event: 3.169 GC heap before
{Heap before GC invocations=5 (full 1):
 PSYoungGen      total 76288K, used 65536K [0x000000076b500000, 0x0000000774a00000, 0x00000007c0000000)
  eden space 65536K, 100% used [0x000000076b500000,0x000000076f500000,0x000000076f500000)
  from space 10752K, 0% used [0x000000076f500000,0x000000076f500000,0x000000076ff80000)
  to   space 10752K, 0% used [0x0000000773f80000,0x0000000773f80000,0x0000000774a00000)
 ParOldGen       total 81920K, used 7200K [0x00000006c1e00000, 0x00000006c6e00000, 0x000000076b500000)
  object space 81920K, 8% used [0x00000006c1e00000,0x00000006c25080c8,0x00000006c6e00000)
 Metaspace       used 24260K, capacity 25584K, committed 25904K, reserved 1071104K
  class space    used 3235K, capacity 3522K, committed 3632K, reserved 1048576K
Event: 3.176 GC heap after
Heap after GC invocations=5 (full 1):
 PSYoungGen      total 129536K, used 7247K [0x000000076b500000, 0x0000000774700000, 0x00000007c0000000)
  eden space 121856K, 0% used [0x000000076b500000,0x000000076b500000,0x0000000772c00000)
  from space 7680K, 94% used [0x0000000773f80000,0x0000000774693ee8,0x0000000774700000)
  to   space 10752K, 0% used [0x0000000773200000,0x0000000773200000,0x0000000773c80000)
 ParOldGen       total 81920K, used 7208K [0x00000006c1e00000, 0x00000006c6e00000, 0x000000076b500000)
  object space 81920K, 8% used [0x00000006c1e00000,0x00000006c250a0c8,0x00000006c6e00000)
 Metaspace       used 24260K, capacity 25584K, committed 25904K, reserved 1071104K
  class space    used 3235K, capacity 3522K, committed 3632K, reserved 1048576K
}
Event: 4.606 GC heap before
{Heap before GC invocations=6 (full 1):
 PSYoungGen      total 129536K, used 129103K [0x000000076b500000, 0x0000000774700000, 0x00000007c0000000)
  eden space 121856K, 100% used [0x000000076b500000,0x0000000772c00000,0x0000000772c00000)
  from space 7680K, 94% used [0x0000000773f80000,0x0000000774693ee8,0x0000000774700000)
  to   space 10752K, 0% used [0x0000000773200000,0x0000000773200000,0x0000000773c80000)
 ParOldGen       total 81920K, used 7208K [0x00000006c1e00000, 0x00000006c6e00000, 0x000000076b500000)
  object space 81920K, 8% used [0x00000006c1e00000,0x00000006c250a0c8,0x00000006c6e00000)
 Metaspace       used 31398K, capacity 33400K, committed 33584K, reserved 1079296K
  class space    used 4173K, capacity 4550K, committed 4656K, reserved 1048576K
Event: 4.616 GC heap after
Heap after GC invocations=6 (full 1):
 PSYoungGen      total 138752K, used 10342K [0x000000076b500000, 0x000000077a880000, 0x00000007c0000000)
  eden space 128000K, 0% used [0x000000076b500000,0x000000076b500000,0x0000000773200000)
  from space 10752K, 96% used [0x0000000773200000,0x0000000773c199b8,0x0000000773c80000)
  to   space 13312K, 0% used [0x0000000779b80000,0x0000000779b80000,0x000000077a880000)
 ParOldGen       total 81920K, used 7280K [0x00000006c1e00000, 0x00000006c6e00000, 0x000000076b500000)
  object space 81920K, 8% used [0x00000006c1e00000,0x00000006c251c0d8,0x00000006c6e00000)
 Metaspace       used 31398K, capacity 33400K, committed 33584K, reserved 1079296K
  class space    used 4173K, capacity 4550K, committed 4656K, reserved 1048576K
}
Event: 4.875 GC heap before
{Heap before GC invocations=7 (full 1):
 PSYoungGen      total 138752K, used 54907K [0x000000076b500000, 0x000000077a880000, 0x00000007c0000000)
  eden space 128000K, 34% used [0x000000076b500000,0x000000076e0852d0,0x0000000773200000)
  from space 10752K, 96% used [0x0000000773200000,0x0000000773c199b8,0x0000000773c80000)
  to   space 13312K, 0% used [0x0000000779b80000,0x0000000779b80000,0x000000077a880000)
 ParOldGen       total 81920K, used 7280K [0x00000006c1e00000, 0x00000006c6e00000, 0x000000076b500000)
  object space 81920K, 8% used [0x00000006c1e00000,0x00000006c251c0d8,0x00000006c6e00000)
 Metaspace       used 33329K, capacity 35465K, committed 35496K, reserved 1079296K
  class space    used 4409K, capacity 4784K, committed 4784K, reserved 1048576K
Event: 4.881 GC heap after
Heap after GC invocations=7 (full 1):
 PSYoungGen      total 236544K, used 9550K [0x000000076b500000, 0x000000077af80000, 0x00000007c0000000)
  eden space 223232K, 0% used [0x000000076b500000,0x000000076b500000,0x0000000778f00000)
  from space 13312K, 71% used [0x0000000779b80000,0x000000077a4d3978,0x000000077a880000)
  to   space 12800K, 0% used [0x0000000778f00000,0x0000000778f00000,0x0000000779b80000)
 ParOldGen       total 81920K, used 7288K [0x00000006c1e00000, 0x00000006c6e00000, 0x000000076b500000)
  object space 81920K, 8% used [0x00000006c1e00000,0x00000006c251e0d8,0x00000006c6e00000)
 Metaspace       used 33329K, capacity 35465K, committed 35496K, reserved 1079296K
  class space    used 4409K, capacity 4784K, committed 4784K, reserved 1048576K
}
Event: 4.881 GC heap before
{Heap before GC invocations=8 (full 2):
 PSYoungGen      total 236544K, used 9550K [0x000000076b500000, 0x000000077af80000, 0x00000007c0000000)
  eden space 223232K, 0% used [0x000000076b500000,0x000000076b500000,0x0000000778f00000)
  from space 13312K, 71% used [0x0000000779b80000,0x000000077a4d3978,0x000000077a880000)
  to   space 12800K, 0% used [0x0000000778f00000,0x0000000778f00000,0x0000000779b80000)
 ParOldGen       total 81920K, used 7288K [0x00000006c1e00000, 0x00000006c6e00000, 0x000000076b500000)
  object space 81920K, 8% used [0x00000006c1e00000,0x00000006c251e0d8,0x00000006c6e00000)
 Metaspace       used 33329K, capacity 35465K, committed 35496K, reserved 1079296K
  class space    used 4409K, capacity 4784K, committed 4784K, reserved 1048576K
Event: 4.953 GC heap after
Heap after GC invocations=8 (full 2):
 PSYoungGen      total 236544K, used 0K [0x000000076b500000, 0x000000077af80000, 0x00000007c0000000)
  eden space 223232K, 0% used [0x000000076b500000,0x000000076b500000,0x0000000778f00000)
  from space 13312K, 0% used [0x0000000779b80000,0x0000000779b80000,0x000000077a880000)
  to   space 12800K, 0% used [0x0000000778f00000,0x0000000778f00000,0x0000000779b80000)
 ParOldGen       total 113152K, used 15631K [0x00000006c1e00000, 0x00000006c8c80000, 0x000000076b500000)
  object space 113152K, 13% used [0x00000006c1e00000,0x00000006c2d43c38,0x00000006c8c80000)
 Metaspace       used 33329K, capacity 35465K, committed 35496K, reserved 1079296K
  class space    used 4409K, capacity 4784K, committed 4784K, reserved 1048576K
}
Event: 77.649 GC heap before
{Heap before GC invocations=9 (full 2):
 PSYoungGen      total 236544K, used 223232K [0x000000076b500000, 0x000000077af80000, 0x00000007c0000000)
  eden space 223232K, 100% used [0x000000076b500000,0x0000000778f00000,0x0000000778f00000)
  from space 13312K, 0% used [0x0000000779b80000,0x0000000779b80000,0x000000077a880000)
  to   space 12800K, 0% used [0x0000000778f00000,0x0000000778f00000,0x0000000779b80000)
 ParOldGen       total 113152K, used 15631K [0x00000006c1e00000, 0x00000006c8c80000, 0x000000076b500000)
  object space 113152K, 13% used [0x00000006c1e00000,0x00000006c2d43c38,0x00000006c8c80000)
 Metaspace       used 40294K, capacity 42753K, committed 42920K, reserved 1085440K
  class space    used 5547K, capacity 6016K, committed 6064K, reserved 1048576K
Event: 77.657 GC heap after
Heap after GC invocations=9 (full 2):
 PSYoungGen      total 236032K, used 9037K [0x000000076b500000, 0x0000000782e80000, 0x00000007c0000000)
  eden space 223232K, 0% used [0x000000076b500000,0x000000076b500000,0x0000000778f00000)
  from space 12800K, 70% used [0x0000000778f00000,0x00000007797d3440,0x0000000779b80000)
  to   space 12288K, 0% used [0x0000000782280000,0x0000000782280000,0x0000000782e80000)
 ParOldGen       total 113152K, used 15639K [0x00000006c1e00000, 0x00000006c8c80000, 0x000000076b500000)
  object space 113152K, 13% used [0x00000006c1e00000,0x00000006c2d45c38,0x00000006c8c80000)
 Metaspace       used 40294K, capacity 42753K, committed 42920K, reserved 1085440K
  class space    used 5547K, capacity 6016K, committed 6064K, reserved 1048576K
}

