# JRE version: Java(TM) SE Runtime Environment (8.0_131-b11) (build 1.8.0_131-b11)
# Java VM: Java HotSpot(TM) 64-Bit Server VM (25.131-b11 mixed mode windows-amd64 compressed oops)
Heap:
 PSYoungGen      total 139776K, used 76472K [0x000000076b500000, 0x0000000776600000, 0x00000007c0000000)
  eden space 128000K, 59% used [0x000000076b500000,0x000000076ffae2f0,0x0000000773200000)
  from space 11776K, 0% used [0x0000000773d80000,0x0000000773d80000,0x0000000774900000)
  to   space 11776K, 0% used [0x0000000773200000,0x0000000773200000,0x0000000773d80000)
 ParOldGen       total 154112K, used 14646K [0x00000006c1e00000, 0x00000006cb480000, 0x000000076b500000)
  object space 154112K, 9% used [0x00000006c1e00000,0x00000006c2c4d9d8,0x00000006cb480000)
 Metaspace       used 40281K, capacity 42772K, committed 42920K, reserved 1085440K
  class space    used 5547K, capacity 6017K, committed 6064K, reserved 1048576K
GC Heap History (10 events):
Event: 2.954 GC heap before
{Heap before GC invocations=4 (full 1):
 PSYoungGen      total 76288K, used 65536K [0x000000076b500000, 0x0000000770a00000, 0x00000007c0000000)
  eden space 65536K, 100% used [0x000000076b500000,0x000000076f500000,0x000000076f500000)
  from space 10752K, 0% used [0x000000076ff80000,0x000000076ff80000,0x0000000770a00000)
  to   space 10752K, 0% used [0x000000076f500000,0x000000076f500000,0x000000076ff80000)
 ParOldGen       total 116736K, used 11432K [0x00000006c1e00000, 0x00000006c9000000, 0x000000076b500000)
  object space 116736K, 9% used [0x00000006c1e00000,0x00000006c292a180,0x00000006c9000000)
 Metaspace       used 24278K, capacity 25592K, committed 25904K, reserved 1071104K
  class space    used 3243K, capacity 3522K, committed 3632K, reserved 1048576K
Event: 2.959 GC heap after
Heap after GC invocations=4 (full 1):
 PSYoungGen      total 76288K, used 7229K [0x000000076b500000, 0x0000000772300000, 0x00000007c0000000)
  eden space 65536K, 0% used [0x000000076b500000,0x000000076b500000,0x000000076f500000)
  from space 10752K, 67% used [0x000000076f500000,0x000000076fc0f638,0x000000076ff80000)
  to   space 10752K, 0% used [0x0000000771880000,0x0000000771880000,0x0000000772300000)
 ParOldGen       total 116736K, used 11440K [0x00000006c1e00000, 0x00000006c9000000, 0x000000076b500000)
  object space 116736K, 9% used [0x00000006c1e00000,0x00000006c292c180,0x00000006c9000000)
 Metaspace       used 24278K, capacity 25592K, committed 25904K, reserved 1071104K
  class space    used 3243K, capacity 3522K, committed 3632K, reserved 1048576K
}
Event: 4.151 GC heap before
{Heap before GC invocations=5 (full 1):
 PSYoungGen      total 76288K, used 72765K [0x000000076b500000, 0x0000000772300000, 0x00000007c0000000)
  eden space 65536K, 100% used [0x000000076b500000,0x000000076f500000,0x000000076f500000)
  from space 10752K, 67% used [0x000000076f500000,0x000000076fc0f638,0x000000076ff80000)
  to   space 10752K, 0% used [0x0000000771880000,0x0000000771880000,0x0000000772300000)
 ParOldGen       total 116736K, used 11440K [0x00000006c1e00000, 0x00000006c9000000, 0x000000076b500000)
  object space 116736K, 9% used [0x00000006c1e00000,0x00000006c292c180,0x00000006c9000000)
 Metaspace       used 29742K, capacity 31644K, committed 31792K, reserved 1077248K
  class space    used 3965K, capacity 4310K, committed 4400K, reserved 1048576K
Event: 4.158 GC heap after
Heap after GC invocations=5 (full 1):
 PSYoungGen      total 99840K, used 8883K [0x000000076b500000, 0x0000000772200000, 0x00000007c0000000)
  eden space 90112K, 0% used [0x000000076b500000,0x000000076b500000,0x0000000770d00000)
  from space 9728K, 91% used [0x0000000771880000,0x000000077212ccd0,0x0000000772200000)
  to   space 10752K, 0% used [0x0000000770d00000,0x0000000770d00000,0x0000000771780000)
 ParOldGen       total 116736K, used 11448K [0x00000006c1e00000, 0x00000006c9000000, 0x000000076b500000)
  object space 116736K, 9% used [0x00000006c1e00000,0x00000006c292e180,0x00000006c9000000)
 Metaspace       used 29742K, capacity 31644K, committed 31792K, reserved 1077248K
  class space    used 3965K, capacity 4310K, committed 4400K, reserved 1048576K
}
Event: 4.590 GC heap before
{Heap before GC invocations=6 (full 1):
 PSYoungGen      total 99840K, used 98995K [0x000000076b500000, 0x0000000772200000, 0x00000007c0000000)
  eden space 90112K, 100% used [0x000000076b500000,0x0000000770d00000,0x0000000770d00000)
  from space 9728K, 91% used [0x0000000771880000,0x000000077212ccd0,0x0000000772200000)
  to   space 10752K, 0% used [0x0000000770d00000,0x0000000770d00000,0x0000000771780000)
 ParOldGen       total 116736K, used 11448K [0x00000006c1e00000, 0x00000006c9000000, 0x000000076b500000)
  object space 116736K, 9% used [0x00000006c1e00000,0x00000006c292e180,0x00000006c9000000)
 Metaspace       used 32939K, capacity 35126K, committed 35248K, reserved 1079296K
  class space    used 4352K, capacity 4735K, committed 4784K, reserved 1048576K
Event: 4.596 GC heap after
Heap after GC invocations=6 (full 1):
 PSYoungGen      total 100864K, used 9281K [0x000000076b500000, 0x0000000774900000, 0x00000007c0000000)
  eden space 90112K, 0% used [0x000000076b500000,0x000000076b500000,0x0000000770d00000)
  from space 10752K, 86% used [0x0000000770d00000,0x0000000771610640,0x0000000771780000)
  to   space 11776K, 0% used [0x0000000773d80000,0x0000000773d80000,0x0000000774900000)
 ParOldGen       total 116736K, used 11520K [0x00000006c1e00000, 0x00000006c9000000, 0x000000076b500000)
  object space 116736K, 9% used [0x00000006c1e00000,0x00000006c2940190,0x00000006c9000000)
 Metaspace       used 32939K, capacity 35126K, committed 35248K, reserved 1079296K
  class space    used 4352K, capacity 4735K, committed 4784K, reserved 1048576K
}
Event: 4.641 GC heap before
{Heap before GC invocations=7 (full 1):
 PSYoungGen      total 100864K, used 14441K [0x000000076b500000, 0x0000000774900000, 0x00000007c0000000)
  eden space 90112K, 5% used [0x000000076b500000,0x000000076ba09fe0,0x0000000770d00000)
  from space 10752K, 86% used [0x0000000770d00000,0x0000000771610640,0x0000000771780000)
  to   space 11776K, 0% used [0x0000000773d80000,0x0000000773d80000,0x0000000774900000)
 ParOldGen       total 116736K, used 11520K [0x00000006c1e00000, 0x00000006c9000000, 0x000000076b500000)
  object space 116736K, 9% used [0x00000006c1e00000,0x00000006c2940190,0x00000006c9000000)
 Metaspace       used 33351K, capacity 35454K, committed 35496K, reserved 1079296K
  class space    used 4406K, capacity 4779K, committed 4784K, reserved 1048576K
Event: 4.647 GC heap after
Heap after GC invocations=7 (full 1):
 PSYoungGen      total 139776K, used 8484K [0x000000076b500000, 0x0000000776600000, 0x00000007c0000000)
  eden space 128000K, 0% used [0x000000076b500000,0x000000076b500000,0x0000000773200000)
  from space 11776K, 72% used [0x0000000773d80000,0x00000007745c91c0,0x0000000774900000)
  to   space 11776K, 0% used [0x0000000773200000,0x0000000773200000,0x0000000773d80000)
 ParOldGen       total 116736K, used 11528K [0x00000006c1e00000, 0x00000006c9000000, 0x000000076b500000)
  object space 116736K, 9% used [0x00000006c1e00000,0x00000006c2942190,0x00000006c9000000)
 Metaspace       used 33351K, capacity 35454K, committed 35496K, reserved 1079296K
  class space    used 4406K, capacity 4779K, committed 4784K, reserved 1048576K
}
Event: 4.647 GC heap before
{Heap before GC invocations=8 (full 2):
 PSYoungGen      total 139776K, used 8484K [0x000000076b500000, 0x0000000776600000, 0x00000007c0000000)
  eden space 128000K, 0% used [0x000000076b500000,0x000000076b500000,0x0000000773200000)
  from space 11776K, 72% used [0x0000000773d80000,0x00000007745c91c0,0x0000000774900000)
  to   space 11776K, 0% used [0x0000000773200000,0x0000000773200000,0x0000000773d80000)
 ParOldGen       total 116736K, used 11528K [0x00000006c1e00000, 0x00000006c9000000, 0x000000076b500000)
  object space 116736K, 9% used [0x00000006c1e00000,0x00000006c2942190,0x00000006c9000000)
 Metaspace       used 33351K, capacity 35454K, committed 35496K, reserved 1079296K
  class space    used 4406K, capacity 4779K, committed 4784K, reserved 1048576K
Event: 4.704 GC heap after
Heap after GC invocations=8 (full 2):
 PSYoungGen      total 139776K, used 0K [0x000000076b500000, 0x0000000776600000, 0x00000007c0000000)
  eden space 128000K, 0% used [0x000000076b500000,0x000000076b500000,0x0000000773200000)
  from space 11776K, 0% used [0x0000000773d80000,0x0000000773d80000,0x0000000774900000)
  to   space 11776K, 0% used [0x0000000773200000,0x0000000773200000,0x0000000773d80000)
 ParOldGen       total 154112K, used 14646K [0x00000006c1e00000, 0x00000006cb480000, 0x000000076b500000)
  object space 154112K, 9% used [0x00000006c1e00000,0x00000006c2c4d9d8,0x00000006cb480000)
 Metaspace       used 33351K, capacity 35454K, committed 35496K, reserved 1079296K
  class space    used 4406K, capacity 4779K, committed 4784K, reserved 1048576K
}

